2022-07-13 20:26:55 error: [GET] /api/user/shopping-lists >> StatusCode:: 500, Message:: select `shopping_lists`.`id` as `id`, `shopping_lists`.`uuid` as `uuid`, `shopping_lists`.`name` as `name`, `shopping_lists`.`slug` as `slug`, `shopping_lists`.`user_id` as `user_id`, `shopping_lists`.`created_at` as `created_at`, `shopping_lists`.`updated_at` as `updated_at`, `owner`.`id` as `owner:id`, `owner`.`uuid` as `owner:uuid`, `owner`.`email` as `owner:email`, `owner`.`password` as `owner:password`, `owner`.`first_name` as `owner:first_name`, `owner`.`last_name` as `owner:last_name`, `owner`.`user_type_id` as `owner:user_type_id`, `owner`.`created_at` as `owner:created_at`, `owner`.`updated_at` as `owner:updated_at`, `items`.`id` as `items:id`, `items`.`uuid` as `items:uuid`, `items`.`code` as `items:code`, `items`.`slug` as `items:slug`, `items`.`name` as `items:name`, `items`.`description` as `items:description`, `items`.`price` as `items:price`, `items`.`availability` as `items:availability`, `items`.`created_at` as `items:created_at`, `items`.`updated_at` as `items:updated_at`, `items_join`.`name` as `items:name` from `shopping_lists` left join `users` as `owner` on `owner`.`id` = `shopping_lists`.`user_id` left join `shopping_list_items` as `items_join` on `items_join`.`shopping_list_id` = `shopping_lists`.`id` left join `products` as `items` on `items_join`.`product_id` = `items`.`id` where `user_id` = 23 - ER_BAD_FIELD_ERROR: Unknown column 'items_join.name' in 'field list'
2022-07-13 20:28:23 error: [GET] /api/user/shopping-lists >> StatusCode:: 500, Message:: select `shopping_lists`.`id` as `id`, `shopping_lists`.`uuid` as `uuid`, `shopping_lists`.`name` as `name`, `shopping_lists`.`slug` as `slug`, `shopping_lists`.`user_id` as `user_id`, `shopping_lists`.`created_at` as `created_at`, `shopping_lists`.`updated_at` as `updated_at`, `owner`.`id` as `owner:id`, `owner`.`uuid` as `owner:uuid`, `owner`.`email` as `owner:email`, `owner`.`password` as `owner:password`, `owner`.`first_name` as `owner:first_name`, `owner`.`last_name` as `owner:last_name`, `owner`.`user_type_id` as `owner:user_type_id`, `owner`.`created_at` as `owner:created_at`, `owner`.`updated_at` as `owner:updated_at`, `items`.`id` as `items:id`, `items`.`uuid` as `items:uuid`, `items`.`code` as `items:code`, `items`.`slug` as `items:slug`, `items`.`name` as `items:name`, `items`.`description` as `items:description`, `items`.`price` as `items:price`, `items`.`availability` as `items:availability`, `items`.`created_at` as `items:created_at`, `items`.`updated_at` as `items:updated_at`, `items_join`.`products`.`name` as `items:name` from `shopping_lists` left join `users` as `owner` on `owner`.`id` = `shopping_lists`.`user_id` left join `shopping_list_items` as `items_join` on `items_join`.`shopping_list_id` = `shopping_lists`.`id` left join `products` as `items` on `items_join`.`product_id` = `items`.`id` where `user_id` = 23 - ER_BAD_FIELD_ERROR: Unknown column 'items_join.products.name' in 'field list'
2022-07-13 20:29:20 error: [GET] /api/user/shopping-lists >> StatusCode:: 500, Message:: select `shopping_lists`.`id` as `id`, `shopping_lists`.`uuid` as `uuid`, `shopping_lists`.`name` as `name`, `shopping_lists`.`slug` as `slug`, `shopping_lists`.`user_id` as `user_id`, `shopping_lists`.`created_at` as `created_at`, `shopping_lists`.`updated_at` as `updated_at`, `owner`.`id` as `owner:id`, `owner`.`uuid` as `owner:uuid`, `owner`.`email` as `owner:email`, `owner`.`password` as `owner:password`, `owner`.`first_name` as `owner:first_name`, `owner`.`last_name` as `owner:last_name`, `owner`.`user_type_id` as `owner:user_type_id`, `owner`.`created_at` as `owner:created_at`, `owner`.`updated_at` as `owner:updated_at`, `items`.`id` as `items:id`, `items`.`uuid` as `items:uuid`, `items`.`code` as `items:code`, `items`.`slug` as `items:slug`, `items`.`name` as `items:name`, `items`.`description` as `items:description`, `items`.`price` as `items:price`, `items`.`availability` as `items:availability`, `items`.`created_at` as `items:created_at`, `items`.`updated_at` as `items:updated_at`, `items_join`.`name` as `items:name` from `shopping_lists` left join `users` as `owner` on `owner`.`id` = `shopping_lists`.`user_id` left join `shopping_list_items` as `items_join` on `items_join`.`shopping_list_id` = `shopping_lists`.`id` left join `products` as `items` on `items_join`.`product_id` = `items`.`id` where `user_id` = 23 - ER_BAD_FIELD_ERROR: Unknown column 'items_join.name' in 'field list'
2022-07-13 21:40:35 error: uncaughtException: Cannot find module '@/dtos/shopping-list-item/create-shopping-list-item.dto'
Require stack:
- D:\Programming\Angular\ngrx\server\src\routes\shopping-list-item.route.ts
- D:\Programming\Angular\ngrx\server\src\server.ts
Error: Cannot find module '@/dtos/shopping-list-item/create-shopping-list-item.dto'
Require stack:
- D:\Programming\Angular\ngrx\server\src\routes\shopping-list-item.route.ts
- D:\Programming\Angular\ngrx\server\src\server.ts
    at Function.Module._resolveFilename (internal/modules/cjs/loader.js:885:15)
    at Function.Module._resolveFilename.sharedData.moduleResolveFilenameHook.installedValue (D:\Programming\Angular\ngrx\server\node_modules\@cspotcode\source-map-support\source-map-support.js:811:30)
    at Function.Module._resolveFilename (D:\Programming\Angular\ngrx\server\node_modules\tsconfig-paths\src\register.ts:90:36)
    at Function.Module._load (internal/modules/cjs/loader.js:730:27)
    at Module.require (internal/modules/cjs/loader.js:957:19)
    at require (internal/modules/cjs/helpers.js:88:18)
    at Object.<anonymous> (D:\Programming\Angular\ngrx\server\src\routes\shopping-list-item.route.ts:2:1)
    at Module._compile (internal/modules/cjs/loader.js:1068:30)
    at Module.m._compile (D:\Programming\Angular\ngrx\server\node_modules\ts-node\src\index.ts:1597:23)
    at Module._extensions..js (internal/modules/cjs/loader.js:1097:10)
2022-07-13 21:40:47 error: uncaughtException: Cannot find module '@/dtos/shopping-list-item/create-shopping-list-item.dto'
Require stack:
- D:\Programming\Angular\ngrx\server\src\routes\shopping-list-item.route.ts
- D:\Programming\Angular\ngrx\server\src\server.ts
Error: Cannot find module '@/dtos/shopping-list-item/create-shopping-list-item.dto'
Require stack:
- D:\Programming\Angular\ngrx\server\src\routes\shopping-list-item.route.ts
- D:\Programming\Angular\ngrx\server\src\server.ts
    at Function.Module._resolveFilename (internal/modules/cjs/loader.js:885:15)
    at Function.Module._resolveFilename.sharedData.moduleResolveFilenameHook.installedValue (D:\Programming\Angular\ngrx\server\node_modules\@cspotcode\source-map-support\source-map-support.js:811:30)
    at Function.Module._resolveFilename (D:\Programming\Angular\ngrx\server\node_modules\tsconfig-paths\src\register.ts:90:36)
    at Function.Module._load (internal/modules/cjs/loader.js:730:27)
    at Module.require (internal/modules/cjs/loader.js:957:19)
    at require (internal/modules/cjs/helpers.js:88:18)
    at Object.<anonymous> (D:\Programming\Angular\ngrx\server\src\routes\shopping-list-item.route.ts:2:1)
    at Module._compile (internal/modules/cjs/loader.js:1068:30)
    at Module.m._compile (D:\Programming\Angular\ngrx\server\node_modules\ts-node\src\index.ts:1597:23)
    at Module._extensions..js (internal/modules/cjs/loader.js:1097:10)
2022-07-13 21:41:07 error: uncaughtException: Route.post() requires a callback function but got a [object Undefined]
Error: Route.post() requires a callback function but got a [object Undefined]
    at Route.<computed> [as post] (D:\Programming\Angular\ngrx\server\node_modules\express\lib\router\route.js:211:15)
    at Function.proto.<computed> [as post] (D:\Programming\Angular\ngrx\server\node_modules\express\lib\router\index.js:521:19)
    at ShoppingListItemsRoute.initializeRoutes (D:\Programming\Angular\ngrx\server\src\routes\shopping-list-item.route.ts:28:17)
    at new ShoppingListItemsRoute (D:\Programming\Angular\ngrx\server\src\routes\shopping-list-item.route.ts:15:10)
    at Object.<anonymous> (D:\Programming\Angular\ngrx\server\src\server.ts:23:3)
    at Module._compile (internal/modules/cjs/loader.js:1068:30)
    at Module.m._compile (D:\Programming\Angular\ngrx\server\node_modules\ts-node\src\index.ts:1597:23)
    at Module._extensions..js (internal/modules/cjs/loader.js:1097:10)
    at Object.require.extensions.<computed> [as .ts] (D:\Programming\Angular\ngrx\server\node_modules\ts-node\src\index.ts:1600:12)
    at Module.load (internal/modules/cjs/loader.js:933:32)
2022-07-13 21:43:26 error: uncaughtException: Route.post() requires a callback function but got a [object Undefined]
Error: Route.post() requires a callback function but got a [object Undefined]
    at Route.<computed> [as post] (D:\Programming\Angular\ngrx\server\node_modules\express\lib\router\route.js:211:15)
    at Function.proto.<computed> [as post] (D:\Programming\Angular\ngrx\server\node_modules\express\lib\router\index.js:521:19)
    at ShoppingListItemsRoute.initializeRoutes (D:\Programming\Angular\ngrx\server\src\routes\shopping-list-item.route.ts:28:17)
    at new ShoppingListItemsRoute (D:\Programming\Angular\ngrx\server\src\routes\shopping-list-item.route.ts:15:10)
    at Object.<anonymous> (D:\Programming\Angular\ngrx\server\src\server.ts:23:3)
    at Module._compile (internal/modules/cjs/loader.js:1068:30)
    at Module.m._compile (D:\Programming\Angular\ngrx\server\node_modules\ts-node\src\index.ts:1597:23)
    at Module._extensions..js (internal/modules/cjs/loader.js:1097:10)
    at Object.require.extensions.<computed> [as .ts] (D:\Programming\Angular\ngrx\server\node_modules\ts-node\src\index.ts:1600:12)
    at Module.load (internal/modules/cjs/loader.js:933:32)
