2022-07-24 14:52:10 error: [GET] /api/user/locations >> StatusCode:: 500, Message:: Cannot read property 'uuid' of undefined
2022-07-24 15:35:42 error: uncaughtException: тип Unable to compile TypeScript:
[96msrc/services/user-locations.service.ts[0m:[93m62[0m:[93m3[0m - [91merror[0m[90m TS1003: [0mIdentifier expected.

[7m62[0m   }
[7m  [0m [91m  ~[0m

TSError: тип Unable to compile TypeScript:
[96msrc/services/user-locations.service.ts[0m:[93m62[0m:[93m3[0m - [91merror[0m[90m TS1003: [0mIdentifier expected.

[7m62[0m   }
[7m  [0m [91m  ~[0m

    at createTSError (D:\Programming\Angular\ngrx\server\node_modules\ts-node\src\index.ts:843:12)
    at reportTSError (D:\Programming\Angular\ngrx\server\node_modules\ts-node\src\index.ts:847:19)
    at D:\Programming\Angular\ngrx\server\node_modules\ts-node\src\index.ts:1357:34
    at Object.compile (D:\Programming\Angular\ngrx\server\node_modules\ts-node\src\index.ts:1436:13)
    at Module.m._compile (D:\Programming\Angular\ngrx\server\node_modules\ts-node\src\index.ts:1596:30)
    at Module._extensions..js (internal/modules/cjs/loader.js:1097:10)
    at Object.require.extensions.<computed> [as .ts] (D:\Programming\Angular\ngrx\server\node_modules\ts-node\src\index.ts:1600:12)
    at Module.load (internal/modules/cjs/loader.js:933:32)
    at Function.Module._load (internal/modules/cjs/loader.js:774:14)
    at Module.require (internal/modules/cjs/loader.js:957:19)
2022-07-24 15:52:17 error: [DELETE] /api/user/locations/undefined >> StatusCode:: 500, Message:: select `user_locations`.`id` as `id`, `user_locations`.`uuid` as `uuid`, `user_locations`.`user_id` as `user_id`, `user_locations`.`location_id` as `location_id`, `user_locations`.`created_at` as `created_at`, `user_locations`.`updated_at` as `updated_at`, `user`.`id` as `user:id`, `user`.`uuid` as `user:uuid`, `user`.`email` as `user:email`, `user`.`password` as `user:password`, `user`.`first_name` as `user:first_name`, `user`.`last_name` as `user:last_name`, `user`.`user_type_id` as `user:user_type_id`, `user`.`created_at` as `user:created_at`, `user`.`updated_at` as `user:updated_at`, `location`.`id` as `location:id`, `location`.`uuid` as `location:uuid`, `location`.`name` as `location:name`, `location`.`description` as `location:description`, `location`.`created_at` as `location:created_at`, `location`.`updated_at` as `location:updated_at` from `user_locations` left join `users` as `user` on `user`.`id` = `user_locations`.`user_id` left join `locations` as `location` on `location`.`id` = `user_locations`.`location_id` where `uuid` = 'undefined' - ER_NON_UNIQ_ERROR: Column 'uuid' in where clause is ambiguous
2022-07-24 15:59:02 error: [POST] /api/user/locations/delete >> StatusCode:: 400, Message:: property uuids should not exist, userLocationIds must be an array
2022-07-24 15:59:30 error: [POST] /api/user/locations/delete >> StatusCode:: 500, Message:: select `user_locations`.`id` as `id`, `user_locations`.`uuid` as `uuid`, `user_locations`.`user_id` as `user_id`, `user_locations`.`location_id` as `location_id`, `user_locations`.`created_at` as `created_at`, `user_locations`.`updated_at` as `updated_at`, `user`.`id` as `user:id`, `user`.`uuid` as `user:uuid`, `user`.`email` as `user:email`, `user`.`password` as `user:password`, `user`.`first_name` as `user:first_name`, `user`.`last_name` as `user:last_name`, `user`.`user_type_id` as `user:user_type_id`, `user`.`created_at` as `user:created_at`, `user`.`updated_at` as `user:updated_at`, `location`.`id` as `location:id`, `location`.`uuid` as `location:uuid`, `location`.`name` as `location:name`, `location`.`description` as `location:description`, `location`.`created_at` as `location:created_at`, `location`.`updated_at` as `location:updated_at` from `user_locations` left join `users` as `user` on `user`.`id` = `user_locations`.`user_id` left join `locations` as `location` on `location`.`id` = `user_locations`.`location_id` where `uuid` = 'e4de089b-47c6-4b67-a151-37215e43ae2c' - ER_NON_UNIQ_ERROR: Column 'uuid' in where clause is ambiguous
2022-07-24 16:00:18 error: [POST] /api/user/locations/delete >> StatusCode:: 500, Message:: select `user_locations`.`id` as `id`, `user_locations`.`uuid` as `uuid`, `user_locations`.`user_id` as `user_id`, `user_locations`.`location_id` as `location_id`, `user_locations`.`created_at` as `created_at`, `user_locations`.`updated_at` as `updated_at`, `user`.`id` as `user:id`, `user`.`uuid` as `user:uuid`, `user`.`email` as `user:email`, `user`.`password` as `user:password`, `user`.`first_name` as `user:first_name`, `user`.`last_name` as `user:last_name`, `user`.`user_type_id` as `user:user_type_id`, `user`.`created_at` as `user:created_at`, `user`.`updated_at` as `user:updated_at`, `user:user_type`.`id` as `user:userType:id`, `user:user_type`.`uuid` as `user:userType:uuid`, `user:user_type`.`tag` as `user:userType:tag`, `user:user_type`.`name` as `user:userType:name`, `user:user_type`.`description` as `user:userType:description`, `user:user_type`.`created_at` as `user:userType:created_at`, `user:user_type`.`updated_at` as `user:userType:updated_at`, `user:user_type`.`icon` as `user:userType:icon`, `location`.`id` as `location:id`, `location`.`uuid` as `location:uuid`, `location`.`name` as `location:name`, `location`.`description` as `location:description`, `location`.`created_at` as `location:created_at`, `location`.`updated_at` as `location:updated_at` from `user_locations` left join `users` as `user` on `user`.`id` = `user_locations`.`user_id` left join `user_types` as `user:user_type` on `user:user_type`.`id` = `user`.`user_type_id` left join `locations` as `location` on `location`.`id` = `user_locations`.`location_id` where `user_location`.`uuid` = '11ff3950-a610-4a22-b497-15c73843901b' - ER_BAD_FIELD_ERROR: Unknown column 'user_location.uuid' in 'where clause'
2022-07-24 16:02:53 error: [POST] /api/user/locations/delete >> StatusCode:: 500, Message:: Cannot read property 'userId' of undefined
2022-07-24 16:02:57 error: [POST] /api/user/locations/delete >> StatusCode:: 500, Message:: Cannot read property 'userId' of undefined
2022-07-24 16:03:11 error: [POST] /api/user/locations/delete >> StatusCode:: 500, Message:: Cannot read property 'userId' of undefined
2022-07-24 16:03:16 error: [POST] /api/user/locations/delete >> StatusCode:: 500, Message:: Cannot read property 'userId' of undefined
