2022-07-11 19:12:00 info: =================================
2022-07-11 19:12:00 info: ======= ENV: development =======
2022-07-11 19:12:00 info: 🚀 App listening on the port 3000
2022-07-11 19:12:00 info: =================================
2022-07-11 19:36:11 error: [GET] /api/auth/refresh-session >> StatusCode:: 401, Message:: Wrong authentication token
2022-07-11 19:36:11 info: [0mGET /api/auth/refresh-session [33m401[0m 23.204 ms - 40[0m
2022-07-11 19:36:11 info: [0mGET /api/users/types [0m-[0m - ms - -[0m
2022-07-11 19:36:11 error: [GET] /api/auth/refresh-session >> StatusCode:: 401, Message:: Wrong authentication token
2022-07-11 19:36:11 info: [0mGET /api/auth/refresh-session [33m401[0m 2.841 ms - 40[0m
2022-07-11 19:36:11 info: [0mGET /api/users/types [32m200[0m 386.035 ms - 735[0m
2022-07-11 19:36:17 info: [0mPOST /api/auth/sign-in [32m200[0m 594.062 ms - 544[0m
2022-07-11 19:36:17 debug: [object Object]
2022-07-11 19:36:17 debug: [object Object]
2022-07-11 19:36:17 debug: [object Object]
2022-07-11 19:36:17 debug: [object Object]
2022-07-11 19:36:17 info: [0mGET /api/categories [36m304[0m 113.944 ms - -[0m
2022-07-11 19:36:17 info: [0mGET /api/products [36m304[0m 129.150 ms - -[0m
2022-07-11 19:36:17 info: [0mGET /api/tags [36m304[0m 161.179 ms - -[0m
2022-07-11 19:36:17 info: [0mGET /api/user/shopping-lists [36m304[0m 154.023 ms - -[0m
2022-07-11 19:40:18 info: [0mGET /api/users/types [36m304[0m 5.218 ms - -[0m
2022-07-11 19:40:18 debug: [object Object]
2022-07-11 19:40:18 info: [0mGET /api/auth/refresh-session [32m200[0m 47.178 ms - 552[0m
2022-07-11 19:40:18 debug: [object Object]
2022-07-11 19:40:18 info: [0mGET /api/tags [36m304[0m 25.123 ms - -[0m
2022-07-11 19:40:18 debug: [object Object]
2022-07-11 19:40:18 debug: [object Object]
2022-07-11 19:40:18 debug: [object Object]
2022-07-11 19:40:18 info: [0mGET /api/products [36m304[0m 14.324 ms - -[0m
2022-07-11 19:40:18 info: [0mGET /api/categories [36m304[0m 17.208 ms - -[0m
2022-07-11 19:40:18 info: [0mGET /api/user/shopping-lists [36m304[0m 22.134 ms - -[0m
2022-07-11 19:43:52 info: [0mGET /api/users/types [36m304[0m 5.100 ms - -[0m
2022-07-11 19:43:52 debug: [object Object]
2022-07-11 19:43:52 info: [0mGET /api/auth/refresh-session [32m200[0m 13.978 ms - 552[0m
2022-07-11 19:43:52 debug: [object Object]
2022-07-11 19:43:52 info: [0mGET /api/tags [36m304[0m 24.915 ms - -[0m
2022-07-11 19:43:53 debug: [object Object]
2022-07-11 19:43:53 debug: [object Object]
2022-07-11 19:43:53 info: [0mGET /api/products [36m304[0m 12.086 ms - -[0m
2022-07-11 19:43:53 info: [0mGET /api/categories [36m304[0m 14.454 ms - -[0m
2022-07-11 19:43:53 debug: [object Object]
2022-07-11 19:43:53 info: [0mGET /api/user/shopping-lists [36m304[0m 13.307 ms - -[0m
2022-07-11 19:44:10 info: [0mGET /api/users/types [36m304[0m 9.831 ms - -[0m
2022-07-11 19:44:10 debug: [object Object]
2022-07-11 19:44:10 debug: [object Object]
2022-07-11 19:44:10 info: [0mGET /api/auth/refresh-session [32m200[0m 16.042 ms - 552[0m
2022-07-11 19:44:10 info: [0mGET /api/tags [36m304[0m 45.147 ms - -[0m
2022-07-11 19:44:10 debug: [object Object]
2022-07-11 19:44:10 debug: [object Object]
2022-07-11 19:44:10 debug: [object Object]
2022-07-11 19:44:10 info: [0mGET /api/products [36m304[0m 25.032 ms - -[0m
2022-07-11 19:44:10 info: [0mGET /api/categories [36m304[0m 28.539 ms - -[0m
2022-07-11 19:44:10 info: [0mGET /api/user/shopping-lists [36m304[0m 30.059 ms - -[0m
2022-07-11 19:49:51 info: [0mGET /api/users/types [36m304[0m 6.265 ms - -[0m
2022-07-11 19:49:51 debug: [object Object]
2022-07-11 19:49:51 debug: [object Object]
2022-07-11 19:49:51 info: [0mGET /api/auth/refresh-session [32m200[0m 14.423 ms - 552[0m
2022-07-11 19:49:51 info: [0mGET /api/tags [36m304[0m 53.189 ms - -[0m
2022-07-11 19:49:51 debug: [object Object]
2022-07-11 19:49:51 debug: [object Object]
2022-07-11 19:49:51 debug: [object Object]
2022-07-11 19:49:51 info: [0mGET /api/products [36m304[0m 29.032 ms - -[0m
2022-07-11 19:49:51 info: [0mGET /api/user/shopping-lists [36m304[0m 33.657 ms - -[0m
2022-07-11 19:49:51 info: [0mGET /api/categories [36m304[0m 43.178 ms - -[0m
2022-07-11 19:58:16 info: [0mGET /api/users/types [36m304[0m 2.793 ms - -[0m
2022-07-11 19:58:16 debug: [object Object]
2022-07-11 19:58:16 info: [0mGET /api/auth/refresh-session [32m200[0m 8.328 ms - 552[0m
2022-07-11 19:58:16 debug: [object Object]
2022-07-11 19:58:16 info: [0mGET /api/tags [36m304[0m 30.551 ms - -[0m
2022-07-11 19:58:17 debug: [object Object]
2022-07-11 19:58:17 info: [0mGET /api/products [36m304[0m 6.029 ms - -[0m
2022-07-11 19:58:17 debug: [object Object]
2022-07-11 19:58:17 debug: [object Object]
2022-07-11 19:58:17 info: [0mGET /api/categories [36m304[0m 8.871 ms - -[0m
2022-07-11 19:58:17 info: [0mGET /api/user/shopping-lists [36m304[0m 7.922 ms - -[0m
2022-07-11 20:27:00 info: [0mGET /api/users/types [36m304[0m 6.411 ms - -[0m
2022-07-11 20:27:00 debug: [object Object]
2022-07-11 20:27:00 info: [0mGET /api/auth/refresh-session [32m200[0m 9.712 ms - 552[0m
2022-07-11 20:27:00 debug: [object Object]
2022-07-11 20:27:00 info: [0mGET /api/tags [36m304[0m 17.725 ms - -[0m
2022-07-11 20:27:00 debug: [object Object]
2022-07-11 20:27:00 debug: [object Object]
2022-07-11 20:27:00 debug: [object Object]
2022-07-11 20:27:00 info: [0mGET /api/products [36m304[0m 11.785 ms - -[0m
2022-07-11 20:27:00 info: [0mGET /api/categories [36m304[0m 13.276 ms - -[0m
2022-07-11 20:27:00 info: [0mGET /api/user/shopping-lists [36m304[0m 13.333 ms - -[0m
2022-07-11 20:30:02 info: =================================
2022-07-11 20:30:02 info: ======= ENV: development =======
2022-07-11 20:30:02 info: 🚀 App listening on the port 3000
2022-07-11 20:30:02 info: =================================
2022-07-11 20:31:05 info: =================================
2022-07-11 20:31:05 info: ======= ENV: development =======
2022-07-11 20:31:05 info: 🚀 App listening on the port 3000
2022-07-11 20:31:05 info: =================================
2022-07-11 20:31:14 info: =================================
2022-07-11 20:31:14 info: ======= ENV: development =======
2022-07-11 20:31:14 info: 🚀 App listening on the port 3000
2022-07-11 20:31:14 info: =================================
2022-07-11 20:31:39 info: =================================
2022-07-11 20:31:39 info: ======= ENV: development =======
2022-07-11 20:31:39 info: 🚀 App listening on the port 3000
2022-07-11 20:31:39 info: =================================
2022-07-11 20:31:58 info: =================================
2022-07-11 20:31:58 info: ======= ENV: development =======
2022-07-11 20:31:58 info: 🚀 App listening on the port 3000
2022-07-11 20:31:58 info: =================================
2022-07-11 20:33:20 info: =================================
2022-07-11 20:33:20 info: ======= ENV: development =======
2022-07-11 20:33:20 info: 🚀 App listening on the port 3000
2022-07-11 20:33:20 info: =================================
2022-07-11 20:34:01 info: =================================
2022-07-11 20:34:01 info: ======= ENV: development =======
2022-07-11 20:34:01 info: 🚀 App listening on the port 3000
2022-07-11 20:34:01 info: =================================
2022-07-11 20:34:43 info: =================================
2022-07-11 20:34:43 info: ======= ENV: development =======
2022-07-11 20:34:43 info: 🚀 App listening on the port 3000
2022-07-11 20:34:43 info: =================================
2022-07-11 20:35:11 info: =================================
2022-07-11 20:35:11 info: ======= ENV: development =======
2022-07-11 20:35:11 info: 🚀 App listening on the port 3000
2022-07-11 20:35:11 info: =================================
2022-07-11 20:35:38 info: =================================
2022-07-11 20:35:38 info: ======= ENV: development =======
2022-07-11 20:35:38 info: 🚀 App listening on the port 3000
2022-07-11 20:35:38 info: =================================
2022-07-11 20:39:30 info: =================================
2022-07-11 20:39:30 info: ======= ENV: development =======
2022-07-11 20:39:30 info: 🚀 App listening on the port 3000
2022-07-11 20:39:30 info: =================================
2022-07-11 20:41:05 info: =================================
2022-07-11 20:41:05 info: ======= ENV: development =======
2022-07-11 20:41:05 info: 🚀 App listening on the port 3000
2022-07-11 20:41:05 info: =================================
2022-07-11 20:41:45 info: =================================
2022-07-11 20:41:45 info: ======= ENV: development =======
2022-07-11 20:41:45 info: 🚀 App listening on the port 3000
2022-07-11 20:41:45 info: =================================
2022-07-11 20:41:58 info: =================================
2022-07-11 20:41:58 info: ======= ENV: development =======
2022-07-11 20:41:58 info: 🚀 App listening on the port 3000
2022-07-11 20:41:58 info: =================================
2022-07-11 20:42:17 info: =================================
2022-07-11 20:42:17 info: ======= ENV: development =======
2022-07-11 20:42:17 info: 🚀 App listening on the port 3000
2022-07-11 20:42:17 info: =================================
2022-07-11 20:42:31 info: =================================
2022-07-11 20:42:31 info: ======= ENV: development =======
2022-07-11 20:42:31 info: 🚀 App listening on the port 3000
2022-07-11 20:42:31 info: =================================
2022-07-11 21:15:06 info: =================================
2022-07-11 21:15:06 info: ======= ENV: development =======
2022-07-11 21:15:06 info: 🚀 App listening on the port 3000
2022-07-11 21:15:06 info: =================================
2022-07-11 21:15:49 info: =================================
2022-07-11 21:15:49 info: ======= ENV: development =======
2022-07-11 21:15:49 info: 🚀 App listening on the port 3000
2022-07-11 21:15:49 info: =================================
2022-07-11 21:20:22 info: =================================
2022-07-11 21:20:22 info: ======= ENV: development =======
2022-07-11 21:20:22 info: 🚀 App listening on the port 3000
2022-07-11 21:20:22 info: =================================
2022-07-11 21:20:39 info: =================================
2022-07-11 21:20:39 info: ======= ENV: development =======
2022-07-11 21:20:39 info: 🚀 App listening on the port 3000
2022-07-11 21:20:39 info: =================================
2022-07-11 21:21:14 info: =================================
2022-07-11 21:21:14 info: ======= ENV: development =======
2022-07-11 21:21:14 info: 🚀 App listening on the port 3000
2022-07-11 21:21:14 info: =================================
2022-07-11 21:21:34 info: =================================
2022-07-11 21:21:34 info: ======= ENV: development =======
2022-07-11 21:21:34 info: 🚀 App listening on the port 3000
2022-07-11 21:21:34 info: =================================
2022-07-11 21:21:47 info: =================================
2022-07-11 21:21:47 info: ======= ENV: development =======
2022-07-11 21:21:47 info: 🚀 App listening on the port 3000
2022-07-11 21:21:47 info: =================================
2022-07-11 21:22:03 info: =================================
2022-07-11 21:22:03 info: ======= ENV: development =======
2022-07-11 21:22:03 info: 🚀 App listening on the port 3000
2022-07-11 21:22:03 info: =================================
2022-07-11 21:26:55 info: =================================
2022-07-11 21:26:55 info: ======= ENV: development =======
2022-07-11 21:26:55 info: 🚀 App listening on the port 3000
2022-07-11 21:26:55 info: =================================
2022-07-11 21:27:08 info: =================================
2022-07-11 21:27:08 info: ======= ENV: development =======
2022-07-11 21:27:08 info: 🚀 App listening on the port 3000
2022-07-11 21:27:08 info: =================================
2022-07-11 21:28:53 info: =================================
2022-07-11 21:28:53 info: ======= ENV: development =======
2022-07-11 21:28:53 info: 🚀 App listening on the port 3000
2022-07-11 21:28:53 info: =================================
2022-07-11 21:29:00 info: =================================
2022-07-11 21:29:00 info: ======= ENV: development =======
2022-07-11 21:29:00 info: 🚀 App listening on the port 3000
2022-07-11 21:29:00 info: =================================
2022-07-11 21:29:29 info: =================================
2022-07-11 21:29:29 info: ======= ENV: development =======
2022-07-11 21:29:29 info: 🚀 App listening on the port 3000
2022-07-11 21:29:29 info: =================================
2022-07-11 21:29:39 info: =================================
2022-07-11 21:29:39 info: ======= ENV: development =======
2022-07-11 21:29:39 info: 🚀 App listening on the port 3000
2022-07-11 21:29:39 info: =================================
2022-07-11 21:29:53 info: =================================
2022-07-11 21:29:53 info: ======= ENV: development =======
2022-07-11 21:29:53 info: 🚀 App listening on the port 3000
2022-07-11 21:29:53 info: =================================
2022-07-11 21:32:06 info: =================================
2022-07-11 21:32:06 info: ======= ENV: development =======
2022-07-11 21:32:06 info: 🚀 App listening on the port 3000
2022-07-11 21:32:06 info: =================================
2022-07-11 21:32:21 info: =================================
2022-07-11 21:32:21 info: ======= ENV: development =======
2022-07-11 21:32:21 info: 🚀 App listening on the port 3000
2022-07-11 21:32:21 info: =================================
2022-07-11 21:32:39 info: =================================
2022-07-11 21:32:39 info: ======= ENV: development =======
2022-07-11 21:32:39 info: 🚀 App listening on the port 3000
2022-07-11 21:32:39 info: =================================
2022-07-11 21:32:52 info: =================================
2022-07-11 21:32:52 info: ======= ENV: development =======
2022-07-11 21:32:52 info: 🚀 App listening on the port 3000
2022-07-11 21:32:52 info: =================================
2022-07-11 21:33:38 info: =================================
2022-07-11 21:33:38 info: ======= ENV: development =======
2022-07-11 21:33:38 info: 🚀 App listening on the port 3000
2022-07-11 21:33:38 info: =================================
2022-07-11 21:34:17 error: [GET] /api/auth/refresh-session >> StatusCode:: 401, Message:: Wrong authentication token
2022-07-11 21:34:17 info: [0mGET /api/auth/refresh-session [33m401[0m 6.832 ms - 40[0m
2022-07-11 21:34:17 error: [GET] /api/tags >> StatusCode:: 401, Message:: Wrong authentication token
2022-07-11 21:34:17 info: [0mGET /api/tags [33m401[0m 2.370 ms - 40[0m
2022-07-11 21:34:17 error: [GET] /api/products >> StatusCode:: 401, Message:: Wrong authentication token
2022-07-11 21:34:17 info: [0mGET /api/products [33m401[0m 1.479 ms - 40[0m
2022-07-11 21:34:17 error: [GET] /api/categories >> StatusCode:: 401, Message:: Wrong authentication token
2022-07-11 21:34:17 info: [0mGET /api/categories [33m401[0m 2.671 ms - 40[0m
2022-07-11 21:34:17 error: [GET] /api/user/shopping-lists >> StatusCode:: 401, Message:: Wrong authentication token
2022-07-11 21:34:17 info: [0mGET /api/user/shopping-lists [33m401[0m 2.877 ms - 40[0m
2022-07-11 21:34:17 info: [0mGET /api/users/types [36m304[0m 195.804 ms - -[0m
2022-07-11 21:39:58 info: [0mPOST /api/auth/sign-in [32m200[0m 112.303 ms - 544[0m
2022-07-11 21:39:59 debug: [object Object]
2022-07-11 21:39:59 info: [0mGET /api/tags [36m304[0m 20.042 ms - -[0m
2022-07-11 21:39:59 debug: [object Object]
2022-07-11 21:39:59 debug: [object Object]
2022-07-11 21:39:59 info: [0mGET /api/products [36m304[0m 7.113 ms - -[0m
2022-07-11 21:39:59 info: [0mGET /api/categories [36m304[0m 9.354 ms - -[0m
2022-07-11 21:39:59 debug: [object Object]
2022-07-11 21:39:59 info: [0mGET /api/user/shopping-lists [36m304[0m 19.375 ms - -[0m
2022-07-11 21:40:24 info: [0mGET /api/users/types [36m304[0m 3.053 ms - -[0m
2022-07-11 21:40:24 debug: [object Object]
2022-07-11 21:40:24 info: [0mGET /api/auth/refresh-session [32m200[0m 6.337 ms - 552[0m
2022-07-11 21:40:24 debug: [object Object]
2022-07-11 21:40:24 info: [0mGET /api/tags [36m304[0m 24.666 ms - -[0m
2022-07-11 21:40:24 debug: [object Object]
2022-07-11 21:40:24 debug: [object Object]
2022-07-11 21:40:24 debug: [object Object]
2022-07-11 21:40:24 info: [0mGET /api/products [36m304[0m 17.205 ms - -[0m
2022-07-11 21:40:24 info: [0mGET /api/categories [36m304[0m 25.340 ms - -[0m
2022-07-11 21:40:24 info: [0mGET /api/user/shopping-lists [36m304[0m 30.376 ms - -[0m
2022-07-11 21:47:44 info: [0mGET /api/users/types [36m304[0m 2.626 ms - -[0m
2022-07-11 21:47:44 debug: [object Object]
2022-07-11 21:47:44 info: [0mGET /api/auth/refresh-session [32m200[0m 7.002 ms - 552[0m
2022-07-11 21:47:44 debug: [object Object]
2022-07-11 21:47:44 info: [0mGET /api/tags [36m304[0m 32.938 ms - -[0m
2022-07-11 21:47:45 debug: [object Object]
2022-07-11 21:47:45 debug: [object Object]
2022-07-11 21:47:45 debug: [object Object]
2022-07-11 21:47:45 info: [0mGET /api/products [36m304[0m 14.382 ms - -[0m
2022-07-11 21:47:45 info: [0mGET /api/categories [36m304[0m 18.978 ms - -[0m
2022-07-11 21:47:45 info: [0mGET /api/user/shopping-lists [36m304[0m 20.712 ms - -[0m
2022-07-11 21:47:50 info: [0mGET /api/users/types [36m304[0m 5.427 ms - -[0m
2022-07-11 21:47:50 debug: [object Object]
2022-07-11 21:47:50 info: [0mGET /api/auth/refresh-session [32m200[0m 10.917 ms - 552[0m
2022-07-11 21:47:50 debug: [object Object]
2022-07-11 21:47:50 info: [0mGET /api/tags [36m304[0m 18.189 ms - -[0m
2022-07-11 21:47:50 debug: [object Object]
2022-07-11 21:47:50 debug: [object Object]
2022-07-11 21:47:50 debug: [object Object]
2022-07-11 21:47:50 info: [0mGET /api/products [36m304[0m 16.619 ms - -[0m
2022-07-11 21:47:50 info: [0mGET /api/categories [36m304[0m 22.906 ms - -[0m
2022-07-11 21:47:50 info: [0mGET /api/user/shopping-lists [36m304[0m 23.325 ms - -[0m
2022-07-11 21:48:34 info: [0mGET /api/users/types [36m304[0m 3.754 ms - -[0m
2022-07-11 21:48:34 debug: [object Object]
2022-07-11 21:48:34 info: [0mGET /api/auth/refresh-session [32m200[0m 9.086 ms - 552[0m
2022-07-11 21:48:34 debug: [object Object]
2022-07-11 21:48:34 info: [0mGET /api/tags [36m304[0m 16.698 ms - -[0m
2022-07-11 21:48:34 debug: [object Object]
2022-07-11 21:48:34 debug: [object Object]
2022-07-11 21:48:34 debug: [object Object]
2022-07-11 21:48:35 info: [0mGET /api/products [36m304[0m 15.425 ms - -[0m
2022-07-11 21:48:35 info: [0mGET /api/categories [36m304[0m 18.145 ms - -[0m
2022-07-11 21:48:35 info: [0mGET /api/user/shopping-lists [36m304[0m 21.910 ms - -[0m
2022-07-11 21:48:59 info: [0mGET /api/users/types [36m304[0m 5.747 ms - -[0m
2022-07-11 21:48:59 debug: [object Object]
2022-07-11 21:48:59 info: [0mGET /api/auth/refresh-session [32m200[0m 11.376 ms - 552[0m
2022-07-11 21:48:59 debug: [object Object]
2022-07-11 21:48:59 debug: [object Object]
2022-07-11 21:48:59 debug: [object Object]
2022-07-11 21:48:59 info: [0mGET /api/products [36m304[0m 22.659 ms - -[0m
2022-07-11 21:48:59 info: [0mGET /api/tags [36m304[0m 47.572 ms - -[0m
2022-07-11 21:48:59 info: [0mGET /api/categories [36m304[0m 46.045 ms - -[0m
2022-07-11 21:48:59 debug: [object Object]
2022-07-11 21:48:59 info: [0mGET /api/user/shopping-lists [36m304[0m 12.979 ms - -[0m
2022-07-11 21:48:59 debug: [object Object]
2022-07-11 21:48:59 error: [GET] /api/shipping-methods >> StatusCode:: 500, Message:: select `shipping_method`.* from `shipping_method` - ER_NO_SUCH_TABLE: Table 'ngrx.shipping_method' doesn't exist
2022-07-11 21:48:59 info: [0mGET /api/shipping-methods [31m500[0m 28.692 ms - 126[0m
2022-07-11 21:49:28 info: =================================
2022-07-11 21:49:28 info: ======= ENV: development =======
2022-07-11 21:49:28 info: 🚀 App listening on the port 3000
2022-07-11 21:49:28 info: =================================
2022-07-11 21:49:31 info: [0mGET /api/users/types [32m200[0m 193.384 ms - 735[0m
2022-07-11 21:49:31 debug: [object Object]
2022-07-11 21:49:31 info: [0mGET /api/auth/refresh-session [32m200[0m 53.125 ms - 552[0m
2022-07-11 21:49:31 debug: [object Object]
2022-07-11 21:49:31 debug: [object Object]
2022-07-11 21:49:31 debug: [object Object]
2022-07-11 21:49:31 debug: [object Object]
2022-07-11 21:49:31 info: [0mGET /api/products [32m200[0m 39.321 ms - -[0m
2022-07-11 21:49:31 info: [0mGET /api/categories [32m200[0m 38.762 ms - -[0m
2022-07-11 21:49:31 info: [0mGET /api/tags [32m200[0m 33.770 ms - -[0m
2022-07-11 21:49:31 info: [0mGET /api/user/shopping-lists [32m200[0m 57.525 ms - 228[0m
2022-07-11 21:49:31 debug: [object Object]
2022-07-11 21:49:31 info: [0mGET /api/shipping-methods [32m200[0m 3.350 ms - 351[0m
