2022-07-26 19:33:18 info: =================================
2022-07-26 19:33:18 info: ======= ENV: development =======
2022-07-26 19:33:18 info: 🚀 App listening on the port 3000
2022-07-26 19:33:18 info: =================================
2022-07-26 19:34:16 error: [GET] /api/auth/refresh-session >> StatusCode:: 401, Message:: Wrong authentication token
2022-07-26 19:34:16 info: [0mGET /api/auth/refresh-session [33m401[0m 23.020 ms - 40[0m
2022-07-26 19:34:16 info: [0mGET /api/users/types [36m304[0m 1842.757 ms - -[0m
2022-07-26 19:34:20 info: [0mPOST /api/auth/sign-in [32m200[0m 552.982 ms - 697[0m
2022-07-26 19:34:20 debug: [object Object]
2022-07-26 19:34:20 debug: [object Object]
2022-07-26 19:34:20 debug: [object Object]
2022-07-26 19:34:20 info: [0mGET /api/categories [36m304[0m 143.780 ms - -[0m
2022-07-26 19:34:20 info: [0mGET /api/tags [36m304[0m 182.769 ms - -[0m
2022-07-26 19:34:20 info: [0mGET /api/products [36m304[0m 195.776 ms - -[0m
2022-07-26 19:34:20 debug: [object Object]
2022-07-26 19:34:20 debug: [object Object]
2022-07-26 19:34:20 debug: [object Object]
2022-07-26 19:34:20 info: [0mGET /api/shipping-methods [36m304[0m 88.644 ms - -[0m
2022-07-26 19:34:20 info: [0mGET /api/user/locations [36m304[0m 155.056 ms - -[0m
2022-07-26 19:34:20 info: [0mGET /api/user/shopping-lists [36m304[0m 161.742 ms - -[0m
2022-07-26 19:34:20 debug: [object Object]
2022-07-26 19:34:20 info: [0mGET /api/user/locations/auto-suggestions [36m304[0m 31.540 ms - -[0m
2022-07-26 19:36:36 info: [0mGET /api/users/types [36m304[0m 2.315 ms - -[0m
2022-07-26 19:36:36 debug: [object Object]
2022-07-26 19:36:36 info: [0mGET /api/auth/refresh-session [32m200[0m 6.263 ms - 705[0m
2022-07-26 19:36:36 debug: [object Object]
2022-07-26 19:36:36 info: [0mGET /api/tags [36m304[0m 24.810 ms - -[0m
2022-07-26 19:36:36 debug: [object Object]
2022-07-26 19:36:36 debug: [object Object]
2022-07-26 19:36:36 debug: [object Object]
2022-07-26 19:36:36 info: [0mGET /api/products [36m304[0m 13.581 ms - -[0m
2022-07-26 19:36:36 info: [0mGET /api/categories [36m304[0m 15.929 ms - -[0m
2022-07-26 19:36:36 info: [0mGET /api/user/shopping-lists [36m304[0m 17.585 ms - -[0m
2022-07-26 19:36:37 debug: [object Object]
2022-07-26 19:36:37 debug: [object Object]
2022-07-26 19:36:37 debug: [object Object]
2022-07-26 19:36:37 info: [0mGET /api/shipping-methods [36m304[0m 13.267 ms - -[0m
2022-07-26 19:36:37 info: [0mGET /api/user/locations [36m304[0m 14.564 ms - -[0m
2022-07-26 19:36:37 info: [0mGET /api/user/locations/auto-suggestions [36m304[0m 17.299 ms - -[0m
2022-07-26 19:36:44 info: [0mGET /api/users/types [36m304[0m 4.377 ms - -[0m
2022-07-26 19:36:44 debug: [object Object]
2022-07-26 19:36:44 info: [0mGET /api/auth/refresh-session [32m200[0m 6.937 ms - 705[0m
2022-07-26 19:36:44 debug: [object Object]
2022-07-26 19:36:44 info: [0mGET /api/tags [36m304[0m 14.924 ms - -[0m
2022-07-26 19:36:44 debug: [object Object]
2022-07-26 19:36:44 debug: [object Object]
2022-07-26 19:36:44 debug: [object Object]
2022-07-26 19:36:44 info: [0mGET /api/user/shopping-lists [36m304[0m 12.619 ms - -[0m
2022-07-26 19:36:44 info: [0mGET /api/products [36m304[0m 15.178 ms - -[0m
2022-07-26 19:36:44 info: [0mGET /api/categories [36m304[0m 16.371 ms - -[0m
2022-07-26 19:36:44 debug: [object Object]
2022-07-26 19:36:44 debug: [object Object]
2022-07-26 19:36:44 info: [0mGET /api/shipping-methods [36m304[0m 5.264 ms - -[0m
2022-07-26 19:36:44 info: [0mGET /api/user/locations [36m304[0m 6.874 ms - -[0m
2022-07-26 19:36:44 debug: [object Object]
2022-07-26 19:36:44 info: [0mGET /api/user/locations/auto-suggestions [36m304[0m 5.247 ms - -[0m
2022-07-26 19:37:39 info: [0mGET /api/users/types [36m304[0m 3.713 ms - -[0m
2022-07-26 19:37:39 debug: [object Object]
2022-07-26 19:37:39 info: [0mGET /api/auth/refresh-session [32m200[0m 8.670 ms - 705[0m
2022-07-26 19:37:39 debug: [object Object]
2022-07-26 19:37:39 info: [0mGET /api/tags [36m304[0m 11.114 ms - -[0m
2022-07-26 19:37:39 debug: [object Object]
2022-07-26 19:37:39 debug: [object Object]
2022-07-26 19:37:39 debug: [object Object]
2022-07-26 19:37:39 info: [0mGET /api/products [36m304[0m 11.408 ms - -[0m
2022-07-26 19:37:39 info: [0mGET /api/categories [36m304[0m 13.460 ms - -[0m
2022-07-26 19:37:39 info: [0mGET /api/user/shopping-lists [36m304[0m 14.501 ms - -[0m
2022-07-26 19:37:39 debug: [object Object]
2022-07-26 19:37:39 debug: [object Object]
2022-07-26 19:37:39 debug: [object Object]
2022-07-26 19:37:39 info: [0mGET /api/shipping-methods [36m304[0m 8.241 ms - -[0m
2022-07-26 19:37:39 info: [0mGET /api/user/locations [36m304[0m 9.211 ms - -[0m
2022-07-26 19:37:39 info: [0mGET /api/user/locations/auto-suggestions [36m304[0m 11.116 ms - -[0m
2022-07-26 19:38:39 info: [0mGET /api/users/types [36m304[0m 2.155 ms - -[0m
2022-07-26 19:38:39 debug: [object Object]
2022-07-26 19:38:39 info: [0mGET /api/auth/refresh-session [32m200[0m 4.907 ms - 705[0m
2022-07-26 19:38:39 debug: [object Object]
2022-07-26 19:38:39 info: [0mGET /api/tags [36m304[0m 11.906 ms - -[0m
2022-07-26 19:38:39 debug: [object Object]
2022-07-26 19:38:39 debug: [object Object]
2022-07-26 19:38:39 debug: [object Object]
2022-07-26 19:38:39 info: [0mGET /api/products [36m304[0m 11.580 ms - -[0m
2022-07-26 19:38:39 info: [0mGET /api/categories [36m304[0m 12.593 ms - -[0m
2022-07-26 19:38:39 info: [0mGET /api/user/shopping-lists [36m304[0m 14.554 ms - -[0m
2022-07-26 19:38:39 debug: [object Object]
2022-07-26 19:38:39 debug: [object Object]
2022-07-26 19:38:39 info: [0mGET /api/shipping-methods [36m304[0m 6.122 ms - -[0m
2022-07-26 19:38:39 info: [0mGET /api/user/locations [36m304[0m 5.182 ms - -[0m
2022-07-26 19:38:39 debug: [object Object]
2022-07-26 19:38:39 info: [0mGET /api/user/locations/auto-suggestions [36m304[0m 4.444 ms - -[0m
2022-07-26 19:39:17 info: [0mGET /api/users/types [36m304[0m 2.122 ms - -[0m
2022-07-26 19:39:17 debug: [object Object]
2022-07-26 19:39:17 info: [0mGET /api/auth/refresh-session [32m200[0m 6.250 ms - 705[0m
2022-07-26 19:39:17 debug: [object Object]
2022-07-26 19:39:17 info: [0mGET /api/tags [36m304[0m 12.375 ms - -[0m
2022-07-26 19:39:17 debug: [object Object]
2022-07-26 19:39:17 debug: [object Object]
2022-07-26 19:39:17 debug: [object Object]
2022-07-26 19:39:17 info: [0mGET /api/products [36m304[0m 14.483 ms - -[0m
2022-07-26 19:39:17 info: [0mGET /api/categories [36m304[0m 15.903 ms - -[0m
2022-07-26 19:39:17 info: [0mGET /api/user/shopping-lists [36m304[0m 16.820 ms - -[0m
2022-07-26 19:39:18 debug: [object Object]
2022-07-26 19:39:18 debug: [object Object]
2022-07-26 19:39:18 info: [0mGET /api/shipping-methods [36m304[0m 15.638 ms - -[0m
2022-07-26 19:39:18 debug: [object Object]
2022-07-26 19:39:18 info: [0mGET /api/user/locations [36m304[0m 15.484 ms - -[0m
2022-07-26 19:39:18 info: [0mGET /api/user/locations/auto-suggestions [36m304[0m 16.941 ms - -[0m
2022-07-26 19:39:29 info: [0mGET /api/users/types [36m304[0m 1.937 ms - -[0m
2022-07-26 19:39:29 debug: [object Object]
2022-07-26 19:39:29 info: [0mGET /api/auth/refresh-session [32m200[0m 5.079 ms - 705[0m
2022-07-26 19:39:29 debug: [object Object]
2022-07-26 19:39:29 info: [0mGET /api/tags [36m304[0m 14.149 ms - -[0m
2022-07-26 19:39:29 debug: [object Object]
2022-07-26 19:39:29 debug: [object Object]
2022-07-26 19:39:29 debug: [object Object]
2022-07-26 19:39:29 info: [0mGET /api/products [36m304[0m 23.310 ms - -[0m
2022-07-26 19:39:29 info: [0mGET /api/categories [36m304[0m 27.551 ms - -[0m
2022-07-26 19:39:29 info: [0mGET /api/user/shopping-lists [36m304[0m 29.399 ms - -[0m
2022-07-26 19:39:29 debug: [object Object]
2022-07-26 19:39:29 debug: [object Object]
2022-07-26 19:39:29 info: [0mGET /api/shipping-methods [36m304[0m 10.204 ms - -[0m
2022-07-26 19:39:29 info: [0mGET /api/user/locations [36m304[0m 13.199 ms - -[0m
2022-07-26 19:39:29 debug: [object Object]
2022-07-26 19:39:29 info: [0mGET /api/user/locations/auto-suggestions [36m304[0m 9.427 ms - -[0m
2022-07-26 19:42:02 info: [0mGET /api/users/types [36m304[0m 1.991 ms - -[0m
2022-07-26 19:42:02 debug: [object Object]
2022-07-26 19:42:02 info: [0mGET /api/auth/refresh-session [32m200[0m 4.764 ms - 705[0m
2022-07-26 19:42:02 debug: [object Object]
2022-07-26 19:42:02 info: [0mGET /api/tags [36m304[0m 8.989 ms - -[0m
2022-07-26 19:42:02 debug: [object Object]
2022-07-26 19:42:02 debug: [object Object]
2022-07-26 19:42:02 debug: [object Object]
2022-07-26 19:42:02 info: [0mGET /api/products [36m304[0m 11.414 ms - -[0m
2022-07-26 19:42:02 info: [0mGET /api/categories [36m304[0m 13.316 ms - -[0m
2022-07-26 19:42:02 info: [0mGET /api/user/shopping-lists [36m304[0m 15.416 ms - -[0m
2022-07-26 19:42:03 debug: [object Object]
2022-07-26 19:42:03 debug: [object Object]
2022-07-26 19:42:03 info: [0mGET /api/shipping-methods [36m304[0m 4.583 ms - -[0m
2022-07-26 19:42:03 info: [0mGET /api/user/locations [36m304[0m 7.574 ms - -[0m
2022-07-26 19:42:03 debug: [object Object]
2022-07-26 19:42:03 info: [0mGET /api/user/locations/auto-suggestions [36m304[0m 4.384 ms - -[0m
2022-07-26 19:42:32 info: [0mGET /api/users/types [36m304[0m 1.991 ms - -[0m
2022-07-26 19:42:32 debug: [object Object]
2022-07-26 19:42:32 info: [0mGET /api/auth/refresh-session [32m200[0m 5.827 ms - 705[0m
2022-07-26 19:42:32 debug: [object Object]
2022-07-26 19:42:32 info: [0mGET /api/tags [36m304[0m 17.315 ms - -[0m
2022-07-26 19:42:32 debug: [object Object]
2022-07-26 19:42:32 debug: [object Object]
2022-07-26 19:42:32 debug: [object Object]
2022-07-26 19:42:32 info: [0mGET /api/products [36m304[0m 13.700 ms - -[0m
2022-07-26 19:42:32 info: [0mGET /api/categories [36m304[0m 13.531 ms - -[0m
2022-07-26 19:42:32 info: [0mGET /api/user/shopping-lists [36m304[0m 15.127 ms - -[0m
2022-07-26 19:42:32 debug: [object Object]
2022-07-26 19:42:32 debug: [object Object]
2022-07-26 19:42:32 debug: [object Object]
2022-07-26 19:42:32 info: [0mGET /api/shipping-methods [36m304[0m 8.025 ms - -[0m
2022-07-26 19:42:32 info: [0mGET /api/user/locations [36m304[0m 8.855 ms - -[0m
2022-07-26 19:42:32 info: [0mGET /api/user/locations/auto-suggestions [36m304[0m 11.878 ms - -[0m
2022-07-26 19:42:47 info: [0mGET /api/users/types [36m304[0m 5.041 ms - -[0m
2022-07-26 19:42:47 debug: [object Object]
2022-07-26 19:42:47 info: [0mGET /api/auth/refresh-session [32m200[0m 6.638 ms - 705[0m
2022-07-26 19:42:47 debug: [object Object]
2022-07-26 19:42:47 info: [0mGET /api/tags [36m304[0m 13.605 ms - -[0m
2022-07-26 19:42:47 debug: [object Object]
2022-07-26 19:42:47 debug: [object Object]
2022-07-26 19:42:47 info: [0mGET /api/products [36m304[0m 22.845 ms - -[0m
2022-07-26 19:42:47 info: [0mGET /api/categories [36m304[0m 33.633 ms - -[0m
2022-07-26 19:42:47 debug: [object Object]
2022-07-26 19:42:47 info: [0mGET /api/user/shopping-lists [36m304[0m 11.994 ms - -[0m
2022-07-26 19:42:48 debug: [object Object]
2022-07-26 19:42:48 debug: [object Object]
2022-07-26 19:42:48 debug: [object Object]
2022-07-26 19:42:48 info: [0mGET /api/shipping-methods [36m304[0m 5.575 ms - -[0m
2022-07-26 19:42:48 info: [0mGET /api/user/locations [36m304[0m 8.943 ms - -[0m
2022-07-26 19:42:48 info: [0mGET /api/user/locations/auto-suggestions [36m304[0m 19.650 ms - -[0m
2022-07-26 19:42:58 info: [0mGET /api/users/types [36m304[0m 2.377 ms - -[0m
2022-07-26 19:42:58 debug: [object Object]
2022-07-26 19:42:58 info: [0mGET /api/auth/refresh-session [32m200[0m 4.535 ms - 705[0m
2022-07-26 19:42:58 debug: [object Object]
2022-07-26 19:42:58 info: [0mGET /api/tags [36m304[0m 15.387 ms - -[0m
2022-07-26 19:42:58 debug: [object Object]
2022-07-26 19:42:58 debug: [object Object]
2022-07-26 19:42:58 debug: [object Object]
2022-07-26 19:42:58 info: [0mGET /api/products [36m304[0m 13.555 ms - -[0m
2022-07-26 19:42:58 info: [0mGET /api/categories [36m304[0m 12.494 ms - -[0m
2022-07-26 19:42:58 info: [0mGET /api/user/shopping-lists [36m304[0m 14.675 ms - -[0m
2022-07-26 19:42:59 debug: [object Object]
2022-07-26 19:42:59 debug: [object Object]
2022-07-26 19:42:59 info: [0mGET /api/shipping-methods [36m304[0m 6.570 ms - -[0m
2022-07-26 19:42:59 info: [0mGET /api/user/locations [36m304[0m 7.596 ms - -[0m
2022-07-26 19:42:59 debug: [object Object]
2022-07-26 19:42:59 info: [0mGET /api/user/locations/auto-suggestions [36m304[0m 4.157 ms - -[0m
2022-07-26 19:43:02 info: [0mGET /api/users/types [36m304[0m 1.162 ms - -[0m
2022-07-26 19:43:02 debug: [object Object]
2022-07-26 19:43:02 info: [0mGET /api/auth/refresh-session [32m200[0m 3.825 ms - 705[0m
2022-07-26 19:43:02 debug: [object Object]
2022-07-26 19:43:02 debug: [object Object]
2022-07-26 19:43:02 debug: [object Object]
2022-07-26 19:43:02 info: [0mGET /api/tags [36m304[0m 21.691 ms - -[0m
2022-07-26 19:43:02 debug: [object Object]
2022-07-26 19:43:02 info: [0mGET /api/products [36m304[0m 28.234 ms - -[0m
2022-07-26 19:43:02 info: [0mGET /api/user/shopping-lists [36m304[0m 26.050 ms - -[0m
2022-07-26 19:43:02 info: [0mGET /api/categories [36m304[0m 28.883 ms - -[0m
2022-07-26 19:43:03 debug: [object Object]
2022-07-26 19:43:03 info: [0mGET /api/shipping-methods [36m304[0m 1.874 ms - -[0m
2022-07-26 19:43:03 debug: [object Object]
2022-07-26 19:43:03 info: [0mGET /api/user/locations [36m304[0m 6.960 ms - -[0m
2022-07-26 19:43:03 debug: [object Object]
2022-07-26 19:43:03 info: [0mGET /api/user/locations/auto-suggestions [36m304[0m 3.353 ms - -[0m
2022-07-26 19:43:09 info: [0mGET /api/users/types [36m304[0m 2.750 ms - -[0m
2022-07-26 19:43:09 debug: [object Object]
2022-07-26 19:43:09 info: [0mGET /api/auth/refresh-session [32m200[0m 5.312 ms - 705[0m
2022-07-26 19:43:09 debug: [object Object]
2022-07-26 19:43:09 info: [0mGET /api/tags [36m304[0m 10.534 ms - -[0m
2022-07-26 19:43:09 debug: [object Object]
2022-07-26 19:43:09 debug: [object Object]
2022-07-26 19:43:09 debug: [object Object]
2022-07-26 19:43:09 info: [0mGET /api/categories [36m304[0m 15.569 ms - -[0m
2022-07-26 19:43:09 info: [0mGET /api/user/shopping-lists [36m304[0m 15.351 ms - -[0m
2022-07-26 19:43:09 info: [0mGET /api/products [36m304[0m 20.693 ms - -[0m
2022-07-26 19:43:10 debug: [object Object]
2022-07-26 19:43:10 info: [0mGET /api/shipping-methods [36m304[0m 3.249 ms - -[0m
2022-07-26 19:43:10 debug: [object Object]
2022-07-26 19:43:10 info: [0mGET /api/user/locations [36m304[0m 4.353 ms - -[0m
2022-07-26 19:43:10 debug: [object Object]
2022-07-26 19:43:10 info: [0mGET /api/user/locations/auto-suggestions [36m304[0m 6.542 ms - -[0m
2022-07-26 19:43:28 info: [0mGET /api/users/types [36m304[0m 1.825 ms - -[0m
2022-07-26 19:43:28 debug: [object Object]
2022-07-26 19:43:28 info: [0mGET /api/auth/refresh-session [32m200[0m 4.713 ms - 705[0m
2022-07-26 19:43:28 debug: [object Object]
2022-07-26 19:43:28 info: [0mGET /api/tags [36m304[0m 24.050 ms - -[0m
2022-07-26 19:43:28 debug: [object Object]
2022-07-26 19:43:28 debug: [object Object]
2022-07-26 19:43:28 debug: [object Object]
2022-07-26 19:43:28 info: [0mGET /api/products [36m304[0m 22.037 ms - -[0m
2022-07-26 19:43:28 info: [0mGET /api/categories [36m304[0m 22.183 ms - -[0m
2022-07-26 19:43:28 info: [0mGET /api/user/shopping-lists [36m304[0m 22.824 ms - -[0m
2022-07-26 19:43:29 debug: [object Object]
2022-07-26 19:43:29 debug: [object Object]
2022-07-26 19:43:29 debug: [object Object]
2022-07-26 19:43:29 info: [0mGET /api/user/locations [36m304[0m 7.011 ms - -[0m
2022-07-26 19:43:29 info: [0mGET /api/shipping-methods [36m304[0m 7.244 ms - -[0m
2022-07-26 19:43:29 info: [0mGET /api/user/locations/auto-suggestions [36m304[0m 9.292 ms - -[0m
2022-07-26 19:43:37 info: [0mGET /api/users/types [36m304[0m 2.451 ms - -[0m
2022-07-26 19:43:37 debug: [object Object]
2022-07-26 19:43:37 info: [0mGET /api/auth/refresh-session [32m200[0m 5.044 ms - 705[0m
2022-07-26 19:43:37 debug: [object Object]
2022-07-26 19:43:37 info: [0mGET /api/tags [36m304[0m 10.224 ms - -[0m
2022-07-26 19:43:37 debug: [object Object]
2022-07-26 19:43:37 debug: [object Object]
2022-07-26 19:43:37 debug: [object Object]
2022-07-26 19:43:37 info: [0mGET /api/categories [36m304[0m 21.326 ms - -[0m
2022-07-26 19:43:37 info: [0mGET /api/user/shopping-lists [36m304[0m 22.944 ms - -[0m
2022-07-26 19:43:37 info: [0mGET /api/products [36m304[0m 25.764 ms - -[0m
2022-07-26 19:43:37 debug: [object Object]
2022-07-26 19:43:37 info: [0mGET /api/shipping-methods [36m304[0m 1.981 ms - -[0m
2022-07-26 19:43:37 debug: [object Object]
2022-07-26 19:43:37 info: [0mGET /api/user/locations [36m304[0m 3.519 ms - -[0m
2022-07-26 19:43:37 debug: [object Object]
2022-07-26 19:43:37 info: [0mGET /api/user/locations/auto-suggestions [36m304[0m 3.245 ms - -[0m
2022-07-26 19:44:24 info: [0mGET /api/users/types [36m304[0m 1.732 ms - -[0m
2022-07-26 19:44:24 debug: [object Object]
2022-07-26 19:44:24 info: [0mGET /api/auth/refresh-session [32m200[0m 4.334 ms - 705[0m
2022-07-26 19:44:24 debug: [object Object]
2022-07-26 19:44:24 info: [0mGET /api/tags [36m304[0m 16.938 ms - -[0m
2022-07-26 19:44:24 debug: [object Object]
2022-07-26 19:44:24 debug: [object Object]
2022-07-26 19:44:24 debug: [object Object]
2022-07-26 19:44:24 info: [0mGET /api/categories [36m304[0m 8.939 ms - -[0m
2022-07-26 19:44:24 info: [0mGET /api/products [36m304[0m 15.033 ms - -[0m
2022-07-26 19:44:24 info: [0mGET /api/user/shopping-lists [36m304[0m 16.120 ms - -[0m
2022-07-26 19:44:25 debug: [object Object]
2022-07-26 19:44:25 debug: [object Object]
2022-07-26 19:44:25 debug: [object Object]
2022-07-26 19:44:25 info: [0mGET /api/shipping-methods [36m304[0m 5.929 ms - -[0m
2022-07-26 19:44:25 info: [0mGET /api/user/locations [36m304[0m 6.388 ms - -[0m
2022-07-26 19:44:25 info: [0mGET /api/user/locations/auto-suggestions [36m304[0m 11.449 ms - -[0m
2022-07-26 19:46:11 info: [0mGET /api/users/types [36m304[0m 1.892 ms - -[0m
2022-07-26 19:46:11 debug: [object Object]
2022-07-26 19:46:11 info: [0mGET /api/auth/refresh-session [32m200[0m 6.824 ms - 705[0m
2022-07-26 19:46:11 debug: [object Object]
2022-07-26 19:46:11 info: [0mGET /api/tags [36m304[0m 13.153 ms - -[0m
2022-07-26 19:46:11 debug: [object Object]
2022-07-26 19:46:11 debug: [object Object]
2022-07-26 19:46:11 debug: [object Object]
2022-07-26 19:46:11 info: [0mGET /api/products [36m304[0m 11.317 ms - -[0m
2022-07-26 19:46:11 info: [0mGET /api/categories [36m304[0m 12.683 ms - -[0m
2022-07-26 19:46:11 info: [0mGET /api/user/shopping-lists [36m304[0m 13.239 ms - -[0m
2022-07-26 19:46:12 debug: [object Object]
2022-07-26 19:46:12 debug: [object Object]
2022-07-26 19:46:12 debug: [object Object]
2022-07-26 19:46:12 info: [0mGET /api/user/locations [36m304[0m 6.272 ms - -[0m
2022-07-26 19:46:12 info: [0mGET /api/shipping-methods [36m304[0m 6.414 ms - -[0m
2022-07-26 19:46:12 info: [0mGET /api/user/locations/auto-suggestions [36m304[0m 9.750 ms - -[0m
2022-07-26 19:46:47 info: [0mGET /api/users/types [36m304[0m 1.925 ms - -[0m
2022-07-26 19:46:47 debug: [object Object]
2022-07-26 19:46:47 info: [0mGET /api/auth/refresh-session [32m200[0m 6.454 ms - 705[0m
2022-07-26 19:46:47 debug: [object Object]
2022-07-26 19:46:47 info: [0mGET /api/tags [36m304[0m 11.857 ms - -[0m
2022-07-26 19:46:47 debug: [object Object]
2022-07-26 19:46:47 debug: [object Object]
2022-07-26 19:46:47 debug: [object Object]
2022-07-26 19:46:47 info: [0mGET /api/products [36m304[0m 11.830 ms - -[0m
2022-07-26 19:46:47 info: [0mGET /api/categories [36m304[0m 13.645 ms - -[0m
2022-07-26 19:46:47 info: [0mGET /api/user/shopping-lists [36m304[0m 14.544 ms - -[0m
2022-07-26 19:46:48 debug: [object Object]
2022-07-26 19:46:48 debug: [object Object]
2022-07-26 19:46:48 debug: [object Object]
2022-07-26 19:46:48 info: [0mGET /api/shipping-methods [36m304[0m 8.309 ms - -[0m
2022-07-26 19:46:48 info: [0mGET /api/user/locations [36m304[0m 8.602 ms - -[0m
2022-07-26 19:46:48 info: [0mGET /api/user/locations/auto-suggestions [36m304[0m 10.809 ms - -[0m
2022-07-26 19:53:56 info: [0mGET /api/users/types [36m304[0m 2.522 ms - -[0m
2022-07-26 19:53:56 debug: [object Object]
2022-07-26 19:53:56 info: [0mGET /api/auth/refresh-session [32m200[0m 5.456 ms - 705[0m
2022-07-26 19:53:57 debug: [object Object]
2022-07-26 19:53:57 info: [0mGET /api/tags [36m304[0m 15.396 ms - -[0m
2022-07-26 19:53:57 debug: [object Object]
2022-07-26 19:53:57 debug: [object Object]
2022-07-26 19:53:57 debug: [object Object]
2022-07-26 19:53:57 debug: [object Object]
2022-07-26 19:53:57 debug: [object Object]
2022-07-26 19:53:57 debug: [object Object]
2022-07-26 19:53:57 info: [0mGET /api/products [36m304[0m 15.286 ms - -[0m
2022-07-26 19:53:57 info: [0mGET /api/categories [36m304[0m 16.705 ms - -[0m
2022-07-26 19:53:57 info: [0mGET /api/user/shopping-lists [36m304[0m 19.720 ms - -[0m
2022-07-26 19:53:57 info: [0mGET /api/shipping-methods [36m304[0m 20.773 ms - -[0m
2022-07-26 19:53:57 info: [0mGET /api/user/locations [36m304[0m 22.153 ms - -[0m
2022-07-26 19:53:57 info: [0mGET /api/user/locations/auto-suggestions [36m304[0m 29.489 ms - -[0m
2022-07-26 19:56:30 info: [0mGET /api/users/types [36m304[0m 3.817 ms - -[0m
2022-07-26 19:56:30 debug: [object Object]
2022-07-26 19:56:30 info: [0mGET /api/auth/refresh-session [32m200[0m 10.328 ms - 705[0m
2022-07-26 19:56:30 debug: [object Object]
2022-07-26 19:56:30 info: [0mGET /api/tags [36m304[0m 9.487 ms - -[0m
2022-07-26 19:56:30 debug: [object Object]
2022-07-26 19:56:30 info: [0mGET /api/products [36m304[0m 7.767 ms - -[0m
2022-07-26 19:56:31 debug: [object Object]
2022-07-26 19:56:31 debug: [object Object]
2022-07-26 19:56:31 debug: [object Object]
2022-07-26 19:56:31 debug: [object Object]
2022-07-26 19:56:31 info: [0mGET /api/categories [36m304[0m 12.506 ms - -[0m
2022-07-26 19:56:31 info: [0mGET /api/user/shopping-lists [36m304[0m 13.931 ms - -[0m
2022-07-26 19:56:31 info: [0mGET /api/shipping-methods [36m304[0m 14.430 ms - -[0m
2022-07-26 19:56:31 info: [0mGET /api/user/locations [36m304[0m 15.625 ms - -[0m
2022-07-26 19:56:31 debug: [object Object]
2022-07-26 19:56:31 info: [0mGET /api/user/locations/auto-suggestions [36m304[0m 8.116 ms - -[0m
2022-07-26 19:56:43 info: [0mGET /api/users/types [36m304[0m 4.200 ms - -[0m
2022-07-26 19:56:43 debug: [object Object]
2022-07-26 19:56:43 info: [0mGET /api/auth/refresh-session [32m200[0m 5.967 ms - 705[0m
2022-07-26 19:56:43 debug: [object Object]
2022-07-26 19:56:43 info: [0mGET /api/tags [36m304[0m 11.631 ms - -[0m
2022-07-26 19:56:43 debug: [object Object]
2022-07-26 19:56:43 debug: [object Object]
2022-07-26 19:56:43 debug: [object Object]
2022-07-26 19:56:43 debug: [object Object]
2022-07-26 19:56:43 debug: [object Object]
2022-07-26 19:56:43 debug: [object Object]
2022-07-26 19:56:43 info: [0mGET /api/products [36m304[0m 17.587 ms - -[0m
2022-07-26 19:56:43 info: [0mGET /api/categories [36m304[0m 18.423 ms - -[0m
2022-07-26 19:56:43 info: [0mGET /api/user/shopping-lists [36m304[0m 22.041 ms - -[0m
2022-07-26 19:56:43 info: [0mGET /api/shipping-methods [36m304[0m 23.797 ms - -[0m
2022-07-26 19:56:43 info: [0mGET /api/user/locations [36m304[0m 25.402 ms - -[0m
2022-07-26 19:56:43 info: [0mGET /api/user/locations/auto-suggestions [36m304[0m 28.335 ms - -[0m
2022-07-26 19:57:44 info: [0mGET /api/users/types [36m304[0m 4.597 ms - -[0m
2022-07-26 19:57:44 debug: [object Object]
2022-07-26 19:57:44 info: [0mGET /api/auth/refresh-session [32m200[0m 10.202 ms - 705[0m
2022-07-26 19:57:44 debug: [object Object]
2022-07-26 19:57:44 info: [0mGET /api/tags [36m304[0m 12.480 ms - -[0m
2022-07-26 19:57:44 debug: [object Object]
2022-07-26 19:57:44 debug: [object Object]
2022-07-26 19:57:44 debug: [object Object]
2022-07-26 19:57:44 info: [0mGET /api/products [36m304[0m 11.536 ms - -[0m
2022-07-26 19:57:44 info: [0mGET /api/categories [36m304[0m 13.728 ms - -[0m
2022-07-26 19:57:44 info: [0mGET /api/user/shopping-lists [36m304[0m 14.555 ms - -[0m
2022-07-26 19:57:45 debug: [object Object]
2022-07-26 19:57:45 debug: [object Object]
2022-07-26 19:57:45 debug: [object Object]
2022-07-26 19:57:45 info: [0mGET /api/shipping-methods [36m304[0m 6.418 ms - -[0m
2022-07-26 19:57:45 info: [0mGET /api/user/locations [36m304[0m 6.688 ms - -[0m
2022-07-26 19:57:45 info: [0mGET /api/user/locations/auto-suggestions [36m304[0m 10.045 ms - -[0m
2022-07-26 19:58:20 debug: [object Object]
2022-07-26 19:58:21 info: [0mPOST /api/cart/checkout [32m200[0m 938.568 ms - 262[0m
2022-07-26 22:17:00 info: =================================
2022-07-26 22:17:00 info: ======= ENV: development =======
2022-07-26 22:17:00 info: 🚀 App listening on the port 3000
2022-07-26 22:17:00 info: =================================
2022-07-26 22:18:15 error: [GET] /api/auth/refresh-session >> StatusCode:: 401, Message:: Wrong authentication token
2022-07-26 22:18:15 info: [0mGET /api/auth/refresh-session [33m401[0m 32.620 ms - 40[0m
2022-07-26 22:18:15 info: [0mGET /api/users/types [36m304[0m 1058.895 ms - -[0m
2022-07-26 22:18:19 info: [0mPOST /api/auth/sign-in [32m200[0m 367.221 ms - 697[0m
2022-07-26 22:18:19 debug: [object Object]
2022-07-26 22:18:19 debug: [object Object]
2022-07-26 22:18:19 debug: [object Object]
2022-07-26 22:18:19 info: [0mGET /api/categories [36m304[0m 135.864 ms - -[0m
2022-07-26 22:18:19 info: [0mGET /api/tags [36m304[0m 166.132 ms - -[0m
2022-07-26 22:18:19 info: [0mGET /api/products [36m304[0m 176.795 ms - -[0m
2022-07-26 22:18:19 debug: [object Object]
2022-07-26 22:18:19 debug: [object Object]
2022-07-26 22:18:19 debug: [object Object]
2022-07-26 22:18:19 info: [0mGET /api/shipping-methods [36m304[0m 113.689 ms - -[0m
2022-07-26 22:18:19 debug: [object Object]
2022-07-26 22:18:19 info: [0mGET /api/user/locations [36m304[0m 171.119 ms - -[0m
2022-07-26 22:18:19 info: [0mGET /api/user/shopping-lists [36m304[0m 177.628 ms - -[0m
2022-07-26 22:18:19 info: [0mGET /api/user/locations/auto-suggestions [36m304[0m 39.412 ms - -[0m
2022-07-26 22:19:03 info: [0mGET /api/users/types [36m304[0m 1.965 ms - -[0m
2022-07-26 22:19:03 debug: [object Object]
2022-07-26 22:19:03 info: [0mGET /api/auth/refresh-session [32m200[0m 5.493 ms - 705[0m
2022-07-26 22:19:03 debug: [object Object]
2022-07-26 22:19:03 info: [0mGET /api/tags [36m304[0m 15.140 ms - -[0m
2022-07-26 22:19:03 debug: [object Object]
2022-07-26 22:19:03 debug: [object Object]
2022-07-26 22:19:03 debug: [object Object]
2022-07-26 22:19:03 info: [0mGET /api/products [36m304[0m 15.346 ms - -[0m
2022-07-26 22:19:03 info: [0mGET /api/categories [36m304[0m 17.910 ms - -[0m
2022-07-26 22:19:03 info: [0mGET /api/user/shopping-lists [36m304[0m 19.494 ms - -[0m
2022-07-26 22:19:04 debug: [object Object]
2022-07-26 22:19:04 debug: [object Object]
2022-07-26 22:19:04 info: [0mGET /api/shipping-methods [36m304[0m 8.103 ms - -[0m
2022-07-26 22:19:04 info: [0mGET /api/user/locations [36m304[0m 8.399 ms - -[0m
2022-07-26 22:19:04 debug: [object Object]
2022-07-26 22:19:04 info: [0mGET /api/user/locations/auto-suggestions [36m304[0m 5.994 ms - -[0m
2022-07-26 22:19:52 info: [0mGET /api/users/types [36m304[0m 2.779 ms - -[0m
2022-07-26 22:19:52 debug: [object Object]
2022-07-26 22:19:52 info: [0mGET /api/auth/refresh-session [32m200[0m 5.408 ms - 705[0m
2022-07-26 22:19:52 debug: [object Object]
2022-07-26 22:19:52 info: [0mGET /api/tags [36m304[0m 24.506 ms - -[0m
2022-07-26 22:19:52 debug: [object Object]
2022-07-26 22:19:52 debug: [object Object]
2022-07-26 22:19:52 debug: [object Object]
2022-07-26 22:19:52 info: [0mGET /api/products [36m304[0m 12.551 ms - -[0m
2022-07-26 22:19:52 info: [0mGET /api/categories [36m304[0m 13.977 ms - -[0m
2022-07-26 22:19:52 info: [0mGET /api/user/shopping-lists [36m304[0m 15.649 ms - -[0m
2022-07-26 22:19:53 debug: [object Object]
2022-07-26 22:19:53 debug: [object Object]
2022-07-26 22:19:53 debug: [object Object]
2022-07-26 22:19:53 info: [0mGET /api/shipping-methods [36m304[0m 20.843 ms - -[0m
2022-07-26 22:19:53 info: [0mGET /api/user/locations [36m304[0m 24.899 ms - -[0m
2022-07-26 22:19:53 info: [0mGET /api/user/locations/auto-suggestions [36m304[0m 25.858 ms - -[0m
2022-07-26 22:25:54 info: [0mGET /api/users/types [36m304[0m 5.495 ms - -[0m
2022-07-26 22:25:54 debug: [object Object]
2022-07-26 22:25:54 info: [0mGET /api/auth/refresh-session [32m200[0m 10.960 ms - 705[0m
2022-07-26 22:25:54 debug: [object Object]
2022-07-26 22:25:54 info: [0mGET /api/tags [36m304[0m 15.421 ms - -[0m
2022-07-26 22:25:54 debug: [object Object]
2022-07-26 22:25:54 debug: [object Object]
2022-07-26 22:25:54 debug: [object Object]
2022-07-26 22:25:54 info: [0mGET /api/categories [36m304[0m 22.936 ms - -[0m
2022-07-26 22:25:54 info: [0mGET /api/products [36m304[0m 30.840 ms - -[0m
2022-07-26 22:25:54 info: [0mGET /api/user/shopping-lists [36m304[0m 28.141 ms - -[0m
2022-07-26 22:25:54 debug: [object Object]
2022-07-26 22:25:54 debug: [object Object]
2022-07-26 22:25:54 debug: [object Object]
2022-07-26 22:25:54 info: [0mGET /api/shipping-methods [36m304[0m 9.896 ms - -[0m
2022-07-26 22:25:54 info: [0mGET /api/user/locations [36m304[0m 10.380 ms - -[0m
2022-07-26 22:25:54 info: [0mGET /api/user/locations/auto-suggestions [36m304[0m 13.069 ms - -[0m
2022-07-26 22:26:01 info: [0mGET /api/users/types [36m304[0m 2.977 ms - -[0m
2022-07-26 22:26:01 debug: [object Object]
2022-07-26 22:26:01 info: [0mGET /api/auth/refresh-session [32m200[0m 6.539 ms - 705[0m
2022-07-26 22:26:01 debug: [object Object]
2022-07-26 22:26:01 info: [0mGET /api/tags [36m304[0m 10.414 ms - -[0m
2022-07-26 22:26:02 debug: [object Object]
2022-07-26 22:26:02 debug: [object Object]
2022-07-26 22:26:02 info: [0mGET /api/categories [36m304[0m 10.826 ms - -[0m
2022-07-26 22:26:02 info: [0mGET /api/products [36m304[0m 14.758 ms - -[0m
2022-07-26 22:26:02 debug: [object Object]
2022-07-26 22:26:02 info: [0mGET /api/user/shopping-lists [36m304[0m 7.395 ms - -[0m
2022-07-26 22:26:02 debug: [object Object]
2022-07-26 22:26:02 info: [0mGET /api/shipping-methods [36m304[0m 2.117 ms - -[0m
2022-07-26 22:26:02 debug: [object Object]
2022-07-26 22:26:02 info: [0mGET /api/user/locations [36m304[0m 5.161 ms - -[0m
2022-07-26 22:26:02 debug: [object Object]
2022-07-26 22:26:02 info: [0mGET /api/user/locations/auto-suggestions [36m304[0m 3.304 ms - -[0m
2022-07-26 22:26:06 info: [0mGET /api/users/types [36m304[0m 4.125 ms - -[0m
2022-07-26 22:26:06 debug: [object Object]
2022-07-26 22:26:06 info: [0mGET /api/auth/refresh-session [32m200[0m 4.997 ms - 705[0m
2022-07-26 22:26:06 debug: [object Object]
2022-07-26 22:26:06 debug: [object Object]
2022-07-26 22:26:06 debug: [object Object]
2022-07-26 22:26:06 debug: [object Object]
2022-07-26 22:26:06 info: [0mGET /api/tags [36m304[0m 17.427 ms - -[0m
2022-07-26 22:26:06 info: [0mGET /api/products [36m304[0m 21.213 ms - -[0m
2022-07-26 22:26:06 info: [0mGET /api/categories [36m304[0m 23.293 ms - -[0m
2022-07-26 22:26:06 info: [0mGET /api/user/shopping-lists [36m304[0m 25.742 ms - -[0m
2022-07-26 22:26:07 debug: [object Object]
2022-07-26 22:26:07 debug: [object Object]
2022-07-26 22:26:07 info: [0mGET /api/shipping-methods [36m304[0m 5.653 ms - -[0m
2022-07-26 22:26:07 info: [0mGET /api/user/locations [36m304[0m 6.003 ms - -[0m
2022-07-26 22:26:07 debug: [object Object]
2022-07-26 22:26:07 info: [0mGET /api/user/locations/auto-suggestions [36m304[0m 15.886 ms - -[0m
2022-07-26 22:26:33 info: [0mGET /api/users/types [36m304[0m 1.919 ms - -[0m
2022-07-26 22:26:33 debug: [object Object]
2022-07-26 22:26:33 info: [0mGET /api/auth/refresh-session [32m200[0m 5.027 ms - 705[0m
2022-07-26 22:26:34 debug: [object Object]
2022-07-26 22:26:34 info: [0mGET /api/tags [36m304[0m 10.199 ms - -[0m
2022-07-26 22:26:34 debug: [object Object]
2022-07-26 22:26:34 debug: [object Object]
2022-07-26 22:26:34 debug: [object Object]
2022-07-26 22:26:34 info: [0mGET /api/products [36m304[0m 10.986 ms - -[0m
2022-07-26 22:26:34 info: [0mGET /api/categories [36m304[0m 13.055 ms - -[0m
2022-07-26 22:26:34 info: [0mGET /api/user/shopping-lists [36m304[0m 16.804 ms - -[0m
2022-07-26 22:26:34 debug: [object Object]
2022-07-26 22:26:34 debug: [object Object]
2022-07-26 22:26:34 info: [0mGET /api/shipping-methods [36m304[0m 7.115 ms - -[0m
2022-07-26 22:26:34 debug: [object Object]
2022-07-26 22:26:34 info: [0mGET /api/user/locations [36m304[0m 8.178 ms - -[0m
2022-07-26 22:26:34 info: [0mGET /api/user/locations/auto-suggestions [36m304[0m 8.690 ms - -[0m
2022-07-26 22:26:41 info: [0mGET /api/users/types [36m304[0m 1.863 ms - -[0m
2022-07-26 22:26:41 debug: [object Object]
2022-07-26 22:26:41 info: [0mGET /api/auth/refresh-session [32m200[0m 4.728 ms - 705[0m
2022-07-26 22:26:41 debug: [object Object]
2022-07-26 22:26:41 info: [0mGET /api/tags [36m304[0m 9.287 ms - -[0m
2022-07-26 22:26:41 debug: [object Object]
2022-07-26 22:26:41 debug: [object Object]
2022-07-26 22:26:41 info: [0mGET /api/products [36m304[0m 10.461 ms - -[0m
2022-07-26 22:26:41 info: [0mGET /api/categories [36m304[0m 12.591 ms - -[0m
2022-07-26 22:26:41 debug: [object Object]
2022-07-26 22:26:41 info: [0mGET /api/user/shopping-lists [36m304[0m 9.698 ms - -[0m
2022-07-26 22:26:41 debug: [object Object]
2022-07-26 22:26:41 info: [0mGET /api/shipping-methods [36m304[0m 2.113 ms - -[0m
2022-07-26 22:26:41 debug: [object Object]
2022-07-26 22:26:41 info: [0mGET /api/user/locations [36m304[0m 4.691 ms - -[0m
2022-07-26 22:26:41 debug: [object Object]
2022-07-26 22:26:41 info: [0mGET /api/user/locations/auto-suggestions [36m304[0m 5.736 ms - -[0m
2022-07-26 22:27:05 info: [0mGET /api/users/types [36m304[0m 2.754 ms - -[0m
2022-07-26 22:27:05 debug: [object Object]
2022-07-26 22:27:05 info: [0mGET /api/auth/refresh-session [32m200[0m 4.823 ms - 705[0m
2022-07-26 22:27:05 debug: [object Object]
2022-07-26 22:27:05 info: [0mGET /api/tags [36m304[0m 10.625 ms - -[0m
2022-07-26 22:27:05 debug: [object Object]
2022-07-26 22:27:05 debug: [object Object]
2022-07-26 22:27:05 debug: [object Object]
2022-07-26 22:27:05 info: [0mGET /api/products [36m304[0m 16.040 ms - -[0m
2022-07-26 22:27:05 info: [0mGET /api/categories [36m304[0m 19.488 ms - -[0m
2022-07-26 22:27:05 info: [0mGET /api/user/shopping-lists [36m304[0m 21.439 ms - -[0m
2022-07-26 22:27:06 debug: [object Object]
2022-07-26 22:27:06 debug: [object Object]
2022-07-26 22:27:06 debug: [object Object]
2022-07-26 22:27:06 info: [0mGET /api/shipping-methods [36m304[0m 9.074 ms - -[0m
2022-07-26 22:27:06 info: [0mGET /api/user/locations [36m304[0m 10.310 ms - -[0m
2022-07-26 22:27:06 info: [0mGET /api/user/locations/auto-suggestions [36m304[0m 12.440 ms - -[0m
2022-07-26 22:27:44 info: [0mGET /api/users/types [36m304[0m 2.488 ms - -[0m
2022-07-26 22:27:44 debug: [object Object]
2022-07-26 22:27:44 info: [0mGET /api/auth/refresh-session [32m200[0m 4.987 ms - 705[0m
2022-07-26 22:27:44 debug: [object Object]
2022-07-26 22:27:44 info: [0mGET /api/tags [36m304[0m 11.345 ms - -[0m
2022-07-26 22:27:44 debug: [object Object]
2022-07-26 22:27:44 debug: [object Object]
2022-07-26 22:27:44 debug: [object Object]
2022-07-26 22:27:44 info: [0mGET /api/products [36m304[0m 13.068 ms - -[0m
2022-07-26 22:27:44 info: [0mGET /api/categories [36m304[0m 13.978 ms - -[0m
2022-07-26 22:27:44 info: [0mGET /api/user/shopping-lists [36m304[0m 14.215 ms - -[0m
2022-07-26 22:27:44 debug: [object Object]
2022-07-26 22:27:44 debug: [object Object]
2022-07-26 22:27:44 debug: [object Object]
2022-07-26 22:27:44 info: [0mGET /api/shipping-methods [36m304[0m 7.104 ms - -[0m
2022-07-26 22:27:45 info: [0mGET /api/user/locations [36m304[0m 12.341 ms - -[0m
2022-07-26 22:27:45 info: [0mGET /api/user/locations/auto-suggestions [36m304[0m 16.107 ms - -[0m
2022-07-26 22:29:04 info: [0mGET /api/users/types [36m304[0m 1.881 ms - -[0m
2022-07-26 22:29:04 debug: [object Object]
2022-07-26 22:29:04 info: [0mGET /api/auth/refresh-session [32m200[0m 4.045 ms - 705[0m
2022-07-26 22:29:04 debug: [object Object]
2022-07-26 22:29:04 info: [0mGET /api/tags [36m304[0m 8.458 ms - -[0m
2022-07-26 22:29:04 debug: [object Object]
2022-07-26 22:29:04 debug: [object Object]
2022-07-26 22:29:04 debug: [object Object]
2022-07-26 22:29:04 info: [0mGET /api/products [36m304[0m 8.349 ms - -[0m
2022-07-26 22:29:04 info: [0mGET /api/categories [36m304[0m 9.776 ms - -[0m
2022-07-26 22:29:04 info: [0mGET /api/user/shopping-lists [36m304[0m 11.795 ms - -[0m
2022-07-26 22:29:05 debug: [object Object]
2022-07-26 22:29:05 debug: [object Object]
2022-07-26 22:29:05 debug: [object Object]
2022-07-26 22:29:05 info: [0mGET /api/shipping-methods [36m304[0m 5.276 ms - -[0m
2022-07-26 22:29:05 info: [0mGET /api/user/locations [36m304[0m 6.005 ms - -[0m
2022-07-26 22:29:05 info: [0mGET /api/user/locations/auto-suggestions [36m304[0m 10.034 ms - -[0m
2022-07-26 22:29:22 info: [0mGET /api/users/types [36m304[0m 1.787 ms - -[0m
2022-07-26 22:29:22 debug: [object Object]
2022-07-26 22:29:22 info: [0mGET /api/auth/refresh-session [32m200[0m 5.083 ms - 705[0m
2022-07-26 22:29:22 debug: [object Object]
2022-07-26 22:29:22 info: [0mGET /api/tags [36m304[0m 8.850 ms - -[0m
2022-07-26 22:29:22 debug: [object Object]
2022-07-26 22:29:22 debug: [object Object]
2022-07-26 22:29:22 debug: [object Object]
2022-07-26 22:29:22 info: [0mGET /api/products [36m304[0m 8.648 ms - -[0m
2022-07-26 22:29:22 info: [0mGET /api/categories [36m304[0m 11.065 ms - -[0m
2022-07-26 22:29:22 info: [0mGET /api/user/shopping-lists [36m304[0m 13.494 ms - -[0m
2022-07-26 22:29:22 debug: [object Object]
2022-07-26 22:29:22 debug: [object Object]
2022-07-26 22:29:22 info: [0mGET /api/shipping-methods [36m304[0m 13.681 ms - -[0m
2022-07-26 22:29:22 info: [0mGET /api/user/locations [36m304[0m 13.685 ms - -[0m
2022-07-26 22:29:22 debug: [object Object]
2022-07-26 22:29:22 info: [0mGET /api/user/locations/auto-suggestions [36m304[0m 10.839 ms - -[0m
2022-07-26 22:29:28 info: [0mGET /api/users/types [36m304[0m 3.643 ms - -[0m
2022-07-26 22:29:28 debug: [object Object]
2022-07-26 22:29:28 info: [0mGET /api/auth/refresh-session [32m200[0m 6.141 ms - 705[0m
2022-07-26 22:29:29 debug: [object Object]
2022-07-26 22:29:29 info: [0mGET /api/tags [36m304[0m 8.114 ms - -[0m
2022-07-26 22:29:29 debug: [object Object]
2022-07-26 22:29:29 debug: [object Object]
2022-07-26 22:29:29 debug: [object Object]
2022-07-26 22:29:29 info: [0mGET /api/products [36m304[0m 9.316 ms - -[0m
2022-07-26 22:29:29 info: [0mGET /api/categories [36m304[0m 11.475 ms - -[0m
2022-07-26 22:29:29 info: [0mGET /api/user/shopping-lists [36m304[0m 13.771 ms - -[0m
2022-07-26 22:29:29 debug: [object Object]
2022-07-26 22:29:29 debug: [object Object]
2022-07-26 22:29:29 debug: [object Object]
2022-07-26 22:29:29 info: [0mGET /api/shipping-methods [36m304[0m 8.077 ms - -[0m
2022-07-26 22:29:29 info: [0mGET /api/user/locations [36m304[0m 8.460 ms - -[0m
2022-07-26 22:29:29 info: [0mGET /api/user/locations/auto-suggestions [36m304[0m 10.608 ms - -[0m
2022-07-26 22:29:52 info: [0mGET /api/users/types [36m304[0m 1.780 ms - -[0m
2022-07-26 22:29:52 debug: [object Object]
2022-07-26 22:29:52 info: [0mGET /api/auth/refresh-session [32m200[0m 4.407 ms - 705[0m
2022-07-26 22:29:52 debug: [object Object]
2022-07-26 22:29:52 info: [0mGET /api/tags [36m304[0m 8.677 ms - -[0m
2022-07-26 22:29:52 debug: [object Object]
2022-07-26 22:29:52 debug: [object Object]
2022-07-26 22:29:52 debug: [object Object]
2022-07-26 22:29:52 info: [0mGET /api/products [36m304[0m 8.382 ms - -[0m
2022-07-26 22:29:52 info: [0mGET /api/categories [36m304[0m 9.573 ms - -[0m
2022-07-26 22:29:52 info: [0mGET /api/user/shopping-lists [36m304[0m 10.718 ms - -[0m
2022-07-26 22:29:53 debug: [object Object]
2022-07-26 22:29:53 debug: [object Object]
2022-07-26 22:29:53 debug: [object Object]
2022-07-26 22:29:53 info: [0mGET /api/shipping-methods [36m304[0m 13.705 ms - -[0m
2022-07-26 22:29:53 info: [0mGET /api/user/locations [36m304[0m 15.014 ms - -[0m
2022-07-26 22:29:53 info: [0mGET /api/user/locations/auto-suggestions [36m304[0m 18.109 ms - -[0m
2022-07-26 22:29:55 info: [0mGET /api/users/types [36m304[0m 1.192 ms - -[0m
2022-07-26 22:29:55 debug: [object Object]
2022-07-26 22:29:55 info: [0mGET /api/auth/refresh-session [32m200[0m 8.296 ms - 705[0m
2022-07-26 22:29:55 debug: [object Object]
2022-07-26 22:29:55 debug: [object Object]
2022-07-26 22:29:55 debug: [object Object]
2022-07-26 22:29:56 info: [0mGET /api/categories [36m304[0m 15.515 ms - -[0m
2022-07-26 22:29:56 debug: [object Object]
2022-07-26 22:29:56 info: [0mGET /api/tags [36m304[0m 39.996 ms - -[0m
2022-07-26 22:29:56 info: [0mGET /api/user/shopping-lists [36m304[0m 44.091 ms - -[0m
2022-07-26 22:29:56 info: [0mGET /api/products [36m304[0m 55.669 ms - -[0m
2022-07-26 22:29:56 debug: [object Object]
2022-07-26 22:29:56 info: [0mGET /api/shipping-methods [36m304[0m 2.429 ms - -[0m
2022-07-26 22:29:56 debug: [object Object]
2022-07-26 22:29:56 info: [0mGET /api/user/locations [36m304[0m 5.042 ms - -[0m
2022-07-26 22:29:56 debug: [object Object]
2022-07-26 22:29:56 info: [0mGET /api/user/locations/auto-suggestions [36m304[0m 4.134 ms - -[0m
2022-07-26 22:30:54 info: [0mGET /api/users/types [36m304[0m 2.889 ms - -[0m
2022-07-26 22:30:54 debug: [object Object]
2022-07-26 22:30:54 info: [0mGET /api/auth/refresh-session [32m200[0m 5.247 ms - 705[0m
2022-07-26 22:30:54 debug: [object Object]
2022-07-26 22:30:54 info: [0mGET /api/tags [36m304[0m 11.171 ms - -[0m
2022-07-26 22:30:54 debug: [object Object]
2022-07-26 22:30:54 debug: [object Object]
2022-07-26 22:30:54 debug: [object Object]
2022-07-26 22:30:54 info: [0mGET /api/products [36m304[0m 12.083 ms - -[0m
2022-07-26 22:30:54 info: [0mGET /api/categories [36m304[0m 13.606 ms - -[0m
2022-07-26 22:30:54 info: [0mGET /api/user/shopping-lists [36m304[0m 14.734 ms - -[0m
2022-07-26 22:30:54 debug: [object Object]
2022-07-26 22:30:54 debug: [object Object]
2022-07-26 22:30:54 debug: [object Object]
2022-07-26 22:30:54 info: [0mGET /api/shipping-methods [36m304[0m 7.171 ms - -[0m
2022-07-26 22:30:54 info: [0mGET /api/user/locations [36m304[0m 6.105 ms - -[0m
2022-07-26 22:30:54 info: [0mGET /api/user/locations/auto-suggestions [36m304[0m 9.640 ms - -[0m
2022-07-26 22:31:06 info: [0mGET /api/users/types [36m304[0m 1.683 ms - -[0m
2022-07-26 22:31:06 debug: [object Object]
2022-07-26 22:31:06 info: [0mGET /api/auth/refresh-session [32m200[0m 3.859 ms - 705[0m
2022-07-26 22:31:06 debug: [object Object]
2022-07-26 22:31:06 info: [0mGET /api/tags [36m304[0m 11.556 ms - -[0m
2022-07-26 22:31:06 debug: [object Object]
2022-07-26 22:31:06 debug: [object Object]
2022-07-26 22:31:06 debug: [object Object]
2022-07-26 22:31:06 info: [0mGET /api/products [36m304[0m 12.288 ms - -[0m
2022-07-26 22:31:06 info: [0mGET /api/categories [36m304[0m 12.111 ms - -[0m
2022-07-26 22:31:06 info: [0mGET /api/user/shopping-lists [36m304[0m 13.627 ms - -[0m
2022-07-26 22:31:06 debug: [object Object]
2022-07-26 22:31:06 debug: [object Object]
2022-07-26 22:31:06 debug: [object Object]
2022-07-26 22:31:07 info: [0mGET /api/shipping-methods [36m304[0m 9.300 ms - -[0m
2022-07-26 22:31:07 info: [0mGET /api/user/locations [36m304[0m 10.366 ms - -[0m
2022-07-26 22:31:07 info: [0mGET /api/user/locations/auto-suggestions [36m304[0m 14.326 ms - -[0m
2022-07-26 22:31:13 info: [0mGET /api/users/types [36m304[0m 1.712 ms - -[0m
2022-07-26 22:31:13 debug: [object Object]
2022-07-26 22:31:13 info: [0mGET /api/auth/refresh-session [32m200[0m 3.700 ms - 705[0m
2022-07-26 22:31:13 debug: [object Object]
2022-07-26 22:31:13 info: [0mGET /api/tags [36m304[0m 8.352 ms - -[0m
2022-07-26 22:31:13 debug: [object Object]
2022-07-26 22:31:13 debug: [object Object]
2022-07-26 22:31:13 debug: [object Object]
2022-07-26 22:31:13 info: [0mGET /api/products [36m304[0m 12.258 ms - -[0m
2022-07-26 22:31:13 info: [0mGET /api/categories [36m304[0m 14.636 ms - -[0m
2022-07-26 22:31:13 info: [0mGET /api/user/shopping-lists [36m304[0m 18.327 ms - -[0m
2022-07-26 22:31:14 debug: [object Object]
2022-07-26 22:31:14 info: [0mGET /api/shipping-methods [36m304[0m 3.137 ms - -[0m
2022-07-26 22:31:14 debug: [object Object]
2022-07-26 22:31:14 info: [0mGET /api/user/locations [36m304[0m 3.723 ms - -[0m
2022-07-26 22:31:14 debug: [object Object]
2022-07-26 22:31:14 info: [0mGET /api/user/locations/auto-suggestions [36m304[0m 4.705 ms - -[0m
2022-07-26 22:34:09 info: [0mGET /api/users/types [36m304[0m 2.419 ms - -[0m
2022-07-26 22:34:09 debug: [object Object]
2022-07-26 22:34:09 info: [0mGET /api/auth/refresh-session [32m200[0m 6.115 ms - 705[0m
2022-07-26 22:34:09 debug: [object Object]
2022-07-26 22:34:09 info: [0mGET /api/tags [36m304[0m 10.001 ms - -[0m
2022-07-26 22:34:09 debug: [object Object]
2022-07-26 22:34:09 debug: [object Object]
2022-07-26 22:34:09 debug: [object Object]
2022-07-26 22:34:09 debug: [object Object]
2022-07-26 22:34:09 debug: [object Object]
2022-07-26 22:34:09 info: [0mGET /api/products [36m304[0m 20.387 ms - -[0m
2022-07-26 22:34:09 info: [0mGET /api/categories [36m304[0m 21.251 ms - -[0m
2022-07-26 22:34:09 info: [0mGET /api/user/shopping-lists [36m304[0m 23.293 ms - -[0m
2022-07-26 22:34:09 info: [0mGET /api/shipping-methods [36m304[0m 23.753 ms - -[0m
2022-07-26 22:34:09 info: [0mGET /api/user/locations [36m304[0m 24.911 ms - -[0m
2022-07-26 22:34:09 debug: [object Object]
2022-07-26 22:34:09 info: [0mGET /api/user/locations/auto-suggestions [36m304[0m 4.937 ms - -[0m
2022-07-26 22:34:39 info: [0mGET /api/users/types [36m304[0m 3.734 ms - -[0m
2022-07-26 22:34:39 debug: [object Object]
2022-07-26 22:34:39 info: [0mGET /api/auth/refresh-session [32m200[0m 7.272 ms - 705[0m
2022-07-26 22:34:39 debug: [object Object]
2022-07-26 22:34:39 info: [0mGET /api/tags [36m304[0m 13.641 ms - -[0m
2022-07-26 22:34:40 debug: [object Object]
2022-07-26 22:34:40 debug: [object Object]
2022-07-26 22:34:40 debug: [object Object]
2022-07-26 22:34:40 debug: [object Object]
2022-07-26 22:34:40 debug: [object Object]
2022-07-26 22:34:40 info: [0mGET /api/products [36m304[0m 21.746 ms - -[0m
2022-07-26 22:34:40 info: [0mGET /api/categories [36m304[0m 26.575 ms - -[0m
2022-07-26 22:34:40 info: [0mGET /api/user/locations [36m304[0m 31.889 ms - -[0m
2022-07-26 22:34:40 info: [0mGET /api/user/shopping-lists [36m304[0m 33.580 ms - -[0m
2022-07-26 22:34:40 info: [0mGET /api/shipping-methods [36m304[0m 36.137 ms - -[0m
2022-07-26 22:34:40 debug: [object Object]
2022-07-26 22:34:40 info: [0mGET /api/user/locations/auto-suggestions [36m304[0m 8.872 ms - -[0m
2022-07-26 22:35:03 info: [0mGET /api/users/types [36m304[0m 2.989 ms - -[0m
2022-07-26 22:35:03 debug: [object Object]
2022-07-26 22:35:03 info: [0mGET /api/auth/refresh-session [32m200[0m 4.968 ms - 705[0m
2022-07-26 22:35:03 debug: [object Object]
2022-07-26 22:35:03 info: [0mGET /api/tags [36m304[0m 11.901 ms - -[0m
2022-07-26 22:35:03 debug: [object Object]
2022-07-26 22:35:03 debug: [object Object]
2022-07-26 22:35:03 debug: [object Object]
2022-07-26 22:35:03 info: [0mGET /api/products [36m304[0m 10.878 ms - -[0m
2022-07-26 22:35:03 info: [0mGET /api/categories [36m304[0m 12.263 ms - -[0m
2022-07-26 22:35:03 info: [0mGET /api/user/shopping-lists [36m304[0m 12.345 ms - -[0m
2022-07-26 22:35:03 debug: [object Object]
2022-07-26 22:35:03 debug: [object Object]
2022-07-26 22:35:03 debug: [object Object]
2022-07-26 22:35:03 info: [0mGET /api/user/locations [36m304[0m 12.732 ms - -[0m
2022-07-26 22:35:03 info: [0mGET /api/shipping-methods [36m304[0m 12.866 ms - -[0m
2022-07-26 22:35:03 info: [0mGET /api/user/locations/auto-suggestions [36m304[0m 18.085 ms - -[0m
2022-07-26 22:36:07 info: [0mGET /api/users/types [36m304[0m 1.799 ms - -[0m
2022-07-26 22:36:07 debug: [object Object]
2022-07-26 22:36:07 info: [0mGET /api/auth/refresh-session [32m200[0m 5.558 ms - 705[0m
2022-07-26 22:36:07 debug: [object Object]
2022-07-26 22:36:07 info: [0mGET /api/tags [36m304[0m 9.204 ms - -[0m
2022-07-26 22:36:07 debug: [object Object]
2022-07-26 22:36:07 debug: [object Object]
2022-07-26 22:36:07 debug: [object Object]
2022-07-26 22:36:07 info: [0mGET /api/products [36m304[0m 14.927 ms - -[0m
2022-07-26 22:36:07 info: [0mGET /api/categories [36m304[0m 15.231 ms - -[0m
2022-07-26 22:36:07 info: [0mGET /api/user/shopping-lists [36m304[0m 15.432 ms - -[0m
2022-07-26 22:36:07 debug: [object Object]
2022-07-26 22:36:07 info: [0mGET /api/shipping-methods [36m304[0m 10.403 ms - -[0m
2022-07-26 22:36:07 debug: [object Object]
2022-07-26 22:36:07 debug: [object Object]
2022-07-26 22:36:07 info: [0mGET /api/user/locations [36m304[0m 14.368 ms - -[0m
2022-07-26 22:36:07 info: [0mGET /api/user/locations/auto-suggestions [36m304[0m 16.775 ms - -[0m
2022-07-26 22:36:29 info: [0mGET /api/users/types [36m304[0m 2.592 ms - -[0m
2022-07-26 22:36:29 debug: [object Object]
2022-07-26 22:36:29 info: [0mGET /api/auth/refresh-session [32m200[0m 4.603 ms - 705[0m
2022-07-26 22:36:30 debug: [object Object]
2022-07-26 22:36:30 info: [0mGET /api/tags [36m304[0m 10.007 ms - -[0m
2022-07-26 22:36:30 debug: [object Object]
2022-07-26 22:36:30 debug: [object Object]
2022-07-26 22:36:30 debug: [object Object]
2022-07-26 22:36:30 info: [0mGET /api/products [36m304[0m 10.648 ms - -[0m
2022-07-26 22:36:30 info: [0mGET /api/categories [36m304[0m 11.334 ms - -[0m
2022-07-26 22:36:30 info: [0mGET /api/user/shopping-lists [36m304[0m 12.097 ms - -[0m
2022-07-26 22:36:30 debug: [object Object]
2022-07-26 22:36:30 debug: [object Object]
2022-07-26 22:36:30 debug: [object Object]
2022-07-26 22:36:30 info: [0mGET /api/shipping-methods [36m304[0m 8.726 ms - -[0m
2022-07-26 22:36:30 info: [0mGET /api/user/locations [36m304[0m 8.123 ms - -[0m
2022-07-26 22:36:30 info: [0mGET /api/user/locations/auto-suggestions [36m304[0m 11.607 ms - -[0m
2022-07-26 22:36:31 info: [0mGET /api/users/types [36m304[0m 1.341 ms - -[0m
2022-07-26 22:36:31 debug: [object Object]
2022-07-26 22:36:31 info: [0mGET /api/auth/refresh-session [32m200[0m 4.314 ms - 705[0m
2022-07-26 22:36:31 debug: [object Object]
2022-07-26 22:36:31 debug: [object Object]
2022-07-26 22:36:31 debug: [object Object]
2022-07-26 22:36:31 info: [0mGET /api/tags [36m304[0m 16.882 ms - -[0m
2022-07-26 22:36:31 debug: [object Object]
2022-07-26 22:36:31 info: [0mGET /api/categories [36m304[0m 18.624 ms - -[0m
2022-07-26 22:36:31 info: [0mGET /api/products [36m304[0m 25.045 ms - -[0m
2022-07-26 22:36:31 info: [0mGET /api/user/shopping-lists [36m304[0m 23.822 ms - -[0m
2022-07-26 22:36:32 debug: [object Object]
2022-07-26 22:36:32 info: [0mGET /api/shipping-methods [36m304[0m 2.214 ms - -[0m
2022-07-26 22:36:32 debug: [object Object]
2022-07-26 22:36:32 info: [0mGET /api/user/locations [36m304[0m 3.830 ms - -[0m
2022-07-26 22:36:32 debug: [object Object]
2022-07-26 22:36:32 info: [0mGET /api/user/locations/auto-suggestions [36m304[0m 3.446 ms - -[0m
2022-07-26 22:36:59 info: [0mGET /api/users/types [36m304[0m 3.629 ms - -[0m
2022-07-26 22:36:59 debug: [object Object]
2022-07-26 22:36:59 info: [0mGET /api/auth/refresh-session [32m200[0m 6.223 ms - 705[0m
2022-07-26 22:36:59 debug: [object Object]
2022-07-26 22:36:59 info: [0mGET /api/tags [36m304[0m 9.682 ms - -[0m
2022-07-26 22:36:59 debug: [object Object]
2022-07-26 22:36:59 debug: [object Object]
2022-07-26 22:36:59 debug: [object Object]
2022-07-26 22:36:59 info: [0mGET /api/products [36m304[0m 12.803 ms - -[0m
2022-07-26 22:36:59 info: [0mGET /api/categories [36m304[0m 13.699 ms - -[0m
2022-07-26 22:36:59 info: [0mGET /api/user/shopping-lists [36m304[0m 14.198 ms - -[0m
2022-07-26 22:36:59 debug: [object Object]
2022-07-26 22:36:59 debug: [object Object]
2022-07-26 22:36:59 info: [0mGET /api/user/locations [36m304[0m 5.917 ms - -[0m
2022-07-26 22:36:59 debug: [object Object]
2022-07-26 22:36:59 info: [0mGET /api/shipping-methods [36m304[0m 9.420 ms - -[0m
2022-07-26 22:36:59 info: [0mGET /api/user/locations/auto-suggestions [36m304[0m 10.232 ms - -[0m
2022-07-26 22:37:14 info: [0mGET /api/users/types [36m304[0m 1.872 ms - -[0m
2022-07-26 22:37:14 debug: [object Object]
2022-07-26 22:37:14 info: [0mGET /api/auth/refresh-session [32m200[0m 4.583 ms - 705[0m
2022-07-26 22:37:14 debug: [object Object]
2022-07-26 22:37:14 info: [0mGET /api/tags [36m304[0m 10.822 ms - -[0m
2022-07-26 22:37:14 debug: [object Object]
2022-07-26 22:37:14 debug: [object Object]
2022-07-26 22:37:14 debug: [object Object]
2022-07-26 22:37:14 info: [0mGET /api/products [36m304[0m 12.648 ms - -[0m
2022-07-26 22:37:14 info: [0mGET /api/categories [36m304[0m 15.144 ms - -[0m
2022-07-26 22:37:14 info: [0mGET /api/user/shopping-lists [36m304[0m 15.357 ms - -[0m
2022-07-26 22:37:15 debug: [object Object]
2022-07-26 22:37:15 debug: [object Object]
2022-07-26 22:37:15 debug: [object Object]
2022-07-26 22:37:15 info: [0mGET /api/shipping-methods [36m304[0m 9.773 ms - -[0m
2022-07-26 22:37:15 info: [0mGET /api/user/locations [36m304[0m 9.726 ms - -[0m
2022-07-26 22:37:15 info: [0mGET /api/user/locations/auto-suggestions [36m304[0m 10.787 ms - -[0m
2022-07-26 22:37:27 info: [0mGET /api/users/types [36m304[0m 2.192 ms - -[0m
2022-07-26 22:37:27 debug: [object Object]
2022-07-26 22:37:27 info: [0mGET /api/auth/refresh-session [32m200[0m 5.773 ms - 705[0m
2022-07-26 22:37:27 debug: [object Object]
2022-07-26 22:37:27 info: [0mGET /api/tags [36m304[0m 10.782 ms - -[0m
2022-07-26 22:37:27 debug: [object Object]
2022-07-26 22:37:27 debug: [object Object]
2022-07-26 22:37:27 debug: [object Object]
2022-07-26 22:37:27 info: [0mGET /api/products [36m304[0m 12.514 ms - -[0m
2022-07-26 22:37:27 info: [0mGET /api/categories [36m304[0m 14.467 ms - -[0m
2022-07-26 22:37:27 info: [0mGET /api/user/shopping-lists [36m304[0m 15.717 ms - -[0m
2022-07-26 22:37:28 debug: [object Object]
2022-07-26 22:37:28 debug: [object Object]
2022-07-26 22:37:28 debug: [object Object]
2022-07-26 22:37:28 info: [0mGET /api/shipping-methods [36m304[0m 9.481 ms - -[0m
2022-07-26 22:37:28 info: [0mGET /api/user/locations [36m304[0m 8.916 ms - -[0m
2022-07-26 22:37:28 info: [0mGET /api/user/locations/auto-suggestions [36m304[0m 13.771 ms - -[0m
2022-07-26 22:37:40 info: [0mGET /api/users/types [36m304[0m 3.148 ms - -[0m
2022-07-26 22:37:40 debug: [object Object]
2022-07-26 22:37:40 info: [0mGET /api/auth/refresh-session [32m200[0m 7.876 ms - 705[0m
2022-07-26 22:37:40 debug: [object Object]
2022-07-26 22:37:40 info: [0mGET /api/tags [36m304[0m 11.995 ms - -[0m
2022-07-26 22:37:40 debug: [object Object]
2022-07-26 22:37:40 debug: [object Object]
2022-07-26 22:37:40 debug: [object Object]
2022-07-26 22:37:40 info: [0mGET /api/products [36m304[0m 14.804 ms - -[0m
2022-07-26 22:37:40 info: [0mGET /api/categories [36m304[0m 15.043 ms - -[0m
2022-07-26 22:37:40 info: [0mGET /api/user/shopping-lists [36m304[0m 14.785 ms - -[0m
2022-07-26 22:37:40 debug: [object Object]
2022-07-26 22:37:40 debug: [object Object]
2022-07-26 22:37:40 debug: [object Object]
2022-07-26 22:37:40 info: [0mGET /api/shipping-methods [36m304[0m 8.812 ms - -[0m
2022-07-26 22:37:40 info: [0mGET /api/user/locations [36m304[0m 8.835 ms - -[0m
2022-07-26 22:37:40 info: [0mGET /api/user/locations/auto-suggestions [36m304[0m 11.489 ms - -[0m
2022-07-26 22:37:56 info: [0mGET /api/users/types [36m304[0m 1.734 ms - -[0m
2022-07-26 22:37:56 debug: [object Object]
2022-07-26 22:37:56 info: [0mGET /api/auth/refresh-session [32m200[0m 3.831 ms - 705[0m
2022-07-26 22:37:56 debug: [object Object]
2022-07-26 22:37:56 info: [0mGET /api/tags [36m304[0m 11.148 ms - -[0m
2022-07-26 22:37:56 debug: [object Object]
2022-07-26 22:37:56 debug: [object Object]
2022-07-26 22:37:56 debug: [object Object]
2022-07-26 22:37:56 info: [0mGET /api/products [36m304[0m 12.344 ms - -[0m
2022-07-26 22:37:56 info: [0mGET /api/categories [36m304[0m 12.149 ms - -[0m
2022-07-26 22:37:56 info: [0mGET /api/user/shopping-lists [36m304[0m 13.068 ms - -[0m
2022-07-26 22:37:57 debug: [object Object]
2022-07-26 22:37:57 debug: [object Object]
2022-07-26 22:37:57 debug: [object Object]
2022-07-26 22:37:57 info: [0mGET /api/shipping-methods [36m304[0m 15.097 ms - -[0m
2022-07-26 22:37:57 info: [0mGET /api/user/locations [36m304[0m 14.921 ms - -[0m
2022-07-26 22:37:57 info: [0mGET /api/user/locations/auto-suggestions [36m304[0m 19.540 ms - -[0m
2022-07-26 22:38:37 info: [0mGET /api/users/types [36m304[0m 3.794 ms - -[0m
2022-07-26 22:38:37 debug: [object Object]
2022-07-26 22:38:37 info: [0mGET /api/auth/refresh-session [32m200[0m 9.033 ms - 705[0m
2022-07-26 22:38:37 debug: [object Object]
2022-07-26 22:38:37 info: [0mGET /api/tags [36m304[0m 15.598 ms - -[0m
2022-07-26 22:38:37 debug: [object Object]
2022-07-26 22:38:37 debug: [object Object]
2022-07-26 22:38:37 info: [0mGET /api/products [36m304[0m 12.307 ms - -[0m
2022-07-26 22:38:37 info: [0mGET /api/categories [36m304[0m 10.007 ms - -[0m
2022-07-26 22:38:37 debug: [object Object]
2022-07-26 22:38:37 debug: [object Object]
2022-07-26 22:38:37 debug: [object Object]
2022-07-26 22:38:37 info: [0mGET /api/shipping-methods [36m304[0m 8.462 ms - -[0m
2022-07-26 22:38:37 info: [0mGET /api/user/shopping-lists [36m304[0m 8.215 ms - -[0m
2022-07-26 22:38:37 info: [0mGET /api/user/locations [36m304[0m 8.663 ms - -[0m
2022-07-26 22:38:37 debug: [object Object]
2022-07-26 22:38:37 info: [0mGET /api/user/locations/auto-suggestions [36m304[0m 8.729 ms - -[0m
2022-07-26 22:38:49 info: [0mGET /api/users/types [36m304[0m 2.083 ms - -[0m
2022-07-26 22:38:49 debug: [object Object]
2022-07-26 22:38:49 info: [0mGET /api/auth/refresh-session [32m200[0m 4.010 ms - 705[0m
2022-07-26 22:38:49 debug: [object Object]
2022-07-26 22:38:49 info: [0mGET /api/tags [36m304[0m 13.234 ms - -[0m
2022-07-26 22:38:49 debug: [object Object]
2022-07-26 22:38:49 debug: [object Object]
2022-07-26 22:38:49 debug: [object Object]
2022-07-26 22:38:49 info: [0mGET /api/products [36m304[0m 11.732 ms - -[0m
2022-07-26 22:38:49 info: [0mGET /api/categories [36m304[0m 11.938 ms - -[0m
2022-07-26 22:38:49 info: [0mGET /api/user/shopping-lists [36m304[0m 12.182 ms - -[0m
2022-07-26 22:38:49 debug: [object Object]
2022-07-26 22:38:49 debug: [object Object]
2022-07-26 22:38:49 debug: [object Object]
2022-07-26 22:38:49 info: [0mGET /api/shipping-methods [36m304[0m 14.674 ms - -[0m
2022-07-26 22:38:49 info: [0mGET /api/user/locations [36m304[0m 16.537 ms - -[0m
2022-07-26 22:38:49 info: [0mGET /api/user/locations/auto-suggestions [36m304[0m 20.929 ms - -[0m
2022-07-26 22:39:27 info: [0mGET /api/users/types [36m304[0m 4.866 ms - -[0m
2022-07-26 22:39:27 debug: [object Object]
2022-07-26 22:39:27 info: [0mGET /api/auth/refresh-session [32m200[0m 6.279 ms - 705[0m
2022-07-26 22:39:27 debug: [object Object]
2022-07-26 22:39:27 info: [0mGET /api/tags [36m304[0m 9.279 ms - -[0m
2022-07-26 22:39:27 debug: [object Object]
2022-07-26 22:39:27 debug: [object Object]
2022-07-26 22:39:27 info: [0mGET /api/products [36m304[0m 13.037 ms - -[0m
2022-07-26 22:39:27 debug: [object Object]
2022-07-26 22:39:27 info: [0mGET /api/categories [36m304[0m 18.241 ms - -[0m
2022-07-26 22:39:27 info: [0mGET /api/user/shopping-lists [36m304[0m 15.150 ms - -[0m
2022-07-26 22:39:27 debug: [object Object]
2022-07-26 22:39:27 debug: [object Object]
2022-07-26 22:39:27 info: [0mGET /api/shipping-methods [36m304[0m 5.811 ms - -[0m
2022-07-26 22:39:27 info: [0mGET /api/user/locations [36m304[0m 8.441 ms - -[0m
2022-07-26 22:39:27 debug: [object Object]
2022-07-26 22:39:27 info: [0mGET /api/user/locations/auto-suggestions [36m304[0m 4.566 ms - -[0m
2022-07-26 22:39:48 info: [0mGET /api/users/types [36m304[0m 1.475 ms - -[0m
2022-07-26 22:39:48 debug: [object Object]
2022-07-26 22:39:48 info: [0mGET /api/auth/refresh-session [32m200[0m 3.271 ms - 705[0m
2022-07-26 22:39:48 debug: [object Object]
2022-07-26 22:39:48 info: [0mGET /api/tags [36m304[0m 9.471 ms - -[0m
2022-07-26 22:39:48 debug: [object Object]
2022-07-26 22:39:48 debug: [object Object]
2022-07-26 22:39:48 debug: [object Object]
2022-07-26 22:39:48 info: [0mGET /api/products [36m304[0m 8.965 ms - -[0m
2022-07-26 22:39:48 info: [0mGET /api/categories [36m304[0m 9.334 ms - -[0m
2022-07-26 22:39:48 info: [0mGET /api/user/shopping-lists [36m304[0m 9.868 ms - -[0m
2022-07-26 22:39:48 debug: [object Object]
2022-07-26 22:39:48 debug: [object Object]
2022-07-26 22:39:48 debug: [object Object]
2022-07-26 22:39:48 info: [0mGET /api/user/locations [36m304[0m 13.934 ms - -[0m
2022-07-26 22:39:48 info: [0mGET /api/shipping-methods [36m304[0m 12.372 ms - -[0m
2022-07-26 22:39:48 info: [0mGET /api/user/locations/auto-suggestions [36m304[0m 17.284 ms - -[0m
2022-07-26 22:39:57 info: [0mGET /api/users/types [36m304[0m 2.239 ms - -[0m
2022-07-26 22:39:57 debug: [object Object]
2022-07-26 22:39:57 info: [0mGET /api/auth/refresh-session [32m200[0m 6.383 ms - 705[0m
2022-07-26 22:39:57 debug: [object Object]
2022-07-26 22:39:57 info: [0mGET /api/tags [36m304[0m 9.106 ms - -[0m
2022-07-26 22:39:57 debug: [object Object]
2022-07-26 22:39:57 debug: [object Object]
2022-07-26 22:39:57 debug: [object Object]
2022-07-26 22:39:57 info: [0mGET /api/products [36m304[0m 9.792 ms - -[0m
2022-07-26 22:39:57 info: [0mGET /api/categories [36m304[0m 11.546 ms - -[0m
2022-07-26 22:39:57 info: [0mGET /api/user/shopping-lists [36m304[0m 12.164 ms - -[0m
2022-07-26 22:39:57 debug: [object Object]
2022-07-26 22:39:57 debug: [object Object]
2022-07-26 22:39:57 debug: [object Object]
2022-07-26 22:39:57 info: [0mGET /api/shipping-methods [36m304[0m 6.449 ms - -[0m
2022-07-26 22:39:57 info: [0mGET /api/user/locations [36m304[0m 7.783 ms - -[0m
2022-07-26 22:39:57 info: [0mGET /api/user/locations/auto-suggestions [36m304[0m 12.755 ms - -[0m
2022-07-26 22:40:11 info: [0mGET /api/users/types [36m304[0m 1.799 ms - -[0m
2022-07-26 22:40:11 debug: [object Object]
2022-07-26 22:40:11 info: [0mGET /api/auth/refresh-session [32m200[0m 4.582 ms - 705[0m
2022-07-26 22:40:11 debug: [object Object]
2022-07-26 22:40:11 info: [0mGET /api/tags [36m304[0m 8.337 ms - -[0m
2022-07-26 22:40:11 debug: [object Object]
2022-07-26 22:40:11 debug: [object Object]
2022-07-26 22:40:11 debug: [object Object]
2022-07-26 22:40:11 info: [0mGET /api/products [36m304[0m 10.421 ms - -[0m
2022-07-26 22:40:11 info: [0mGET /api/categories [36m304[0m 11.030 ms - -[0m
2022-07-26 22:40:11 info: [0mGET /api/user/shopping-lists [36m304[0m 13.203 ms - -[0m
2022-07-26 22:40:12 debug: [object Object]
2022-07-26 22:40:12 info: [0mGET /api/shipping-methods [36m304[0m 5.863 ms - -[0m
2022-07-26 22:40:12 debug: [object Object]
2022-07-26 22:40:12 info: [0mGET /api/user/locations [36m304[0m 3.365 ms - -[0m
2022-07-26 22:40:12 debug: [object Object]
2022-07-26 22:40:12 info: [0mGET /api/user/locations/auto-suggestions [36m304[0m 5.067 ms - -[0m
2022-07-26 22:40:22 info: [0mGET /api/users/types [36m304[0m 1.720 ms - -[0m
2022-07-26 22:40:22 debug: [object Object]
2022-07-26 22:40:22 info: [0mGET /api/auth/refresh-session [32m200[0m 3.986 ms - 705[0m
2022-07-26 22:40:22 debug: [object Object]
2022-07-26 22:40:22 info: [0mGET /api/tags [36m304[0m 10.479 ms - -[0m
2022-07-26 22:40:22 debug: [object Object]
2022-07-26 22:40:22 debug: [object Object]
2022-07-26 22:40:22 debug: [object Object]
2022-07-26 22:40:22 info: [0mGET /api/products [36m304[0m 7.953 ms - -[0m
2022-07-26 22:40:22 info: [0mGET /api/categories [36m304[0m 8.590 ms - -[0m
2022-07-26 22:40:22 info: [0mGET /api/user/shopping-lists [36m304[0m 9.837 ms - -[0m
2022-07-26 22:40:23 debug: [object Object]
2022-07-26 22:40:23 debug: [object Object]
2022-07-26 22:40:23 info: [0mGET /api/shipping-methods [36m304[0m 3.668 ms - -[0m
2022-07-26 22:40:23 info: [0mGET /api/user/locations [36m304[0m 4.614 ms - -[0m
2022-07-26 22:40:23 debug: [object Object]
2022-07-26 22:40:23 info: [0mGET /api/user/locations/auto-suggestions [36m304[0m 4.385 ms - -[0m
2022-07-26 22:40:43 info: [0mGET /api/users/types [36m304[0m 1.827 ms - -[0m
2022-07-26 22:40:43 debug: [object Object]
2022-07-26 22:40:43 info: [0mGET /api/auth/refresh-session [32m200[0m 4.141 ms - 705[0m
2022-07-26 22:40:43 debug: [object Object]
2022-07-26 22:40:43 info: [0mGET /api/tags [36m304[0m 8.606 ms - -[0m
2022-07-26 22:40:43 debug: [object Object]
2022-07-26 22:40:43 debug: [object Object]
2022-07-26 22:40:43 debug: [object Object]
2022-07-26 22:40:43 info: [0mGET /api/products [36m304[0m 7.926 ms - -[0m
2022-07-26 22:40:43 info: [0mGET /api/categories [36m304[0m 8.533 ms - -[0m
2022-07-26 22:40:43 info: [0mGET /api/user/shopping-lists [36m304[0m 9.792 ms - -[0m
2022-07-26 22:40:44 debug: [object Object]
2022-07-26 22:40:44 debug: [object Object]
2022-07-26 22:40:44 debug: [object Object]
2022-07-26 22:40:44 info: [0mGET /api/shipping-methods [36m304[0m 13.498 ms - -[0m
2022-07-26 22:40:44 info: [0mGET /api/user/locations [36m304[0m 13.751 ms - -[0m
2022-07-26 22:40:44 info: [0mGET /api/user/locations/auto-suggestions [36m304[0m 16.884 ms - -[0m
2022-07-26 22:41:04 info: [0mGET /api/users/types [36m304[0m 1.716 ms - -[0m
2022-07-26 22:41:04 debug: [object Object]
2022-07-26 22:41:04 info: [0mGET /api/auth/refresh-session [32m200[0m 3.960 ms - 705[0m
2022-07-26 22:41:04 debug: [object Object]
2022-07-26 22:41:04 info: [0mGET /api/tags [36m304[0m 9.281 ms - -[0m
2022-07-26 22:41:04 debug: [object Object]
2022-07-26 22:41:04 debug: [object Object]
2022-07-26 22:41:04 debug: [object Object]
2022-07-26 22:41:04 info: [0mGET /api/products [36m304[0m 11.611 ms - -[0m
2022-07-26 22:41:04 info: [0mGET /api/categories [36m304[0m 11.464 ms - -[0m
2022-07-26 22:41:04 info: [0mGET /api/user/shopping-lists [36m304[0m 11.804 ms - -[0m
2022-07-26 22:41:04 debug: [object Object]
2022-07-26 22:41:04 debug: [object Object]
2022-07-26 22:41:04 debug: [object Object]
2022-07-26 22:41:04 info: [0mGET /api/shipping-methods [36m304[0m 9.966 ms - -[0m
2022-07-26 22:41:04 info: [0mGET /api/user/locations [36m304[0m 11.056 ms - -[0m
2022-07-26 22:41:04 info: [0mGET /api/user/locations/auto-suggestions [36m304[0m 13.623 ms - -[0m
2022-07-26 22:41:38 info: [0mGET /api/users/types [36m304[0m 1.768 ms - -[0m
2022-07-26 22:41:38 debug: [object Object]
2022-07-26 22:41:38 info: [0mGET /api/auth/refresh-session [32m200[0m 4.516 ms - 705[0m
2022-07-26 22:41:38 debug: [object Object]
2022-07-26 22:41:38 info: [0mGET /api/tags [36m304[0m 8.801 ms - -[0m
2022-07-26 22:41:38 debug: [object Object]
2022-07-26 22:41:38 debug: [object Object]
2022-07-26 22:41:38 debug: [object Object]
2022-07-26 22:41:38 info: [0mGET /api/products [36m304[0m 22.574 ms - -[0m
2022-07-26 22:41:38 info: [0mGET /api/categories [36m304[0m 22.579 ms - -[0m
2022-07-26 22:41:38 info: [0mGET /api/user/shopping-lists [36m304[0m 26.457 ms - -[0m
2022-07-26 22:41:38 debug: [object Object]
2022-07-26 22:41:38 debug: [object Object]
2022-07-26 22:41:38 debug: [object Object]
2022-07-26 22:41:38 info: [0mGET /api/shipping-methods [36m304[0m 6.889 ms - -[0m
2022-07-26 22:41:38 info: [0mGET /api/user/locations [36m304[0m 8.691 ms - -[0m
2022-07-26 22:41:38 info: [0mGET /api/user/locations/auto-suggestions [36m304[0m 12.965 ms - -[0m
2022-07-26 22:41:42 info: [0mGET /api/users/types [36m304[0m 2.070 ms - -[0m
2022-07-26 22:41:42 debug: [object Object]
2022-07-26 22:41:42 info: [0mGET /api/auth/refresh-session [32m200[0m 6.425 ms - 705[0m
2022-07-26 22:41:42 debug: [object Object]
2022-07-26 22:41:42 debug: [object Object]
2022-07-26 22:41:42 debug: [object Object]
2022-07-26 22:41:42 debug: [object Object]
2022-07-26 22:41:42 info: [0mGET /api/categories [36m304[0m 10.806 ms - -[0m
2022-07-26 22:41:42 info: [0mGET /api/tags [36m304[0m 21.272 ms - -[0m
2022-07-26 22:41:42 info: [0mGET /api/products [36m304[0m 27.980 ms - -[0m
2022-07-26 22:41:42 info: [0mGET /api/user/shopping-lists [36m304[0m 34.995 ms - -[0m
2022-07-26 22:41:42 debug: [object Object]
2022-07-26 22:41:42 info: [0mGET /api/shipping-methods [36m304[0m 2.816 ms - -[0m
2022-07-26 22:41:42 debug: [object Object]
2022-07-26 22:41:42 info: [0mGET /api/user/locations [36m304[0m 3.110 ms - -[0m
2022-07-26 22:41:42 debug: [object Object]
2022-07-26 22:41:42 info: [0mGET /api/user/locations/auto-suggestions [36m304[0m 3.578 ms - -[0m
2022-07-26 22:41:58 info: [0mGET /api/users/types [36m304[0m 2.709 ms - -[0m
2022-07-26 22:41:58 debug: [object Object]
2022-07-26 22:41:58 info: [0mGET /api/auth/refresh-session [32m200[0m 3.966 ms - 705[0m
2022-07-26 22:41:58 debug: [object Object]
2022-07-26 22:41:58 info: [0mGET /api/tags [36m304[0m 9.949 ms - -[0m
2022-07-26 22:41:58 debug: [object Object]
2022-07-26 22:41:58 debug: [object Object]
2022-07-26 22:41:58 debug: [object Object]
2022-07-26 22:41:58 info: [0mGET /api/products [36m304[0m 11.012 ms - -[0m
2022-07-26 22:41:58 info: [0mGET /api/categories [36m304[0m 11.208 ms - -[0m
2022-07-26 22:41:58 info: [0mGET /api/user/shopping-lists [36m304[0m 11.193 ms - -[0m
2022-07-26 22:41:59 debug: [object Object]
2022-07-26 22:41:59 debug: [object Object]
2022-07-26 22:41:59 debug: [object Object]
2022-07-26 22:41:59 info: [0mGET /api/shipping-methods [36m304[0m 8.814 ms - -[0m
2022-07-26 22:41:59 info: [0mGET /api/user/locations [36m304[0m 9.282 ms - -[0m
2022-07-26 22:41:59 info: [0mGET /api/user/locations/auto-suggestions [36m304[0m 10.686 ms - -[0m
2022-07-26 22:42:17 info: [0mGET /api/users/types [36m304[0m 2.053 ms - -[0m
2022-07-26 22:42:17 debug: [object Object]
2022-07-26 22:42:17 info: [0mGET /api/auth/refresh-session [32m200[0m 3.696 ms - 705[0m
2022-07-26 22:42:17 debug: [object Object]
2022-07-26 22:42:17 info: [0mGET /api/tags [36m304[0m 8.403 ms - -[0m
2022-07-26 22:42:17 debug: [object Object]
2022-07-26 22:42:17 debug: [object Object]
2022-07-26 22:42:17 debug: [object Object]
2022-07-26 22:42:17 info: [0mGET /api/products [36m304[0m 9.664 ms - -[0m
2022-07-26 22:42:17 info: [0mGET /api/categories [36m304[0m 10.718 ms - -[0m
2022-07-26 22:42:17 info: [0mGET /api/user/shopping-lists [36m304[0m 11.914 ms - -[0m
2022-07-26 22:42:17 debug: [object Object]
2022-07-26 22:42:17 debug: [object Object]
2022-07-26 22:42:17 debug: [object Object]
2022-07-26 22:42:17 info: [0mGET /api/shipping-methods [36m304[0m 5.863 ms - -[0m
2022-07-26 22:42:17 info: [0mGET /api/user/locations [36m304[0m 6.159 ms - -[0m
2022-07-26 22:42:17 info: [0mGET /api/user/locations/auto-suggestions [36m304[0m 10.069 ms - -[0m
2022-07-26 22:42:59 info: [0mGET /api/users/types [36m304[0m 2.190 ms - -[0m
2022-07-26 22:42:59 debug: [object Object]
2022-07-26 22:42:59 info: [0mGET /api/auth/refresh-session [32m200[0m 6.043 ms - 705[0m
2022-07-26 22:42:59 debug: [object Object]
2022-07-26 22:42:59 info: [0mGET /api/tags [36m304[0m 11.330 ms - -[0m
2022-07-26 22:42:59 debug: [object Object]
2022-07-26 22:42:59 debug: [object Object]
2022-07-26 22:42:59 debug: [object Object]
2022-07-26 22:42:59 info: [0mGET /api/products [36m304[0m 12.790 ms - -[0m
2022-07-26 22:42:59 info: [0mGET /api/categories [36m304[0m 13.597 ms - -[0m
2022-07-26 22:42:59 info: [0mGET /api/user/shopping-lists [36m304[0m 14.070 ms - -[0m
2022-07-26 22:42:59 debug: [object Object]
2022-07-26 22:42:59 info: [0mGET /api/shipping-methods [36m304[0m 4.535 ms - -[0m
2022-07-26 22:42:59 debug: [object Object]
2022-07-26 22:42:59 debug: [object Object]
2022-07-26 22:42:59 info: [0mGET /api/user/locations [36m304[0m 6.593 ms - -[0m
2022-07-26 22:42:59 info: [0mGET /api/user/locations/auto-suggestions [36m304[0m 9.176 ms - -[0m
2022-07-26 22:43:08 info: [0mGET /api/users/types [36m304[0m 1.676 ms - -[0m
2022-07-26 22:43:08 debug: [object Object]
2022-07-26 22:43:08 info: [0mGET /api/auth/refresh-session [32m200[0m 4.280 ms - 705[0m
2022-07-26 22:43:08 debug: [object Object]
2022-07-26 22:43:08 info: [0mGET /api/tags [36m304[0m 10.927 ms - -[0m
2022-07-26 22:43:08 debug: [object Object]
2022-07-26 22:43:08 debug: [object Object]
2022-07-26 22:43:08 debug: [object Object]
2022-07-26 22:43:08 info: [0mGET /api/products [36m304[0m 15.133 ms - -[0m
2022-07-26 22:43:08 info: [0mGET /api/categories [36m304[0m 15.094 ms - -[0m
2022-07-26 22:43:08 info: [0mGET /api/user/shopping-lists [36m304[0m 14.574 ms - -[0m
2022-07-26 22:43:09 debug: [object Object]
2022-07-26 22:43:09 debug: [object Object]
2022-07-26 22:43:09 debug: [object Object]
2022-07-26 22:43:09 info: [0mGET /api/shipping-methods [36m304[0m 4.851 ms - -[0m
2022-07-26 22:43:09 info: [0mGET /api/user/locations [36m304[0m 6.037 ms - -[0m
2022-07-26 22:43:09 info: [0mGET /api/user/locations/auto-suggestions [36m304[0m 8.048 ms - -[0m
2022-07-26 22:43:19 info: [0mGET /api/users/types [36m304[0m 1.833 ms - -[0m
2022-07-26 22:43:19 debug: [object Object]
2022-07-26 22:43:19 info: [0mGET /api/auth/refresh-session [32m200[0m 4.450 ms - 705[0m
2022-07-26 22:43:19 debug: [object Object]
2022-07-26 22:43:19 info: [0mGET /api/tags [36m304[0m 11.167 ms - -[0m
2022-07-26 22:43:19 debug: [object Object]
2022-07-26 22:43:19 debug: [object Object]
2022-07-26 22:43:19 debug: [object Object]
2022-07-26 22:43:19 info: [0mGET /api/products [36m304[0m 12.570 ms - -[0m
2022-07-26 22:43:19 info: [0mGET /api/categories [36m304[0m 12.916 ms - -[0m
2022-07-26 22:43:19 info: [0mGET /api/user/shopping-lists [36m304[0m 15.946 ms - -[0m
2022-07-26 22:43:19 debug: [object Object]
2022-07-26 22:43:19 debug: [object Object]
2022-07-26 22:43:19 debug: [object Object]
2022-07-26 22:43:19 info: [0mGET /api/shipping-methods [36m304[0m 7.575 ms - -[0m
2022-07-26 22:43:19 info: [0mGET /api/user/locations [36m304[0m 8.849 ms - -[0m
2022-07-26 22:43:19 info: [0mGET /api/user/locations/auto-suggestions [36m304[0m 12.579 ms - -[0m
2022-07-26 22:43:29 info: [0mGET /api/users/types [36m304[0m 2.306 ms - -[0m
2022-07-26 22:43:29 debug: [object Object]
2022-07-26 22:43:29 info: [0mGET /api/auth/refresh-session [32m200[0m 5.206 ms - 705[0m
2022-07-26 22:43:29 debug: [object Object]
2022-07-26 22:43:29 info: [0mGET /api/tags [36m304[0m 11.868 ms - -[0m
2022-07-26 22:43:29 debug: [object Object]
2022-07-26 22:43:29 debug: [object Object]
2022-07-26 22:43:29 debug: [object Object]
2022-07-26 22:43:29 info: [0mGET /api/products [36m304[0m 11.599 ms - -[0m
2022-07-26 22:43:29 info: [0mGET /api/categories [36m304[0m 13.733 ms - -[0m
2022-07-26 22:43:29 info: [0mGET /api/user/shopping-lists [36m304[0m 14.552 ms - -[0m
2022-07-26 22:43:29 debug: [object Object]
2022-07-26 22:43:29 debug: [object Object]
2022-07-26 22:43:29 info: [0mGET /api/shipping-methods [36m304[0m 11.305 ms - -[0m
2022-07-26 22:43:29 info: [0mGET /api/user/locations [36m304[0m 15.327 ms - -[0m
2022-07-26 22:43:29 debug: [object Object]
2022-07-26 22:43:29 info: [0mGET /api/user/locations/auto-suggestions [36m304[0m 14.103 ms - -[0m
2022-07-26 22:44:16 info: [0mGET /api/users/types [36m304[0m 1.832 ms - -[0m
2022-07-26 22:44:16 debug: [object Object]
2022-07-26 22:44:16 info: [0mGET /api/auth/refresh-session [32m200[0m 4.934 ms - 705[0m
2022-07-26 22:44:16 debug: [object Object]
2022-07-26 22:44:16 info: [0mGET /api/tags [36m304[0m 13.128 ms - -[0m
2022-07-26 22:44:16 debug: [object Object]
2022-07-26 22:44:16 debug: [object Object]
2022-07-26 22:44:16 debug: [object Object]
2022-07-26 22:44:16 info: [0mGET /api/categories [36m304[0m 7.424 ms - -[0m
2022-07-26 22:44:16 info: [0mGET /api/products [36m304[0m 12.517 ms - -[0m
2022-07-26 22:44:16 info: [0mGET /api/user/shopping-lists [36m304[0m 12.590 ms - -[0m
2022-07-26 22:44:16 debug: [object Object]
2022-07-26 22:44:16 info: [0mGET /api/shipping-methods [36m304[0m 3.040 ms - -[0m
2022-07-26 22:44:16 debug: [object Object]
2022-07-26 22:44:16 debug: [object Object]
2022-07-26 22:44:16 info: [0mGET /api/user/locations [36m304[0m 10.366 ms - -[0m
2022-07-26 22:44:16 info: [0mGET /api/user/locations/auto-suggestions [36m304[0m 15.108 ms - -[0m
2022-07-26 22:44:19 info: [0mGET /api/users/types [36m304[0m 1.009 ms - -[0m
2022-07-26 22:44:20 debug: [object Object]
2022-07-26 22:44:20 info: [0mGET /api/auth/refresh-session [32m200[0m 2.548 ms - 705[0m
2022-07-26 22:44:20 debug: [object Object]
2022-07-26 22:44:20 debug: [object Object]
2022-07-26 22:44:20 debug: [object Object]
2022-07-26 22:44:20 debug: [object Object]
2022-07-26 22:44:20 info: [0mGET /api/tags [36m304[0m 30.047 ms - -[0m
2022-07-26 22:44:20 info: [0mGET /api/categories [36m304[0m 30.980 ms - -[0m
2022-07-26 22:44:20 info: [0mGET /api/user/shopping-lists [36m304[0m 31.311 ms - -[0m
2022-07-26 22:44:20 info: [0mGET /api/products [36m304[0m 39.088 ms - -[0m
2022-07-26 22:44:20 debug: [object Object]
2022-07-26 22:44:20 info: [0mGET /api/shipping-methods [36m304[0m 2.004 ms - -[0m
2022-07-26 22:44:20 debug: [object Object]
2022-07-26 22:44:20 info: [0mGET /api/user/locations [36m304[0m 5.197 ms - -[0m
2022-07-26 22:44:20 debug: [object Object]
2022-07-26 22:44:20 info: [0mGET /api/user/locations/auto-suggestions [36m304[0m 4.430 ms - -[0m
2022-07-26 22:44:54 info: [0mGET /api/users/types [36m304[0m 5.286 ms - -[0m
2022-07-26 22:44:54 debug: [object Object]
2022-07-26 22:44:54 info: [0mGET /api/auth/refresh-session [32m200[0m 9.364 ms - 705[0m
2022-07-26 22:44:54 debug: [object Object]
2022-07-26 22:44:54 info: [0mGET /api/tags [36m304[0m 9.038 ms - -[0m
2022-07-26 22:44:54 debug: [object Object]
2022-07-26 22:44:54 debug: [object Object]
2022-07-26 22:44:54 debug: [object Object]
2022-07-26 22:44:54 info: [0mGET /api/products [36m304[0m 13.885 ms - -[0m
2022-07-26 22:44:54 info: [0mGET /api/categories [36m304[0m 15.938 ms - -[0m
2022-07-26 22:44:54 info: [0mGET /api/user/shopping-lists [36m304[0m 20.940 ms - -[0m
2022-07-26 22:44:54 debug: [object Object]
2022-07-26 22:44:54 debug: [object Object]
2022-07-26 22:44:54 debug: [object Object]
2022-07-26 22:44:54 info: [0mGET /api/shipping-methods [36m304[0m 11.992 ms - -[0m
2022-07-26 22:44:54 info: [0mGET /api/user/locations [36m304[0m 11.017 ms - -[0m
2022-07-26 22:44:54 info: [0mGET /api/user/locations/auto-suggestions [36m304[0m 13.591 ms - -[0m
2022-07-26 22:47:33 info: [0mGET /api/users/types [36m304[0m 1.800 ms - -[0m
2022-07-26 22:47:33 debug: [object Object]
2022-07-26 22:47:33 info: [0mGET /api/auth/refresh-session [32m200[0m 4.008 ms - 705[0m
2022-07-26 22:47:34 debug: [object Object]
2022-07-26 22:47:34 info: [0mGET /api/tags [36m304[0m 9.779 ms - -[0m
2022-07-26 22:47:34 debug: [object Object]
2022-07-26 22:47:34 debug: [object Object]
2022-07-26 22:47:34 debug: [object Object]
2022-07-26 22:47:34 info: [0mGET /api/products [36m304[0m 14.029 ms - -[0m
2022-07-26 22:47:34 info: [0mGET /api/categories [36m304[0m 15.387 ms - -[0m
2022-07-26 22:47:34 info: [0mGET /api/user/shopping-lists [36m304[0m 17.397 ms - -[0m
2022-07-26 22:47:34 debug: [object Object]
2022-07-26 22:47:34 debug: [object Object]
2022-07-26 22:47:34 debug: [object Object]
2022-07-26 22:47:34 info: [0mGET /api/shipping-methods [36m304[0m 7.726 ms - -[0m
2022-07-26 22:47:34 info: [0mGET /api/user/locations [36m304[0m 8.958 ms - -[0m
2022-07-26 22:47:34 info: [0mGET /api/user/locations/auto-suggestions [36m304[0m 11.092 ms - -[0m
2022-07-26 22:48:32 info: [0mGET /api/users/types [36m304[0m 2.014 ms - -[0m
2022-07-26 22:48:32 debug: [object Object]
2022-07-26 22:48:32 info: [0mGET /api/auth/refresh-session [32m200[0m 4.138 ms - 705[0m
2022-07-26 22:48:32 debug: [object Object]
2022-07-26 22:48:32 info: [0mGET /api/tags [36m304[0m 8.563 ms - -[0m
2022-07-26 22:48:32 debug: [object Object]
2022-07-26 22:48:32 debug: [object Object]
2022-07-26 22:48:32 debug: [object Object]
2022-07-26 22:48:32 info: [0mGET /api/products [36m304[0m 9.859 ms - -[0m
2022-07-26 22:48:32 info: [0mGET /api/categories [36m304[0m 12.346 ms - -[0m
2022-07-26 22:48:32 info: [0mGET /api/user/shopping-lists [36m304[0m 13.019 ms - -[0m
2022-07-26 22:48:32 debug: [object Object]
2022-07-26 22:48:32 debug: [object Object]
2022-07-26 22:48:32 debug: [object Object]
2022-07-26 22:48:32 info: [0mGET /api/shipping-methods [36m304[0m 7.876 ms - -[0m
2022-07-26 22:48:32 info: [0mGET /api/user/locations [36m304[0m 8.724 ms - -[0m
2022-07-26 22:48:32 info: [0mGET /api/user/locations/auto-suggestions [36m304[0m 10.497 ms - -[0m
2022-07-26 22:49:53 info: [0mGET /api/users/types [36m304[0m 1.976 ms - -[0m
2022-07-26 22:49:53 debug: [object Object]
2022-07-26 22:49:53 info: [0mGET /api/auth/refresh-session [32m200[0m 4.638 ms - 705[0m
2022-07-26 22:49:53 debug: [object Object]
2022-07-26 22:49:53 info: [0mGET /api/tags [36m304[0m 8.674 ms - -[0m
2022-07-26 22:49:53 debug: [object Object]
2022-07-26 22:49:53 debug: [object Object]
2022-07-26 22:49:53 debug: [object Object]
2022-07-26 22:49:53 info: [0mGET /api/products [36m304[0m 10.282 ms - -[0m
2022-07-26 22:49:53 info: [0mGET /api/categories [36m304[0m 12.589 ms - -[0m
2022-07-26 22:49:53 info: [0mGET /api/user/shopping-lists [36m304[0m 14.274 ms - -[0m
2022-07-26 22:49:54 debug: [object Object]
2022-07-26 22:49:54 debug: [object Object]
2022-07-26 22:49:54 info: [0mGET /api/shipping-methods [36m304[0m 8.259 ms - -[0m
2022-07-26 22:49:54 info: [0mGET /api/user/locations [36m304[0m 8.192 ms - -[0m
2022-07-26 22:49:54 debug: [object Object]
2022-07-26 22:49:54 info: [0mGET /api/user/locations/auto-suggestions [36m304[0m 6.273 ms - -[0m
2022-07-26 22:49:56 info: [0mGET /api/users/types [36m304[0m 1.140 ms - -[0m
2022-07-26 22:49:57 debug: [object Object]
2022-07-26 22:49:57 info: [0mGET /api/auth/refresh-session [32m200[0m 5.393 ms - 705[0m
2022-07-26 22:49:57 debug: [object Object]
2022-07-26 22:49:57 debug: [object Object]
2022-07-26 22:49:57 debug: [object Object]
2022-07-26 22:49:57 debug: [object Object]
2022-07-26 22:49:57 info: [0mGET /api/tags [36m304[0m 14.755 ms - -[0m
2022-07-26 22:49:57 info: [0mGET /api/categories [36m304[0m 12.607 ms - -[0m
2022-07-26 22:49:57 info: [0mGET /api/products [36m304[0m 17.839 ms - -[0m
2022-07-26 22:49:57 info: [0mGET /api/user/shopping-lists [36m304[0m 18.669 ms - -[0m
2022-07-26 22:49:57 debug: [object Object]
2022-07-26 22:49:57 info: [0mGET /api/shipping-methods [36m304[0m 2.402 ms - -[0m
2022-07-26 22:49:57 debug: [object Object]
2022-07-26 22:49:57 info: [0mGET /api/user/locations [36m304[0m 3.815 ms - -[0m
2022-07-26 22:49:57 debug: [object Object]
2022-07-26 22:49:57 info: [0mGET /api/user/locations/auto-suggestions [36m304[0m 3.192 ms - -[0m
2022-07-26 22:51:12 info: [0mGET /api/users/types [36m304[0m 2.744 ms - -[0m
2022-07-26 22:51:12 debug: [object Object]
2022-07-26 22:51:12 info: [0mGET /api/auth/refresh-session [32m200[0m 4.163 ms - 705[0m
2022-07-26 22:51:12 debug: [object Object]
2022-07-26 22:51:12 info: [0mGET /api/tags [36m304[0m 14.695 ms - -[0m
2022-07-26 22:51:12 debug: [object Object]
2022-07-26 22:51:12 debug: [object Object]
2022-07-26 22:51:12 debug: [object Object]
2022-07-26 22:51:12 info: [0mGET /api/categories [36m304[0m 9.847 ms - -[0m
2022-07-26 22:51:12 info: [0mGET /api/products [36m304[0m 13.893 ms - -[0m
2022-07-26 22:51:12 info: [0mGET /api/user/shopping-lists [36m304[0m 12.160 ms - -[0m
2022-07-26 22:51:12 debug: [object Object]
2022-07-26 22:51:12 debug: [object Object]
2022-07-26 22:51:12 debug: [object Object]
2022-07-26 22:51:12 info: [0mGET /api/shipping-methods [36m304[0m 6.376 ms - -[0m
2022-07-26 22:51:12 info: [0mGET /api/user/locations [36m304[0m 7.255 ms - -[0m
2022-07-26 22:51:12 info: [0mGET /api/user/locations/auto-suggestions [36m304[0m 10.819 ms - -[0m
2022-07-26 22:51:33 debug: [object Object]
2022-07-26 22:51:33 info: [0mGET /api/users/types [36m304[0m 4.108 ms - -[0m
2022-07-26 22:51:33 info: [0mGET /api/auth/refresh-session [32m200[0m 9.606 ms - 705[0m
2022-07-26 22:51:33 debug: [object Object]
2022-07-26 22:51:33 info: [0mGET /api/tags [36m304[0m 12.864 ms - -[0m
2022-07-26 22:51:33 debug: [object Object]
2022-07-26 22:51:33 debug: [object Object]
2022-07-26 22:51:33 debug: [object Object]
2022-07-26 22:51:33 info: [0mGET /api/products [36m304[0m 14.151 ms - -[0m
2022-07-26 22:51:33 info: [0mGET /api/categories [36m304[0m 15.787 ms - -[0m
2022-07-26 22:51:33 info: [0mGET /api/user/shopping-lists [36m304[0m 16.357 ms - -[0m
2022-07-26 22:51:34 debug: [object Object]
2022-07-26 22:51:34 debug: [object Object]
2022-07-26 22:51:34 debug: [object Object]
2022-07-26 22:51:34 info: [0mGET /api/shipping-methods [36m304[0m 10.918 ms - -[0m
2022-07-26 22:51:34 info: [0mGET /api/user/locations [36m304[0m 13.002 ms - -[0m
2022-07-26 22:51:34 info: [0mGET /api/user/locations/auto-suggestions [36m304[0m 19.151 ms - -[0m
2022-07-26 22:51:46 info: [0mGET /api/users/types [36m304[0m 2.650 ms - -[0m
2022-07-26 22:51:46 debug: [object Object]
2022-07-26 22:51:46 info: [0mGET /api/auth/refresh-session [32m200[0m 3.809 ms - 705[0m
2022-07-26 22:51:46 debug: [object Object]
2022-07-26 22:51:46 info: [0mGET /api/tags [36m304[0m 10.666 ms - -[0m
2022-07-26 22:51:46 debug: [object Object]
2022-07-26 22:51:46 debug: [object Object]
2022-07-26 22:51:46 debug: [object Object]
2022-07-26 22:51:46 info: [0mGET /api/products [36m304[0m 9.319 ms - -[0m
2022-07-26 22:51:46 info: [0mGET /api/categories [36m304[0m 10.422 ms - -[0m
2022-07-26 22:51:46 info: [0mGET /api/user/shopping-lists [36m304[0m 12.941 ms - -[0m
2022-07-26 22:51:47 debug: [object Object]
2022-07-26 22:51:47 debug: [object Object]
2022-07-26 22:51:47 debug: [object Object]
2022-07-26 22:51:47 info: [0mGET /api/shipping-methods [36m304[0m 7.980 ms - -[0m
2022-07-26 22:51:47 info: [0mGET /api/user/locations [36m304[0m 8.277 ms - -[0m
2022-07-26 22:51:47 info: [0mGET /api/user/locations/auto-suggestions [36m304[0m 9.418 ms - -[0m
2022-07-26 22:52:08 info: [0mGET /api/users/types [36m304[0m 3.794 ms - -[0m
2022-07-26 22:52:08 debug: [object Object]
2022-07-26 22:52:08 info: [0mGET /api/auth/refresh-session [32m200[0m 7.120 ms - 705[0m
2022-07-26 22:52:08 debug: [object Object]
2022-07-26 22:52:08 info: [0mGET /api/tags [36m304[0m 8.618 ms - -[0m
2022-07-26 22:52:08 debug: [object Object]
2022-07-26 22:52:08 debug: [object Object]
2022-07-26 22:52:08 debug: [object Object]
2022-07-26 22:52:08 info: [0mGET /api/products [36m304[0m 9.665 ms - -[0m
2022-07-26 22:52:08 info: [0mGET /api/categories [36m304[0m 11.962 ms - -[0m
2022-07-26 22:52:08 info: [0mGET /api/user/shopping-lists [36m304[0m 17.595 ms - -[0m
2022-07-26 22:52:09 debug: [object Object]
2022-07-26 22:52:09 debug: [object Object]
2022-07-26 22:52:09 debug: [object Object]
2022-07-26 22:52:09 info: [0mGET /api/shipping-methods [36m304[0m 5.633 ms - -[0m
2022-07-26 22:52:09 info: [0mGET /api/user/locations [36m304[0m 6.429 ms - -[0m
2022-07-26 22:52:09 info: [0mGET /api/user/locations/auto-suggestions [36m304[0m 11.874 ms - -[0m
2022-07-26 22:52:28 info: [0mGET /api/users/types [36m304[0m 3.826 ms - -[0m
2022-07-26 22:52:28 debug: [object Object]
2022-07-26 22:52:28 info: [0mGET /api/auth/refresh-session [32m200[0m 10.731 ms - 705[0m
2022-07-26 22:52:28 debug: [object Object]
2022-07-26 22:52:28 info: [0mGET /api/tags [36m304[0m 12.642 ms - -[0m
2022-07-26 22:52:28 debug: [object Object]
2022-07-26 22:52:28 debug: [object Object]
2022-07-26 22:52:28 debug: [object Object]
2022-07-26 22:52:28 info: [0mGET /api/products [36m304[0m 14.023 ms - -[0m
2022-07-26 22:52:28 info: [0mGET /api/categories [36m304[0m 16.559 ms - -[0m
2022-07-26 22:52:28 info: [0mGET /api/user/shopping-lists [36m304[0m 18.682 ms - -[0m
2022-07-26 22:52:28 debug: [object Object]
2022-07-26 22:52:28 debug: [object Object]
2022-07-26 22:52:28 debug: [object Object]
2022-07-26 22:52:28 info: [0mGET /api/shipping-methods [36m304[0m 8.858 ms - -[0m
2022-07-26 22:52:28 info: [0mGET /api/user/locations [36m304[0m 8.996 ms - -[0m
2022-07-26 22:52:28 info: [0mGET /api/user/locations/auto-suggestions [36m304[0m 16.964 ms - -[0m
2022-07-26 22:57:44 info: [0mGET /api/users/types [36m304[0m 2.686 ms - -[0m
2022-07-26 22:57:44 debug: [object Object]
2022-07-26 22:57:44 info: [0mGET /api/auth/refresh-session [32m200[0m 4.731 ms - 705[0m
2022-07-26 22:57:45 debug: [object Object]
2022-07-26 22:57:45 info: [0mGET /api/tags [36m304[0m 10.836 ms - -[0m
2022-07-26 22:57:45 debug: [object Object]
2022-07-26 22:57:45 debug: [object Object]
2022-07-26 22:57:45 debug: [object Object]
2022-07-26 22:57:45 info: [0mGET /api/products [36m304[0m 11.394 ms - -[0m
2022-07-26 22:57:45 info: [0mGET /api/categories [36m304[0m 12.043 ms - -[0m
2022-07-26 22:57:45 info: [0mGET /api/user/shopping-lists [36m304[0m 12.814 ms - -[0m
2022-07-26 22:57:45 debug: [object Object]
2022-07-26 22:57:45 debug: [object Object]
2022-07-26 22:57:45 info: [0mGET /api/shipping-methods [36m304[0m 3.419 ms - -[0m
2022-07-26 22:57:45 info: [0mGET /api/user/locations [36m304[0m 5.852 ms - -[0m
2022-07-26 22:57:45 debug: [object Object]
2022-07-26 22:57:45 info: [0mGET /api/user/locations/auto-suggestions [36m304[0m 3.317 ms - -[0m
