2022-07-12 19:11:47 info: =================================
2022-07-12 19:11:47 info: ======= ENV: development =======
2022-07-12 19:11:47 info: 🚀 App listening on the port 3000
2022-07-12 19:11:47 info: =================================
2022-07-12 19:12:56 error: [GET] /api/auth/refresh-session >> StatusCode:: 401, Message:: Wrong authentication token
2022-07-12 19:12:56 info: [0mGET /api/auth/refresh-session [33m401[0m 5.781 ms - 40[0m
2022-07-12 19:12:57 info: [0mGET /api/users/types [36m304[0m 1256.469 ms - -[0m
2022-07-12 19:13:00 info: [0mPOST /api/auth/sign-in [32m200[0m 372.340 ms - 544[0m
2022-07-12 19:13:00 debug: [object Object]
2022-07-12 19:13:00 debug: [object Object]
2022-07-12 19:13:00 debug: [object Object]
2022-07-12 19:13:00 info: [0mGET /api/products [36m304[0m 132.636 ms - -[0m
2022-07-12 19:13:00 info: [0mGET /api/categories [36m304[0m 137.659 ms - -[0m
2022-07-12 19:13:00 info: [0mGET /api/tags [36m304[0m 150.463 ms - -[0m
2022-07-12 19:13:00 debug: [object Object]
2022-07-12 19:13:00 debug: [object Object]
2022-07-12 19:13:00 info: [0mGET /api/shipping-methods [36m304[0m 7.974 ms - -[0m
2022-07-12 19:13:00 info: [0mGET /api/user/shopping-lists [36m304[0m 64.749 ms - -[0m
2022-07-12 19:13:27 info: [0mGET /api/users/types [36m304[0m 4.338 ms - -[0m
2022-07-12 19:13:27 debug: [object Object]
2022-07-12 19:13:27 info: [0mGET /api/auth/refresh-session [32m200[0m 12.279 ms - 552[0m
2022-07-12 19:13:27 debug: [object Object]
2022-07-12 19:13:27 info: [0mGET /api/tags [36m304[0m 23.113 ms - -[0m
2022-07-12 19:13:27 debug: [object Object]
2022-07-12 19:13:27 debug: [object Object]
2022-07-12 19:13:27 debug: [object Object]
2022-07-12 19:13:27 info: [0mGET /api/products [36m304[0m 12.874 ms - -[0m
2022-07-12 19:13:27 info: [0mGET /api/categories [36m304[0m 13.390 ms - -[0m
2022-07-12 19:13:27 info: [0mGET /api/user/shopping-lists [36m304[0m 15.999 ms - -[0m
2022-07-12 19:13:27 debug: [object Object]
2022-07-12 19:13:27 info: [0mGET /api/shipping-methods [36m304[0m 3.567 ms - -[0m
2022-07-12 19:15:04 info: [0mGET /api/users/types [36m304[0m 4.853 ms - -[0m
2022-07-12 19:15:04 debug: [object Object]
2022-07-12 19:15:04 info: [0mGET /api/auth/refresh-session [32m200[0m 17.427 ms - 552[0m
2022-07-12 19:15:04 debug: [object Object]
2022-07-12 19:15:04 debug: [object Object]
2022-07-12 19:15:04 debug: [object Object]
2022-07-12 19:15:04 debug: [object Object]
2022-07-12 19:15:04 info: [0mGET /api/tags [36m304[0m 51.170 ms - -[0m
2022-07-12 19:15:04 info: [0mGET /api/products [36m304[0m 54.882 ms - -[0m
2022-07-12 19:15:04 info: [0mGET /api/user/shopping-lists [36m304[0m 54.110 ms - -[0m
2022-07-12 19:15:04 info: [0mGET /api/categories [36m304[0m 64.286 ms - -[0m
2022-07-12 19:15:05 debug: [object Object]
2022-07-12 19:15:05 info: [0mGET /api/shipping-methods [36m304[0m 3.448 ms - -[0m
2022-07-12 19:15:33 info: [0mGET /api/users/types [36m304[0m 2.544 ms - -[0m
2022-07-12 19:15:33 debug: [object Object]
2022-07-12 19:15:33 info: [0mGET /api/auth/refresh-session [32m200[0m 5.881 ms - 552[0m
2022-07-12 19:15:33 debug: [object Object]
2022-07-12 19:15:33 info: [0mGET /api/tags [36m304[0m 14.173 ms - -[0m
2022-07-12 19:15:33 debug: [object Object]
2022-07-12 19:15:33 debug: [object Object]
2022-07-12 19:15:33 debug: [object Object]
2022-07-12 19:15:33 info: [0mGET /api/products [36m304[0m 8.526 ms - -[0m
2022-07-12 19:15:33 info: [0mGET /api/categories [36m304[0m 9.857 ms - -[0m
2022-07-12 19:15:33 info: [0mGET /api/user/shopping-lists [36m304[0m 10.386 ms - -[0m
2022-07-12 19:15:33 debug: [object Object]
2022-07-12 19:15:33 info: [0mGET /api/shipping-methods [36m304[0m 2.410 ms - -[0m
2022-07-12 19:16:20 info: [0mGET /api/users/types [36m304[0m 4.848 ms - -[0m
2022-07-12 19:16:20 debug: [object Object]
2022-07-12 19:16:20 info: [0mGET /api/auth/refresh-session [32m200[0m 8.109 ms - 552[0m
2022-07-12 19:16:20 debug: [object Object]
2022-07-12 19:16:20 info: [0mGET /api/tags [36m304[0m 18.799 ms - -[0m
2022-07-12 19:16:20 debug: [object Object]
2022-07-12 19:16:20 debug: [object Object]
2022-07-12 19:16:20 debug: [object Object]
2022-07-12 19:16:20 info: [0mGET /api/products [36m304[0m 11.813 ms - -[0m
2022-07-12 19:16:20 info: [0mGET /api/categories [36m304[0m 14.547 ms - -[0m
2022-07-12 19:16:20 info: [0mGET /api/user/shopping-lists [36m304[0m 20.281 ms - -[0m
2022-07-12 19:16:20 debug: [object Object]
2022-07-12 19:16:20 info: [0mGET /api/shipping-methods [36m304[0m 7.631 ms - -[0m
2022-07-12 19:18:47 info: [0mGET /api/users/types [36m304[0m 2.451 ms - -[0m
2022-07-12 19:18:47 debug: [object Object]
2022-07-12 19:18:47 info: [0mGET /api/auth/refresh-session [32m200[0m 5.268 ms - 552[0m
2022-07-12 19:18:47 debug: [object Object]
2022-07-12 19:18:47 info: [0mGET /api/tags [36m304[0m 17.408 ms - -[0m
2022-07-12 19:18:47 debug: [object Object]
2022-07-12 19:18:47 debug: [object Object]
2022-07-12 19:18:47 debug: [object Object]
2022-07-12 19:18:47 info: [0mGET /api/products [36m304[0m 11.400 ms - -[0m
2022-07-12 19:18:47 info: [0mGET /api/categories [36m304[0m 13.664 ms - -[0m
2022-07-12 19:18:47 info: [0mGET /api/user/shopping-lists [36m304[0m 16.090 ms - -[0m
2022-07-12 19:18:47 debug: [object Object]
2022-07-12 19:18:47 info: [0mGET /api/shipping-methods [36m304[0m 2.859 ms - -[0m
2022-07-12 19:18:50 info: [0mGET /api/users/types [36m304[0m 2.773 ms - -[0m
2022-07-12 19:18:50 debug: [object Object]
2022-07-12 19:18:50 info: [0mGET /api/auth/refresh-session [32m200[0m 7.455 ms - 552[0m
2022-07-12 19:18:50 debug: [object Object]
2022-07-12 19:18:50 info: [0mGET /api/tags [36m304[0m 12.587 ms - -[0m
2022-07-12 19:18:50 debug: [object Object]
2022-07-12 19:18:50 debug: [object Object]
2022-07-12 19:18:50 debug: [object Object]
2022-07-12 19:18:50 info: [0mGET /api/products [36m304[0m 14.382 ms - -[0m
2022-07-12 19:18:50 info: [0mGET /api/categories [36m304[0m 14.477 ms - -[0m
2022-07-12 19:18:50 info: [0mGET /api/user/shopping-lists [36m304[0m 14.932 ms - -[0m
2022-07-12 19:18:50 debug: [object Object]
2022-07-12 19:18:50 info: [0mGET /api/shipping-methods [36m304[0m 2.688 ms - -[0m
2022-07-12 19:19:13 info: [0mGET /api/users/types [36m304[0m 4.778 ms - -[0m
2022-07-12 19:19:13 debug: [object Object]
2022-07-12 19:19:13 info: [0mGET /api/auth/refresh-session [32m200[0m 7.748 ms - 552[0m
2022-07-12 19:19:13 debug: [object Object]
2022-07-12 19:19:13 debug: [object Object]
2022-07-12 19:19:13 info: [0mGET /api/tags [36m304[0m 24.257 ms - -[0m
2022-07-12 19:19:13 debug: [object Object]
2022-07-12 19:19:13 info: [0mGET /api/products [36m304[0m 27.709 ms - -[0m
2022-07-12 19:19:13 info: [0mGET /api/categories [36m304[0m 26.146 ms - -[0m
2022-07-12 19:19:14 debug: [object Object]
2022-07-12 19:19:14 debug: [object Object]
2022-07-12 19:19:14 info: [0mGET /api/user/shopping-lists [36m304[0m 5.792 ms - -[0m
2022-07-12 19:19:14 info: [0mGET /api/shipping-methods [36m304[0m 5.259 ms - -[0m
2022-07-12 19:22:01 info: [0mGET /api/users/types [36m304[0m 4.763 ms - -[0m
2022-07-12 19:22:01 debug: [object Object]
2022-07-12 19:22:01 info: [0mGET /api/auth/refresh-session [32m200[0m 9.063 ms - 552[0m
2022-07-12 19:22:01 debug: [object Object]
2022-07-12 19:22:01 info: [0mGET /api/tags [36m304[0m 23.909 ms - -[0m
2022-07-12 19:22:01 debug: [object Object]
2022-07-12 19:22:01 debug: [object Object]
2022-07-12 19:22:01 debug: [object Object]
2022-07-12 19:22:01 info: [0mGET /api/products [36m304[0m 39.287 ms - -[0m
2022-07-12 19:22:01 info: [0mGET /api/user/shopping-lists [36m304[0m 29.820 ms - -[0m
2022-07-12 19:22:01 info: [0mGET /api/categories [36m304[0m 50.749 ms - -[0m
2022-07-12 19:22:02 debug: [object Object]
2022-07-12 19:22:02 info: [0mGET /api/shipping-methods [36m304[0m 2.158 ms - -[0m
2022-07-12 19:23:33 info: [0mGET /api/users/types [36m304[0m 2.028 ms - -[0m
2022-07-12 19:23:33 debug: [object Object]
2022-07-12 19:23:33 info: [0mGET /api/auth/refresh-session [32m200[0m 6.111 ms - 552[0m
2022-07-12 19:23:33 debug: [object Object]
2022-07-12 19:23:33 info: [0mGET /api/tags [36m304[0m 26.795 ms - -[0m
2022-07-12 19:23:33 debug: [object Object]
2022-07-12 19:23:33 debug: [object Object]
2022-07-12 19:23:33 debug: [object Object]
2022-07-12 19:23:33 info: [0mGET /api/products [36m304[0m 22.460 ms - -[0m
2022-07-12 19:23:33 info: [0mGET /api/categories [36m304[0m 22.767 ms - -[0m
2022-07-12 19:23:33 info: [0mGET /api/user/shopping-lists [36m304[0m 24.146 ms - -[0m
2022-07-12 19:23:33 debug: [object Object]
2022-07-12 19:23:33 info: [0mGET /api/shipping-methods [36m304[0m 3.635 ms - -[0m
2022-07-12 19:24:28 info: [0mGET /api/users/types [36m304[0m 3.545 ms - -[0m
2022-07-12 19:24:28 debug: [object Object]
2022-07-12 19:24:28 info: [0mGET /api/auth/refresh-session [32m200[0m 7.096 ms - 552[0m
2022-07-12 19:24:28 debug: [object Object]
2022-07-12 19:24:28 info: [0mGET /api/tags [36m304[0m 20.217 ms - -[0m
2022-07-12 19:24:28 debug: [object Object]
2022-07-12 19:24:28 debug: [object Object]
2022-07-12 19:24:28 debug: [object Object]
2022-07-12 19:24:28 info: [0mGET /api/products [36m304[0m 15.672 ms - -[0m
2022-07-12 19:24:28 info: [0mGET /api/user/shopping-lists [36m304[0m 15.075 ms - -[0m
2022-07-12 19:24:28 info: [0mGET /api/categories [36m304[0m 19.361 ms - -[0m
2022-07-12 19:24:28 debug: [object Object]
2022-07-12 19:24:28 info: [0mGET /api/shipping-methods [36m304[0m 3.410 ms - -[0m
2022-07-12 19:25:14 info: [0mGET /api/users/types [36m304[0m 3.652 ms - -[0m
2022-07-12 19:25:14 debug: [object Object]
2022-07-12 19:25:14 info: [0mGET /api/auth/refresh-session [32m200[0m 6.845 ms - 552[0m
2022-07-12 19:25:15 debug: [object Object]
2022-07-12 19:25:15 debug: [object Object]
2022-07-12 19:25:15 debug: [object Object]
2022-07-12 19:25:15 info: [0mGET /api/tags [36m304[0m 37.090 ms - -[0m
2022-07-12 19:25:15 info: [0mGET /api/products [36m304[0m 44.410 ms - -[0m
2022-07-12 19:25:15 info: [0mGET /api/categories [36m304[0m 60.782 ms - -[0m
2022-07-12 19:25:15 debug: [object Object]
2022-07-12 19:25:15 debug: [object Object]
2022-07-12 19:25:15 info: [0mGET /api/user/shopping-lists [36m304[0m 6.805 ms - -[0m
2022-07-12 19:25:15 info: [0mGET /api/shipping-methods [36m304[0m 7.070 ms - -[0m
2022-07-12 19:25:29 info: [0mGET /api/users/types [36m304[0m 2.758 ms - -[0m
2022-07-12 19:25:29 debug: [object Object]
2022-07-12 19:25:29 info: [0mGET /api/auth/refresh-session [32m200[0m 9.694 ms - 552[0m
2022-07-12 19:25:29 debug: [object Object]
2022-07-12 19:25:29 info: [0mGET /api/tags [36m304[0m 15.966 ms - -[0m
2022-07-12 19:25:29 debug: [object Object]
2022-07-12 19:25:29 debug: [object Object]
2022-07-12 19:25:29 debug: [object Object]
2022-07-12 19:25:29 info: [0mGET /api/products [36m304[0m 10.075 ms - -[0m
2022-07-12 19:25:29 info: [0mGET /api/categories [36m304[0m 11.693 ms - -[0m
2022-07-12 19:25:29 info: [0mGET /api/user/shopping-lists [36m304[0m 12.558 ms - -[0m
2022-07-12 19:25:29 debug: [object Object]
2022-07-12 19:25:29 info: [0mGET /api/shipping-methods [36m304[0m 3.751 ms - -[0m
2022-07-12 19:25:56 info: [0mGET /api/users/types [36m304[0m 2.127 ms - -[0m
2022-07-12 19:25:56 debug: [object Object]
2022-07-12 19:25:56 info: [0mGET /api/auth/refresh-session [32m200[0m 5.488 ms - 552[0m
2022-07-12 19:25:56 debug: [object Object]
2022-07-12 19:25:56 info: [0mGET /api/tags [36m304[0m 20.787 ms - -[0m
2022-07-12 19:25:56 debug: [object Object]
2022-07-12 19:25:56 debug: [object Object]
2022-07-12 19:25:56 debug: [object Object]
2022-07-12 19:25:56 info: [0mGET /api/products [36m304[0m 20.228 ms - -[0m
2022-07-12 19:25:56 info: [0mGET /api/categories [36m304[0m 24.419 ms - -[0m
2022-07-12 19:25:56 info: [0mGET /api/user/shopping-lists [36m304[0m 24.422 ms - -[0m
2022-07-12 19:25:57 debug: [object Object]
2022-07-12 19:25:57 info: [0mGET /api/shipping-methods [36m304[0m 3.539 ms - -[0m
2022-07-12 19:26:32 info: [0mGET /api/users/types [36m304[0m 3.855 ms - -[0m
2022-07-12 19:26:32 debug: [object Object]
2022-07-12 19:26:32 info: [0mGET /api/auth/refresh-session [32m200[0m 10.109 ms - 552[0m
2022-07-12 19:26:32 debug: [object Object]
2022-07-12 19:26:32 info: [0mGET /api/tags [36m304[0m 14.422 ms - -[0m
2022-07-12 19:26:32 debug: [object Object]
2022-07-12 19:26:32 debug: [object Object]
2022-07-12 19:26:32 debug: [object Object]
2022-07-12 19:26:32 info: [0mGET /api/products [36m304[0m 11.934 ms - -[0m
2022-07-12 19:26:32 info: [0mGET /api/categories [36m304[0m 13.544 ms - -[0m
2022-07-12 19:26:32 info: [0mGET /api/user/shopping-lists [36m304[0m 16.891 ms - -[0m
2022-07-12 19:26:33 debug: [object Object]
2022-07-12 19:26:33 info: [0mGET /api/shipping-methods [36m304[0m 3.495 ms - -[0m
2022-07-12 19:28:40 info: [0mGET /api/users/types [36m304[0m 1.305 ms - -[0m
2022-07-12 19:28:40 debug: [object Object]
2022-07-12 19:28:40 info: [0mGET /api/auth/refresh-session [32m200[0m 6.838 ms - 552[0m
2022-07-12 19:28:40 debug: [object Object]
2022-07-12 19:28:41 info: [0mGET /api/tags [36m304[0m 17.073 ms - -[0m
2022-07-12 19:28:41 debug: [object Object]
2022-07-12 19:28:41 debug: [object Object]
2022-07-12 19:28:41 info: [0mGET /api/products [36m304[0m 14.288 ms - -[0m
2022-07-12 19:28:41 info: [0mGET /api/categories [36m304[0m 12.812 ms - -[0m
2022-07-12 19:28:41 debug: [object Object]
2022-07-12 19:28:41 info: [0mGET /api/user/shopping-lists [36m304[0m 6.261 ms - -[0m
2022-07-12 19:28:41 debug: [object Object]
2022-07-12 19:28:41 info: [0mGET /api/shipping-methods [36m304[0m 2.359 ms - -[0m
2022-07-12 19:30:02 info: [0mGET /api/users/types [36m304[0m 1.874 ms - -[0m
2022-07-12 19:30:02 debug: [object Object]
2022-07-12 19:30:02 info: [0mGET /api/auth/refresh-session [32m200[0m 5.922 ms - 552[0m
2022-07-12 19:30:02 debug: [object Object]
2022-07-12 19:30:02 info: [0mGET /api/tags [36m304[0m 12.020 ms - -[0m
2022-07-12 19:30:02 debug: [object Object]
2022-07-12 19:30:02 info: [0mGET /api/products [36m304[0m 5.588 ms - -[0m
2022-07-12 19:30:02 debug: [object Object]
2022-07-12 19:30:02 debug: [object Object]
2022-07-12 19:30:02 debug: [object Object]
2022-07-12 19:30:02 info: [0mGET /api/user/shopping-lists [36m304[0m 6.907 ms - -[0m
2022-07-12 19:30:02 info: [0mGET /api/categories [36m304[0m 5.953 ms - -[0m
2022-07-12 19:30:02 info: [0mGET /api/shipping-methods [36m304[0m 9.050 ms - -[0m
2022-07-12 19:30:17 info: [0mGET /api/users/types [36m304[0m 2.425 ms - -[0m
2022-07-12 19:30:17 debug: [object Object]
2022-07-12 19:30:17 info: [0mGET /api/auth/refresh-session [32m200[0m 3.903 ms - 552[0m
2022-07-12 19:30:17 debug: [object Object]
2022-07-12 19:30:17 info: [0mGET /api/tags [36m304[0m 9.326 ms - -[0m
2022-07-12 19:30:17 debug: [object Object]
2022-07-12 19:30:17 debug: [object Object]
2022-07-12 19:30:17 info: [0mGET /api/products [36m304[0m 4.576 ms - -[0m
2022-07-12 19:30:17 info: [0mGET /api/categories [36m304[0m 4.336 ms - -[0m
2022-07-12 19:30:17 debug: [object Object]
2022-07-12 19:30:17 debug: [object Object]
2022-07-12 19:30:17 info: [0mGET /api/user/shopping-lists [36m304[0m 5.004 ms - -[0m
2022-07-12 19:30:17 info: [0mGET /api/shipping-methods [36m304[0m 5.032 ms - -[0m
2022-07-12 19:30:46 info: [0mGET /api/users/types [36m304[0m 5.060 ms - -[0m
2022-07-12 19:30:46 debug: [object Object]
2022-07-12 19:30:46 info: [0mGET /api/auth/refresh-session [32m200[0m 11.859 ms - 552[0m
2022-07-12 19:30:46 debug: [object Object]
2022-07-12 19:30:46 info: [0mGET /api/tags [36m304[0m 12.684 ms - -[0m
2022-07-12 19:30:47 debug: [object Object]
2022-07-12 19:30:47 debug: [object Object]
2022-07-12 19:30:47 debug: [object Object]
2022-07-12 19:30:47 debug: [object Object]
2022-07-12 19:30:47 info: [0mGET /api/products [36m304[0m 12.707 ms - -[0m
2022-07-12 19:30:47 info: [0mGET /api/categories [36m304[0m 14.947 ms - -[0m
2022-07-12 19:30:47 info: [0mGET /api/user/shopping-lists [36m304[0m 17.005 ms - -[0m
2022-07-12 19:30:47 info: [0mGET /api/shipping-methods [36m304[0m 17.613 ms - -[0m
2022-07-12 19:31:33 info: [0mGET /api/users/types [36m304[0m 2.186 ms - -[0m
2022-07-12 19:31:33 debug: [object Object]
2022-07-12 19:31:33 info: [0mGET /api/auth/refresh-session [32m200[0m 4.661 ms - 552[0m
2022-07-12 19:31:33 debug: [object Object]
2022-07-12 19:31:33 info: [0mGET /api/tags [36m304[0m 14.024 ms - -[0m
2022-07-12 19:31:33 debug: [object Object]
2022-07-12 19:31:33 debug: [object Object]
2022-07-12 19:31:33 debug: [object Object]
2022-07-12 19:31:33 info: [0mGET /api/products [36m304[0m 16.432 ms - -[0m
2022-07-12 19:31:33 info: [0mGET /api/categories [36m304[0m 16.888 ms - -[0m
2022-07-12 19:31:33 info: [0mGET /api/user/shopping-lists [36m304[0m 17.456 ms - -[0m
2022-07-12 19:31:33 debug: [object Object]
2022-07-12 19:31:33 info: [0mGET /api/shipping-methods [36m304[0m 2.936 ms - -[0m
2022-07-12 19:32:01 info: [0mGET /api/users/types [36m304[0m 4.571 ms - -[0m
2022-07-12 19:32:01 debug: [object Object]
2022-07-12 19:32:01 info: [0mGET /api/auth/refresh-session [32m200[0m 8.114 ms - 552[0m
2022-07-12 19:32:01 debug: [object Object]
2022-07-12 19:32:01 info: [0mGET /api/tags [36m304[0m 14.957 ms - -[0m
2022-07-12 19:32:01 debug: [object Object]
2022-07-12 19:32:01 debug: [object Object]
2022-07-12 19:32:01 debug: [object Object]
2022-07-12 19:32:01 info: [0mGET /api/products [36m304[0m 14.959 ms - -[0m
2022-07-12 19:32:01 info: [0mGET /api/categories [36m304[0m 14.343 ms - -[0m
2022-07-12 19:32:01 info: [0mGET /api/user/shopping-lists [36m304[0m 13.172 ms - -[0m
2022-07-12 19:32:01 debug: [object Object]
2022-07-12 19:32:01 info: [0mGET /api/shipping-methods [36m304[0m 4.519 ms - -[0m
2022-07-12 19:32:15 info: [0mGET /api/users/types [36m304[0m 2.637 ms - -[0m
2022-07-12 19:32:15 debug: [object Object]
2022-07-12 19:32:15 info: [0mGET /api/auth/refresh-session [32m200[0m 6.423 ms - 552[0m
2022-07-12 19:32:15 debug: [object Object]
2022-07-12 19:32:15 info: [0mGET /api/tags [36m304[0m 19.980 ms - -[0m
2022-07-12 19:32:15 debug: [object Object]
2022-07-12 19:32:15 debug: [object Object]
2022-07-12 19:32:15 info: [0mGET /api/products [36m304[0m 13.710 ms - -[0m
2022-07-12 19:32:15 debug: [object Object]
2022-07-12 19:32:15 info: [0mGET /api/categories [36m304[0m 19.526 ms - -[0m
2022-07-12 19:32:15 info: [0mGET /api/user/shopping-lists [36m304[0m 18.358 ms - -[0m
2022-07-12 19:32:15 debug: [object Object]
2022-07-12 19:32:15 info: [0mGET /api/shipping-methods [36m304[0m 4.583 ms - -[0m
2022-07-12 19:32:45 info: [0mGET /api/users/types [36m304[0m 2.230 ms - -[0m
2022-07-12 19:32:45 debug: [object Object]
2022-07-12 19:32:45 info: [0mGET /api/auth/refresh-session [32m200[0m 6.225 ms - 552[0m
2022-07-12 19:32:45 debug: [object Object]
2022-07-12 19:32:45 info: [0mGET /api/tags [36m304[0m 16.308 ms - -[0m
2022-07-12 19:32:45 debug: [object Object]
2022-07-12 19:32:45 debug: [object Object]
2022-07-12 19:32:45 debug: [object Object]
2022-07-12 19:32:45 info: [0mGET /api/products [36m304[0m 7.478 ms - -[0m
2022-07-12 19:32:45 info: [0mGET /api/categories [36m304[0m 8.864 ms - -[0m
2022-07-12 19:32:45 info: [0mGET /api/user/shopping-lists [36m304[0m 10.403 ms - -[0m
2022-07-12 19:32:46 debug: [object Object]
2022-07-12 19:32:46 info: [0mGET /api/shipping-methods [36m304[0m 5.755 ms - -[0m
2022-07-12 19:32:59 info: [0mPOST /api/cart/checkout [33m404[0m 2.005 ms - 157[0m
2022-07-12 19:33:42 info: [0mGET /api/users/types [36m304[0m 3.419 ms - -[0m
2022-07-12 19:33:42 debug: [object Object]
2022-07-12 19:33:42 info: [0mGET /api/auth/refresh-session [32m200[0m 9.030 ms - 552[0m
2022-07-12 19:33:42 debug: [object Object]
2022-07-12 19:33:42 info: [0mGET /api/tags [36m304[0m 16.867 ms - -[0m
2022-07-12 19:33:42 debug: [object Object]
2022-07-12 19:33:42 info: [0mGET /api/products [36m304[0m 12.343 ms - -[0m
2022-07-12 19:33:42 debug: [object Object]
2022-07-12 19:33:42 debug: [object Object]
2022-07-12 19:33:42 info: [0mGET /api/user/shopping-lists [36m304[0m 9.975 ms - -[0m
2022-07-12 19:33:42 info: [0mGET /api/categories [36m304[0m 17.226 ms - -[0m
2022-07-12 19:33:43 debug: [object Object]
2022-07-12 19:33:43 info: [0mGET /api/shipping-methods [36m304[0m 2.823 ms - -[0m
2022-07-12 19:33:55 info: [0mPOST /api/cart/checkout [33m404[0m 0.744 ms - 157[0m
2022-07-12 19:34:20 info: [0mGET /api/users/types [36m304[0m 3.430 ms - -[0m
2022-07-12 19:34:20 debug: [object Object]
2022-07-12 19:34:20 info: [0mGET /api/auth/refresh-session [32m200[0m 7.403 ms - 552[0m
2022-07-12 19:34:20 debug: [object Object]
2022-07-12 19:34:20 info: [0mGET /api/tags [36m304[0m 17.201 ms - -[0m
2022-07-12 19:34:20 debug: [object Object]
2022-07-12 19:34:20 debug: [object Object]
2022-07-12 19:34:20 debug: [object Object]
2022-07-12 19:34:20 info: [0mGET /api/products [36m304[0m 12.489 ms - -[0m
2022-07-12 19:34:20 info: [0mGET /api/user/shopping-lists [36m304[0m 9.441 ms - -[0m
2022-07-12 19:34:20 info: [0mGET /api/categories [36m304[0m 14.019 ms - -[0m
2022-07-12 19:34:21 debug: [object Object]
2022-07-12 19:34:21 info: [0mGET /api/shipping-methods [36m304[0m 3.665 ms - -[0m
2022-07-12 19:34:25 info: [0mGET /api/users/types [36m304[0m 2.518 ms - -[0m
2022-07-12 19:34:25 debug: [object Object]
2022-07-12 19:34:25 info: [0mGET /api/auth/refresh-session [32m200[0m 12.016 ms - 552[0m
2022-07-12 19:34:25 debug: [object Object]
2022-07-12 19:34:25 info: [0mGET /api/tags [36m304[0m 15.666 ms - -[0m
2022-07-12 19:34:25 debug: [object Object]
2022-07-12 19:34:25 info: [0mGET /api/products [36m304[0m 16.575 ms - -[0m
2022-07-12 19:34:25 debug: [object Object]
2022-07-12 19:34:25 debug: [object Object]
2022-07-12 19:34:25 info: [0mGET /api/categories [36m304[0m 8.603 ms - -[0m
2022-07-12 19:34:25 info: [0mGET /api/user/shopping-lists [36m304[0m 8.545 ms - -[0m
2022-07-12 19:34:26 debug: [object Object]
2022-07-12 19:34:26 info: [0mGET /api/shipping-methods [36m304[0m 1.990 ms - -[0m
2022-07-12 19:34:42 info: [0mPOST /api/cart/checkout [33m404[0m 0.770 ms - 157[0m
2022-07-12 19:38:15 info: [0mGET /api/users/types [36m304[0m 4.569 ms - -[0m
2022-07-12 19:38:15 debug: [object Object]
2022-07-12 19:38:15 info: [0mGET /api/auth/refresh-session [32m200[0m 8.381 ms - 552[0m
2022-07-12 19:38:15 debug: [object Object]
2022-07-12 19:38:15 info: [0mGET /api/tags [36m304[0m 12.805 ms - -[0m
2022-07-12 19:38:15 debug: [object Object]
2022-07-12 19:38:15 debug: [object Object]
2022-07-12 19:38:15 debug: [object Object]
2022-07-12 19:38:15 debug: [object Object]
2022-07-12 19:38:15 info: [0mGET /api/products [36m304[0m 11.071 ms - -[0m
2022-07-12 19:38:15 info: [0mGET /api/shipping-methods [36m304[0m 10.891 ms - -[0m
2022-07-12 19:38:15 info: [0mGET /api/categories [36m304[0m 14.111 ms - -[0m
2022-07-12 19:38:15 info: [0mGET /api/user/shopping-lists [36m304[0m 15.411 ms - -[0m
2022-07-12 19:38:24 info: [0mGET /api/users/types [36m304[0m 2.720 ms - -[0m
2022-07-12 19:38:24 debug: [object Object]
2022-07-12 19:38:24 info: [0mGET /api/auth/refresh-session [32m200[0m 7.023 ms - 552[0m
2022-07-12 19:38:24 debug: [object Object]
2022-07-12 19:38:24 info: [0mGET /api/tags [36m304[0m 13.560 ms - -[0m
2022-07-12 19:38:25 debug: [object Object]
2022-07-12 19:38:25 debug: [object Object]
2022-07-12 19:38:25 info: [0mGET /api/products [36m304[0m 6.761 ms - -[0m
2022-07-12 19:38:25 info: [0mGET /api/categories [36m304[0m 7.234 ms - -[0m
2022-07-12 19:38:25 debug: [object Object]
2022-07-12 19:38:25 debug: [object Object]
2022-07-12 19:38:25 info: [0mGET /api/user/shopping-lists [36m304[0m 5.809 ms - -[0m
2022-07-12 19:38:25 info: [0mGET /api/shipping-methods [36m304[0m 6.816 ms - -[0m
2022-07-12 19:40:58 info: [0mGET /api/users/types [36m304[0m 3.354 ms - -[0m
2022-07-12 19:40:58 debug: [object Object]
2022-07-12 19:40:58 info: [0mGET /api/auth/refresh-session [32m200[0m 11.246 ms - 552[0m
2022-07-12 19:40:58 debug: [object Object]
2022-07-12 19:40:58 info: [0mGET /api/tags [36m304[0m 9.233 ms - -[0m
2022-07-12 19:40:58 debug: [object Object]
2022-07-12 19:40:58 debug: [object Object]
2022-07-12 19:40:58 debug: [object Object]
2022-07-12 19:40:58 debug: [object Object]
2022-07-12 19:40:58 info: [0mGET /api/products [36m304[0m 10.570 ms - -[0m
2022-07-12 19:40:58 info: [0mGET /api/categories [36m304[0m 12.313 ms - -[0m
2022-07-12 19:40:58 info: [0mGET /api/user/shopping-lists [36m304[0m 15.044 ms - -[0m
2022-07-12 19:40:58 info: [0mGET /api/shipping-methods [36m304[0m 16.087 ms - -[0m
2022-07-12 19:42:44 info: [0mGET /api/users/types [36m304[0m 4.397 ms - -[0m
2022-07-12 19:42:44 debug: [object Object]
2022-07-12 19:42:44 info: [0mGET /api/auth/refresh-session [32m200[0m 7.642 ms - 552[0m
2022-07-12 19:42:44 debug: [object Object]
2022-07-12 19:42:44 info: [0mGET /api/tags [36m304[0m 17.925 ms - -[0m
2022-07-12 19:42:44 debug: [object Object]
2022-07-12 19:42:44 debug: [object Object]
2022-07-12 19:42:44 debug: [object Object]
2022-07-12 19:42:44 debug: [object Object]
2022-07-12 19:42:44 info: [0mGET /api/products [36m304[0m 17.176 ms - -[0m
2022-07-12 19:42:44 info: [0mGET /api/categories [36m304[0m 18.408 ms - -[0m
2022-07-12 19:42:44 info: [0mGET /api/user/shopping-lists [36m304[0m 21.026 ms - -[0m
2022-07-12 19:42:44 info: [0mGET /api/shipping-methods [36m304[0m 20.732 ms - -[0m
2022-07-12 19:44:59 info: [0mGET /api/users/types [36m304[0m 4.156 ms - -[0m
2022-07-12 19:44:59 debug: [object Object]
2022-07-12 19:44:59 info: [0mGET /api/auth/refresh-session [32m200[0m 13.130 ms - 552[0m
2022-07-12 19:44:59 debug: [object Object]
2022-07-12 19:44:59 info: [0mGET /api/tags [36m304[0m 19.343 ms - -[0m
2022-07-12 19:44:59 debug: [object Object]
2022-07-12 19:44:59 info: [0mGET /api/products [36m304[0m 8.186 ms - -[0m
2022-07-12 19:45:00 debug: [object Object]
2022-07-12 19:45:00 debug: [object Object]
2022-07-12 19:45:00 debug: [object Object]
2022-07-12 19:45:00 info: [0mGET /api/categories [36m304[0m 12.276 ms - -[0m
2022-07-12 19:45:00 info: [0mGET /api/user/shopping-lists [36m304[0m 12.517 ms - -[0m
2022-07-12 19:45:00 info: [0mGET /api/shipping-methods [36m304[0m 11.242 ms - -[0m
2022-07-12 19:45:47 info: [0mGET /api/users/types [36m304[0m 4.324 ms - -[0m
2022-07-12 19:45:47 debug: [object Object]
2022-07-12 19:45:47 info: [0mGET /api/auth/refresh-session [32m200[0m 15.380 ms - 552[0m
2022-07-12 19:45:47 debug: [object Object]
2022-07-12 19:45:47 debug: [object Object]
2022-07-12 19:45:47 info: [0mGET /api/tags [36m304[0m 21.058 ms - -[0m
2022-07-12 19:45:47 debug: [object Object]
2022-07-12 19:45:47 debug: [object Object]
2022-07-12 19:45:47 info: [0mGET /api/products [36m304[0m 35.417 ms - -[0m
2022-07-12 19:45:47 info: [0mGET /api/user/shopping-lists [36m304[0m 32.800 ms - -[0m
2022-07-12 19:45:47 info: [0mGET /api/categories [36m304[0m 39.395 ms - -[0m
2022-07-12 19:45:48 debug: [object Object]
2022-07-12 19:45:48 info: [0mGET /api/shipping-methods [36m304[0m 2.355 ms - -[0m
2022-07-12 19:47:35 info: [0mGET /api/users/types [36m304[0m 3.261 ms - -[0m
2022-07-12 19:47:35 debug: [object Object]
2022-07-12 19:47:35 info: [0mGET /api/auth/refresh-session [32m200[0m 9.628 ms - 552[0m
2022-07-12 19:47:35 debug: [object Object]
2022-07-12 19:47:35 info: [0mGET /api/tags [36m304[0m 14.580 ms - -[0m
2022-07-12 19:47:35 debug: [object Object]
2022-07-12 19:47:35 debug: [object Object]
2022-07-12 19:47:35 info: [0mGET /api/products [36m304[0m 9.453 ms - -[0m
2022-07-12 19:47:35 info: [0mGET /api/categories [36m304[0m 11.490 ms - -[0m
2022-07-12 19:47:35 debug: [object Object]
2022-07-12 19:47:35 info: [0mGET /api/user/shopping-lists [36m304[0m 9.276 ms - -[0m
2022-07-12 19:47:35 debug: [object Object]
2022-07-12 19:47:35 info: [0mGET /api/shipping-methods [36m304[0m 9.818 ms - -[0m
2022-07-12 19:51:52 info: [0mGET /api/users/types [36m304[0m 5.001 ms - -[0m
2022-07-12 19:51:52 debug: [object Object]
2022-07-12 19:51:52 info: [0mGET /api/auth/refresh-session [32m200[0m 6.980 ms - 552[0m
2022-07-12 19:51:52 debug: [object Object]
2022-07-12 19:51:52 info: [0mGET /api/tags [36m304[0m 9.569 ms - -[0m
2022-07-12 19:51:52 debug: [object Object]
2022-07-12 19:51:52 info: [0mGET /api/products [36m304[0m 6.486 ms - -[0m
2022-07-12 19:51:53 debug: [object Object]
2022-07-12 19:51:53 debug: [object Object]
2022-07-12 19:51:53 debug: [object Object]
2022-07-12 19:51:53 info: [0mGET /api/categories [36m304[0m 11.239 ms - -[0m
2022-07-12 19:51:53 info: [0mGET /api/user/shopping-lists [36m304[0m 12.480 ms - -[0m
2022-07-12 19:51:53 info: [0mGET /api/shipping-methods [36m304[0m 11.891 ms - -[0m
2022-07-12 19:52:55 info: [0mGET /api/users/types [36m304[0m 2.465 ms - -[0m
2022-07-12 19:52:55 debug: [object Object]
2022-07-12 19:52:55 info: [0mGET /api/auth/refresh-session [32m200[0m 6.916 ms - 552[0m
2022-07-12 19:52:55 debug: [object Object]
2022-07-12 19:52:55 info: [0mGET /api/tags [36m304[0m 13.561 ms - -[0m
2022-07-12 19:52:55 debug: [object Object]
2022-07-12 19:52:55 debug: [object Object]
2022-07-12 19:52:55 debug: [object Object]
2022-07-12 19:52:55 info: [0mGET /api/products [36m304[0m 17.565 ms - -[0m
2022-07-12 19:52:55 info: [0mGET /api/categories [36m304[0m 22.598 ms - -[0m
2022-07-12 19:52:55 info: [0mGET /api/user/shopping-lists [36m304[0m 25.175 ms - -[0m
2022-07-12 19:52:56 debug: [object Object]
2022-07-12 19:52:56 info: [0mGET /api/shipping-methods [36m304[0m 3.191 ms - -[0m
2022-07-12 20:02:34 info: [0mGET /api/users/types [36m304[0m 2.265 ms - -[0m
2022-07-12 20:02:34 debug: [object Object]
2022-07-12 20:02:34 info: [0mGET /api/auth/refresh-session [32m200[0m 5.298 ms - 552[0m
2022-07-12 20:02:34 debug: [object Object]
2022-07-12 20:02:34 info: [0mGET /api/tags [36m304[0m 14.871 ms - -[0m
2022-07-12 20:02:34 debug: [object Object]
2022-07-12 20:02:34 info: [0mGET /api/products [36m304[0m 5.027 ms - -[0m
2022-07-12 20:02:35 debug: [object Object]
2022-07-12 20:02:35 debug: [object Object]
2022-07-12 20:02:35 debug: [object Object]
2022-07-12 20:02:35 info: [0mGET /api/categories [36m304[0m 13.925 ms - -[0m
2022-07-12 20:02:35 info: [0mGET /api/user/shopping-lists [36m304[0m 16.384 ms - -[0m
2022-07-12 20:02:35 info: [0mGET /api/shipping-methods [36m304[0m 14.922 ms - -[0m
2022-07-12 20:03:03 info: [0mGET /api/users/types [36m304[0m 4.689 ms - -[0m
2022-07-12 20:03:03 debug: [object Object]
2022-07-12 20:03:03 info: [0mGET /api/auth/refresh-session [32m200[0m 7.848 ms - 552[0m
2022-07-12 20:03:03 debug: [object Object]
2022-07-12 20:03:03 info: [0mGET /api/tags [36m304[0m 15.751 ms - -[0m
2022-07-12 20:03:03 debug: [object Object]
2022-07-12 20:03:03 debug: [object Object]
2022-07-12 20:03:03 debug: [object Object]
2022-07-12 20:03:03 info: [0mGET /api/products [36m304[0m 15.159 ms - -[0m
2022-07-12 20:03:03 info: [0mGET /api/categories [36m304[0m 15.886 ms - -[0m
2022-07-12 20:03:03 info: [0mGET /api/user/shopping-lists [36m304[0m 16.768 ms - -[0m
2022-07-12 20:03:03 debug: [object Object]
2022-07-12 20:03:03 info: [0mGET /api/shipping-methods [36m304[0m 3.319 ms - -[0m
2022-07-12 20:04:58 info: [0mGET /api/users/types [36m304[0m 2.964 ms - -[0m
2022-07-12 20:04:58 debug: [object Object]
2022-07-12 20:04:58 info: [0mGET /api/auth/refresh-session [32m200[0m 5.659 ms - 552[0m
2022-07-12 20:04:58 debug: [object Object]
2022-07-12 20:04:58 info: [0mGET /api/tags [36m304[0m 14.538 ms - -[0m
2022-07-12 20:04:58 debug: [object Object]
2022-07-12 20:04:58 debug: [object Object]
2022-07-12 20:04:58 debug: [object Object]
2022-07-12 20:04:58 info: [0mGET /api/products [36m304[0m 11.480 ms - -[0m
2022-07-12 20:04:58 info: [0mGET /api/categories [36m304[0m 12.067 ms - -[0m
2022-07-12 20:04:58 info: [0mGET /api/user/shopping-lists [36m304[0m 12.315 ms - -[0m
2022-07-12 20:04:58 debug: [object Object]
2022-07-12 20:04:58 info: [0mGET /api/shipping-methods [36m304[0m 2.095 ms - -[0m
2022-07-12 20:05:05 info: [0mGET /api/users/types [36m304[0m 3.476 ms - -[0m
2022-07-12 20:05:05 debug: [object Object]
2022-07-12 20:05:05 info: [0mGET /api/auth/refresh-session [32m200[0m 8.227 ms - 552[0m
2022-07-12 20:05:05 debug: [object Object]
2022-07-12 20:05:05 debug: [object Object]
2022-07-12 20:05:05 debug: [object Object]
2022-07-12 20:05:05 debug: [object Object]
2022-07-12 20:05:05 info: [0mGET /api/tags [36m304[0m 22.067 ms - -[0m
2022-07-12 20:05:05 info: [0mGET /api/products [36m304[0m 20.550 ms - -[0m
2022-07-12 20:05:05 info: [0mGET /api/categories [36m304[0m 22.108 ms - -[0m
2022-07-12 20:05:05 info: [0mGET /api/user/shopping-lists [36m304[0m 21.886 ms - -[0m
2022-07-12 20:05:05 debug: [object Object]
2022-07-12 20:05:05 info: [0mGET /api/shipping-methods [36m304[0m 2.061 ms - -[0m
2022-07-12 20:05:42 info: [0mGET /api/users/types [36m304[0m 3.762 ms - -[0m
2022-07-12 20:05:42 debug: [object Object]
2022-07-12 20:05:42 info: [0mGET /api/auth/refresh-session [32m200[0m 6.845 ms - 552[0m
2022-07-12 20:05:42 debug: [object Object]
2022-07-12 20:05:42 info: [0mGET /api/tags [36m304[0m 10.892 ms - -[0m
2022-07-12 20:05:42 debug: [object Object]
2022-07-12 20:05:42 debug: [object Object]
2022-07-12 20:05:42 info: [0mGET /api/products [36m304[0m 6.239 ms - -[0m
2022-07-12 20:05:42 info: [0mGET /api/categories [36m304[0m 8.902 ms - -[0m
2022-07-12 20:05:42 debug: [object Object]
2022-07-12 20:05:42 debug: [object Object]
2022-07-12 20:05:42 info: [0mGET /api/user/shopping-lists [36m304[0m 3.675 ms - -[0m
2022-07-12 20:05:42 info: [0mGET /api/shipping-methods [36m304[0m 3.806 ms - -[0m
2022-07-12 20:06:04 info: [0mGET /api/users/types [36m304[0m 4.167 ms - -[0m
2022-07-12 20:06:04 debug: [object Object]
2022-07-12 20:06:04 info: [0mGET /api/auth/refresh-session [32m200[0m 7.127 ms - 552[0m
2022-07-12 20:06:04 debug: [object Object]
2022-07-12 20:06:04 info: [0mGET /api/tags [36m304[0m 13.837 ms - -[0m
2022-07-12 20:06:04 debug: [object Object]
2022-07-12 20:06:04 debug: [object Object]
2022-07-12 20:06:04 info: [0mGET /api/products [36m304[0m 9.799 ms - -[0m
2022-07-12 20:06:04 info: [0mGET /api/categories [36m304[0m 9.604 ms - -[0m
2022-07-12 20:06:04 debug: [object Object]
2022-07-12 20:06:04 debug: [object Object]
2022-07-12 20:06:04 info: [0mGET /api/shipping-methods [36m304[0m 9.890 ms - -[0m
2022-07-12 20:06:04 info: [0mGET /api/user/shopping-lists [36m304[0m 10.721 ms - -[0m
2022-07-12 20:06:30 info: [0mGET /api/users/types [36m304[0m 2.448 ms - -[0m
2022-07-12 20:06:30 debug: [object Object]
2022-07-12 20:06:30 info: [0mGET /api/auth/refresh-session [32m200[0m 8.652 ms - 552[0m
2022-07-12 20:06:30 debug: [object Object]
2022-07-12 20:06:30 info: [0mGET /api/tags [36m304[0m 16.154 ms - -[0m
2022-07-12 20:06:30 debug: [object Object]
2022-07-12 20:06:30 debug: [object Object]
2022-07-12 20:06:30 debug: [object Object]
2022-07-12 20:06:30 info: [0mGET /api/products [36m304[0m 17.916 ms - -[0m
2022-07-12 20:06:30 info: [0mGET /api/categories [36m304[0m 18.140 ms - -[0m
2022-07-12 20:06:30 info: [0mGET /api/user/shopping-lists [36m304[0m 18.663 ms - -[0m
2022-07-12 20:06:30 debug: [object Object]
2022-07-12 20:06:30 info: [0mGET /api/shipping-methods [36m304[0m 4.343 ms - -[0m
2022-07-12 20:06:48 info: [0mGET /api/users/types [36m304[0m 2.249 ms - -[0m
2022-07-12 20:06:48 debug: [object Object]
2022-07-12 20:06:48 info: [0mGET /api/auth/refresh-session [32m200[0m 4.773 ms - 552[0m
2022-07-12 20:06:48 debug: [object Object]
2022-07-12 20:06:48 info: [0mGET /api/tags [36m304[0m 17.420 ms - -[0m
2022-07-12 20:06:48 debug: [object Object]
2022-07-12 20:06:48 debug: [object Object]
2022-07-12 20:06:48 info: [0mGET /api/products [36m304[0m 11.699 ms - -[0m
2022-07-12 20:06:48 info: [0mGET /api/categories [36m304[0m 16.826 ms - -[0m
2022-07-12 20:06:49 debug: [object Object]
2022-07-12 20:06:49 debug: [object Object]
2022-07-12 20:06:49 info: [0mGET /api/user/shopping-lists [36m304[0m 5.523 ms - -[0m
2022-07-12 20:06:49 info: [0mGET /api/shipping-methods [36m304[0m 7.168 ms - -[0m
2022-07-12 20:14:41 info: [0mGET /api/users/types [36m304[0m 6.099 ms - -[0m
2022-07-12 20:14:41 debug: [object Object]
2022-07-12 20:14:41 info: [0mGET /api/auth/refresh-session [32m200[0m 10.269 ms - 552[0m
2022-07-12 20:14:41 debug: [object Object]
2022-07-12 20:14:41 info: [0mGET /api/tags [36m304[0m 13.849 ms - -[0m
2022-07-12 20:14:41 debug: [object Object]
2022-07-12 20:14:41 info: [0mGET /api/products [36m304[0m 5.080 ms - -[0m
2022-07-12 20:14:42 debug: [object Object]
2022-07-12 20:14:42 debug: [object Object]
2022-07-12 20:14:42 debug: [object Object]
2022-07-12 20:14:42 info: [0mGET /api/categories [36m304[0m 6.896 ms - -[0m
2022-07-12 20:14:42 info: [0mGET /api/shipping-methods [36m304[0m 7.314 ms - -[0m
2022-07-12 20:14:42 info: [0mGET /api/user/shopping-lists [36m304[0m 8.429 ms - -[0m
2022-07-12 20:14:57 info: [0mGET /api/users/types [36m304[0m 6.025 ms - -[0m
2022-07-12 20:14:57 debug: [object Object]
2022-07-12 20:14:57 info: [0mGET /api/auth/refresh-session [32m200[0m 14.503 ms - 552[0m
2022-07-12 20:14:57 debug: [object Object]
2022-07-12 20:14:57 info: [0mGET /api/tags [36m304[0m 28.572 ms - -[0m
2022-07-12 20:14:57 debug: [object Object]
2022-07-12 20:14:57 debug: [object Object]
2022-07-12 20:14:57 debug: [object Object]
2022-07-12 20:14:57 info: [0mGET /api/products [36m304[0m 8.895 ms - -[0m
2022-07-12 20:14:57 info: [0mGET /api/categories [36m304[0m 12.002 ms - -[0m
2022-07-12 20:14:57 info: [0mGET /api/user/shopping-lists [36m304[0m 13.021 ms - -[0m
2022-07-12 20:14:57 debug: [object Object]
2022-07-12 20:14:57 info: [0mGET /api/shipping-methods [36m304[0m 2.532 ms - -[0m
2022-07-12 20:15:26 info: [0mGET /api/users/types [36m304[0m 2.699 ms - -[0m
2022-07-12 20:15:26 debug: [object Object]
2022-07-12 20:15:26 info: [0mGET /api/auth/refresh-session [32m200[0m 8.566 ms - 552[0m
2022-07-12 20:15:26 debug: [object Object]
2022-07-12 20:15:26 info: [0mGET /api/tags [36m304[0m 8.869 ms - -[0m
2022-07-12 20:15:26 debug: [object Object]
2022-07-12 20:15:26 debug: [object Object]
2022-07-12 20:15:26 debug: [object Object]
2022-07-12 20:15:26 debug: [object Object]
2022-07-12 20:15:26 info: [0mGET /api/products [36m304[0m 7.610 ms - -[0m
2022-07-12 20:15:26 info: [0mGET /api/categories [36m304[0m 12.161 ms - -[0m
2022-07-12 20:15:26 info: [0mGET /api/user/shopping-lists [36m304[0m 14.133 ms - -[0m
2022-07-12 20:15:26 info: [0mGET /api/shipping-methods [36m304[0m 15.021 ms - -[0m
2022-07-12 20:15:36 info: [0mGET /api/users/types [36m304[0m 2.146 ms - -[0m
2022-07-12 20:15:36 debug: [object Object]
2022-07-12 20:15:36 info: [0mGET /api/auth/refresh-session [32m200[0m 8.854 ms - 552[0m
2022-07-12 20:15:36 debug: [object Object]
2022-07-12 20:15:36 info: [0mGET /api/tags [36m304[0m 9.281 ms - -[0m
2022-07-12 20:15:37 debug: [object Object]
2022-07-12 20:15:37 debug: [object Object]
2022-07-12 20:15:37 debug: [object Object]
2022-07-12 20:15:37 debug: [object Object]
2022-07-12 20:15:37 info: [0mGET /api/products [36m304[0m 10.671 ms - -[0m
2022-07-12 20:15:37 info: [0mGET /api/categories [36m304[0m 11.455 ms - -[0m
2022-07-12 20:15:37 info: [0mGET /api/user/shopping-lists [36m304[0m 12.590 ms - -[0m
2022-07-12 20:15:37 info: [0mGET /api/shipping-methods [36m304[0m 13.269 ms - -[0m
2022-07-12 20:16:47 info: [0mGET /api/users/types [36m304[0m 6.347 ms - -[0m
2022-07-12 20:16:47 debug: [object Object]
2022-07-12 20:16:47 info: [0mGET /api/auth/refresh-session [32m200[0m 8.630 ms - 552[0m
2022-07-12 20:16:47 debug: [object Object]
2022-07-12 20:16:47 info: [0mGET /api/tags [36m304[0m 16.651 ms - -[0m
2022-07-12 20:16:47 debug: [object Object]
2022-07-12 20:16:47 debug: [object Object]
2022-07-12 20:16:47 debug: [object Object]
2022-07-12 20:16:47 debug: [object Object]
2022-07-12 20:16:47 info: [0mGET /api/products [36m304[0m 15.839 ms - -[0m
2022-07-12 20:16:47 info: [0mGET /api/categories [36m304[0m 16.684 ms - -[0m
2022-07-12 20:16:47 info: [0mGET /api/user/shopping-lists [36m304[0m 19.461 ms - -[0m
2022-07-12 20:16:47 info: [0mGET /api/shipping-methods [36m304[0m 18.666 ms - -[0m
2022-07-12 20:17:01 info: [0mGET /api/users/types [36m304[0m 3.038 ms - -[0m
2022-07-12 20:17:01 debug: [object Object]
2022-07-12 20:17:01 info: [0mGET /api/auth/refresh-session [32m200[0m 5.467 ms - 552[0m
2022-07-12 20:17:01 debug: [object Object]
2022-07-12 20:17:01 info: [0mGET /api/tags [36m304[0m 15.644 ms - -[0m
2022-07-12 20:17:01 debug: [object Object]
2022-07-12 20:17:01 debug: [object Object]
2022-07-12 20:17:01 debug: [object Object]
2022-07-12 20:17:01 info: [0mGET /api/products [36m304[0m 6.594 ms - -[0m
2022-07-12 20:17:01 info: [0mGET /api/categories [36m304[0m 7.400 ms - -[0m
2022-07-12 20:17:01 info: [0mGET /api/user/shopping-lists [36m304[0m 8.402 ms - -[0m
2022-07-12 20:17:01 debug: [object Object]
2022-07-12 20:17:01 info: [0mGET /api/shipping-methods [36m304[0m 6.384 ms - -[0m
2022-07-12 20:17:14 info: [0mGET /api/users/types [36m304[0m 6.328 ms - -[0m
2022-07-12 20:17:14 debug: [object Object]
2022-07-12 20:17:14 info: [0mGET /api/auth/refresh-session [32m200[0m 10.188 ms - 552[0m
2022-07-12 20:17:14 debug: [object Object]
2022-07-12 20:17:14 info: [0mGET /api/tags [36m304[0m 13.789 ms - -[0m
2022-07-12 20:17:14 debug: [object Object]
2022-07-12 20:17:14 debug: [object Object]
2022-07-12 20:17:14 debug: [object Object]
2022-07-12 20:17:14 debug: [object Object]
2022-07-12 20:17:14 info: [0mGET /api/products [36m304[0m 18.998 ms - -[0m
2022-07-12 20:17:14 info: [0mGET /api/categories [36m304[0m 21.486 ms - -[0m
2022-07-12 20:17:14 info: [0mGET /api/user/shopping-lists [36m304[0m 20.485 ms - -[0m
2022-07-12 20:17:14 info: [0mGET /api/shipping-methods [36m304[0m 20.161 ms - -[0m
2022-07-12 20:17:48 info: [0mGET /api/users/types [36m304[0m 1.711 ms - -[0m
2022-07-12 20:17:48 debug: [object Object]
2022-07-12 20:17:48 info: [0mGET /api/auth/refresh-session [32m200[0m 7.469 ms - 552[0m
2022-07-12 20:17:49 debug: [object Object]
2022-07-12 20:17:49 info: [0mGET /api/tags [36m304[0m 11.449 ms - -[0m
2022-07-12 20:17:49 debug: [object Object]
2022-07-12 20:17:49 debug: [object Object]
2022-07-12 20:17:49 debug: [object Object]
2022-07-12 20:17:49 debug: [object Object]
2022-07-12 20:17:49 info: [0mGET /api/products [36m304[0m 12.459 ms - -[0m
2022-07-12 20:17:49 info: [0mGET /api/categories [36m304[0m 13.398 ms - -[0m
2022-07-12 20:17:49 info: [0mGET /api/user/shopping-lists [36m304[0m 14.484 ms - -[0m
2022-07-12 20:17:49 info: [0mGET /api/shipping-methods [36m304[0m 15.739 ms - -[0m
2022-07-12 20:18:33 info: [0mGET /api/users/types [36m304[0m 3.735 ms - -[0m
2022-07-12 20:18:33 debug: [object Object]
2022-07-12 20:18:33 info: [0mGET /api/auth/refresh-session [32m200[0m 5.850 ms - 552[0m
2022-07-12 20:18:33 debug: [object Object]
2022-07-12 20:18:33 info: [0mGET /api/tags [36m304[0m 18.892 ms - -[0m
2022-07-12 20:18:34 debug: [object Object]
2022-07-12 20:18:34 info: [0mGET /api/products [36m304[0m 3.392 ms - -[0m
2022-07-12 20:18:34 debug: [object Object]
2022-07-12 20:18:34 debug: [object Object]
2022-07-12 20:18:34 info: [0mGET /api/categories [36m304[0m 12.219 ms - -[0m
2022-07-12 20:18:34 info: [0mGET /api/user/shopping-lists [36m304[0m 9.557 ms - -[0m
2022-07-12 20:18:34 debug: [object Object]
2022-07-12 20:18:34 info: [0mGET /api/shipping-methods [36m304[0m 2.717 ms - -[0m
2022-07-12 20:18:56 info: [0mPOST /api/user/shopping-lists/c9f1173b-9b21-4235-a60a-86b45f44d153/items/add/c47b8b7b-d807-474f-bf3c-fc96111a764e [33m404[0m 0.804 ms - 247[0m
2022-07-12 20:24:33 info: =================================
2022-07-12 20:24:33 info: ======= ENV: development =======
2022-07-12 20:24:33 info: 🚀 App listening on the port 3000
2022-07-12 20:24:33 info: =================================
2022-07-12 20:29:48 info: =================================
2022-07-12 20:29:48 info: ======= ENV: development =======
2022-07-12 20:29:48 info: 🚀 App listening on the port 3000
2022-07-12 20:29:48 info: =================================
2022-07-12 20:30:26 info: =================================
2022-07-12 20:30:26 info: ======= ENV: development =======
2022-07-12 20:30:26 info: 🚀 App listening on the port 3000
2022-07-12 20:30:26 info: =================================
2022-07-12 20:30:56 info: =================================
2022-07-12 20:30:56 info: ======= ENV: development =======
2022-07-12 20:30:56 info: 🚀 App listening on the port 3000
2022-07-12 20:30:56 info: =================================
2022-07-12 20:31:35 info: =================================
2022-07-12 20:31:35 info: ======= ENV: development =======
2022-07-12 20:31:35 info: 🚀 App listening on the port 3000
2022-07-12 20:31:35 info: =================================
2022-07-12 20:31:51 info: =================================
2022-07-12 20:31:51 info: ======= ENV: development =======
2022-07-12 20:31:51 info: 🚀 App listening on the port 3000
2022-07-12 20:31:51 info: =================================
2022-07-12 20:34:14 info: =================================
2022-07-12 20:34:14 info: ======= ENV: development =======
2022-07-12 20:34:14 info: 🚀 App listening on the port 3000
2022-07-12 20:34:14 info: =================================
2022-07-12 20:34:28 info: =================================
2022-07-12 20:34:28 info: ======= ENV: development =======
2022-07-12 20:34:28 info: 🚀 App listening on the port 3000
2022-07-12 20:34:28 info: =================================
2022-07-12 20:35:53 info: =================================
2022-07-12 20:35:53 info: ======= ENV: development =======
2022-07-12 20:35:53 info: 🚀 App listening on the port 3000
2022-07-12 20:35:53 info: =================================
2022-07-12 20:36:44 info: =================================
2022-07-12 20:36:44 info: ======= ENV: development =======
2022-07-12 20:36:44 info: 🚀 App listening on the port 3000
2022-07-12 20:36:44 info: =================================
2022-07-12 20:38:17 info: =================================
2022-07-12 20:38:17 info: ======= ENV: development =======
2022-07-12 20:38:17 info: 🚀 App listening on the port 3000
2022-07-12 20:38:17 info: =================================
2022-07-12 20:38:36 info: =================================
2022-07-12 20:38:36 info: ======= ENV: development =======
2022-07-12 20:38:36 info: 🚀 App listening on the port 3000
2022-07-12 20:38:36 info: =================================
2022-07-12 20:38:49 info: =================================
2022-07-12 20:38:49 info: ======= ENV: development =======
2022-07-12 20:38:49 info: 🚀 App listening on the port 3000
2022-07-12 20:38:49 info: =================================
2022-07-12 20:39:03 info: =================================
2022-07-12 20:39:03 info: ======= ENV: development =======
2022-07-12 20:39:03 info: 🚀 App listening on the port 3000
2022-07-12 20:39:03 info: =================================
2022-07-12 20:41:14 info: =================================
2022-07-12 20:41:14 info: ======= ENV: development =======
2022-07-12 20:41:14 info: 🚀 App listening on the port 3000
2022-07-12 20:41:14 info: =================================
2022-07-12 20:42:10 info: =================================
2022-07-12 20:42:10 info: ======= ENV: development =======
2022-07-12 20:42:10 info: 🚀 App listening on the port 3000
2022-07-12 20:42:10 info: =================================
2022-07-12 20:42:37 info: =================================
2022-07-12 20:42:37 info: ======= ENV: development =======
2022-07-12 20:42:37 info: 🚀 App listening on the port 3000
2022-07-12 20:42:37 info: =================================
2022-07-12 21:19:39 info: =================================
2022-07-12 21:19:39 info: ======= ENV: development =======
2022-07-12 21:19:39 info: 🚀 App listening on the port 3000
2022-07-12 21:19:39 info: =================================
2022-07-12 21:20:15 info: =================================
2022-07-12 21:20:15 info: ======= ENV: development =======
2022-07-12 21:20:15 info: 🚀 App listening on the port 3000
2022-07-12 21:20:15 info: =================================
2022-07-12 21:21:05 info: =================================
2022-07-12 21:21:05 info: ======= ENV: development =======
2022-07-12 21:21:05 info: 🚀 App listening on the port 3000
2022-07-12 21:21:05 info: =================================
2022-07-12 21:21:23 info: =================================
2022-07-12 21:21:23 info: ======= ENV: development =======
2022-07-12 21:21:23 info: 🚀 App listening on the port 3000
2022-07-12 21:21:23 info: =================================
2022-07-12 21:21:34 info: =================================
2022-07-12 21:21:34 info: ======= ENV: development =======
2022-07-12 21:21:34 info: 🚀 App listening on the port 3000
2022-07-12 21:21:34 info: =================================
2022-07-12 21:21:47 info: =================================
2022-07-12 21:21:47 info: ======= ENV: development =======
2022-07-12 21:21:47 info: 🚀 App listening on the port 3000
2022-07-12 21:21:47 info: =================================
2022-07-12 21:22:52 info: =================================
2022-07-12 21:22:52 info: ======= ENV: development =======
2022-07-12 21:22:52 info: 🚀 App listening on the port 3000
2022-07-12 21:22:52 info: =================================
2022-07-12 21:23:08 info: =================================
2022-07-12 21:23:08 info: ======= ENV: development =======
2022-07-12 21:23:08 info: 🚀 App listening on the port 3000
2022-07-12 21:23:08 info: =================================
2022-07-12 21:23:59 info: =================================
2022-07-12 21:23:59 info: ======= ENV: development =======
2022-07-12 21:23:59 info: 🚀 App listening on the port 3000
2022-07-12 21:23:59 info: =================================
2022-07-12 21:24:25 info: =================================
2022-07-12 21:24:25 info: ======= ENV: development =======
2022-07-12 21:24:25 info: 🚀 App listening on the port 3000
2022-07-12 21:24:25 info: =================================
2022-07-12 21:25:41 info: =================================
2022-07-12 21:25:41 info: ======= ENV: development =======
2022-07-12 21:25:41 info: 🚀 App listening on the port 3000
2022-07-12 21:25:41 info: =================================
2022-07-12 21:26:22 info: =================================
2022-07-12 21:26:22 info: ======= ENV: development =======
2022-07-12 21:26:22 info: 🚀 App listening on the port 3000
2022-07-12 21:26:22 info: =================================
2022-07-12 21:26:48 info: =================================
2022-07-12 21:26:48 info: ======= ENV: development =======
2022-07-12 21:26:48 info: 🚀 App listening on the port 3000
2022-07-12 21:26:48 info: =================================
2022-07-12 21:27:11 info: =================================
2022-07-12 21:27:11 info: ======= ENV: development =======
2022-07-12 21:27:11 info: 🚀 App listening on the port 3000
2022-07-12 21:27:11 info: =================================
2022-07-12 21:27:43 info: =================================
2022-07-12 21:27:43 info: ======= ENV: development =======
2022-07-12 21:27:43 info: 🚀 App listening on the port 3000
2022-07-12 21:27:43 info: =================================
2022-07-12 21:29:22 info: =================================
2022-07-12 21:29:22 info: ======= ENV: development =======
2022-07-12 21:29:22 info: 🚀 App listening on the port 3000
2022-07-12 21:29:22 info: =================================
2022-07-12 21:29:55 info: =================================
2022-07-12 21:29:55 info: ======= ENV: development =======
2022-07-12 21:29:55 info: 🚀 App listening on the port 3000
2022-07-12 21:29:55 info: =================================
2022-07-12 21:32:30 info: =================================
2022-07-12 21:32:30 info: ======= ENV: development =======
2022-07-12 21:32:30 info: 🚀 App listening on the port 3000
2022-07-12 21:32:30 info: =================================
2022-07-12 21:33:18 info: =================================
2022-07-12 21:33:18 info: ======= ENV: development =======
2022-07-12 21:33:18 info: 🚀 App listening on the port 3000
2022-07-12 21:33:18 info: =================================
2022-07-12 21:33:49 info: =================================
2022-07-12 21:33:49 info: ======= ENV: development =======
2022-07-12 21:33:49 info: 🚀 App listening on the port 3000
2022-07-12 21:33:49 info: =================================
2022-07-12 21:34:16 info: =================================
2022-07-12 21:34:16 info: ======= ENV: development =======
2022-07-12 21:34:16 info: 🚀 App listening on the port 3000
2022-07-12 21:34:16 info: =================================
2022-07-12 21:36:15 info: =================================
2022-07-12 21:36:15 info: ======= ENV: development =======
2022-07-12 21:36:15 info: 🚀 App listening on the port 3000
2022-07-12 21:36:15 info: =================================
