2022-07-31 09:41:35 info: =================================
2022-07-31 09:41:35 info: ======= ENV: development =======
2022-07-31 09:41:35 info: 🚀 App listening on the port 3000
2022-07-31 09:41:35 info: =================================
2022-07-31 09:41:39 error: [POST] /api/products >> StatusCode:: 400, Message:: property description should not exist, code must be a string, price must be a number conforming to the specified constraints
2022-07-31 09:41:39 info: [0mPOST /api/products [33m400[0m 167.008 ms - 138[0m
2022-07-31 09:42:00 info: [0mGET /api/users/types [36m304[0m 4.380 ms - -[0m
2022-07-31 09:42:00 info: [0mGET /api/auth/refresh-session [32m200[0m 9.541 ms - 657[0m
2022-07-31 09:42:47 info: [0mGET /api/users/types [36m304[0m 2.568 ms - -[0m
2022-07-31 09:42:47 info: [0mGET /api/auth/refresh-session [32m200[0m 6.344 ms - 657[0m
2022-07-31 09:43:05 info: [0mGET /api/users/types [36m304[0m 2.527 ms - -[0m
2022-07-31 09:43:05 info: [0mGET /api/auth/refresh-session [32m200[0m 5.793 ms - 657[0m
2022-07-31 09:43:22 info: [0mGET /api/users/types [36m304[0m 2.255 ms - -[0m
2022-07-31 09:43:22 info: [0mGET /api/auth/refresh-session [32m200[0m 4.901 ms - 657[0m
2022-07-31 09:43:34 info: [0mGET /api/users/types [36m304[0m 2.214 ms - -[0m
2022-07-31 09:43:34 info: [0mGET /api/auth/refresh-session [32m200[0m 5.964 ms - 657[0m
2022-07-31 09:44:00 info: [0mGET /api/users/types [36m304[0m 3.664 ms - -[0m
2022-07-31 09:44:00 info: [0mGET /api/auth/refresh-session [32m200[0m 5.417 ms - 657[0m
2022-07-31 09:44:40 info: [0mGET /api/users/types [36m304[0m 2.935 ms - -[0m
2022-07-31 09:44:40 info: [0mGET /api/auth/refresh-session [32m200[0m 5.244 ms - 657[0m
2022-07-31 09:45:36 info: [0mGET /api/users/types [36m304[0m 3.430 ms - -[0m
2022-07-31 09:45:36 info: [0mGET /api/auth/refresh-session [32m200[0m 7.862 ms - 657[0m
2022-07-31 09:58:42 error: [POST] /api/products >> StatusCode:: 400, Message:: property description should not exist
2022-07-31 09:58:42 info: [0mPOST /api/products [33m400[0m 5.538 ms - 51[0m
2022-07-31 09:59:26 info: =================================
2022-07-31 09:59:26 info: ======= ENV: development =======
2022-07-31 09:59:26 info: 🚀 App listening on the port 3000
2022-07-31 09:59:26 info: =================================
2022-07-31 10:04:41 info: [0mPOST /api/products [32m200[0m 714.980 ms - 120[0m
2022-07-31 10:05:27 info: =================================
2022-07-31 10:05:27 info: ======= ENV: development =======
2022-07-31 10:05:27 info: 🚀 App listening on the port 3000
2022-07-31 10:05:27 info: =================================
2022-07-31 10:13:43 info: [0mGET /api/users/types [36m304[0m 143.354 ms - -[0m
2022-07-31 10:13:43 info: [0mGET /api/auth/refresh-session [32m200[0m 49.841 ms - 657[0m
2022-07-31 10:13:59 info: [0mGET /api/users/types [36m304[0m 2.654 ms - -[0m
2022-07-31 10:13:59 info: [0mGET /api/auth/refresh-session [32m200[0m 6.280 ms - 657[0m
2022-07-31 10:14:16 info: [0mGET /api/users/types [36m304[0m 2.476 ms - -[0m
2022-07-31 10:14:16 info: [0mGET /api/auth/refresh-session [32m200[0m 5.413 ms - 657[0m
2022-07-31 10:14:22 info: [0mGET /api/users/types [36m304[0m 3.034 ms - -[0m
2022-07-31 10:14:22 info: [0mGET /api/auth/refresh-session [32m200[0m 6.006 ms - 657[0m
2022-07-31 10:14:38 info: [0mGET /api/users/types [36m304[0m 2.818 ms - -[0m
2022-07-31 10:14:38 info: [0mGET /api/auth/refresh-session [32m200[0m 6.693 ms - 657[0m
2022-07-31 10:48:25 info: [0mGET /api/users/types [36m304[0m 2.822 ms - -[0m
2022-07-31 10:48:25 info: [0mGET /api/auth/refresh-session [32m200[0m 7.966 ms - 657[0m
2022-07-31 10:48:29 info: [0mGET /api/users/types [36m304[0m 1.592 ms - -[0m
2022-07-31 10:48:29 info: [0mGET /api/auth/refresh-session [32m200[0m 3.205 ms - 657[0m
2022-07-31 10:48:34 info: [0mGET /api/users/types [36m304[0m 2.200 ms - -[0m
2022-07-31 10:48:34 info: [0mGET /api/auth/refresh-session [32m200[0m 5.980 ms - 657[0m
2022-07-31 10:48:47 info: [0mGET /api/users/types [36m304[0m 2.232 ms - -[0m
2022-07-31 10:48:47 info: [0mGET /api/auth/refresh-session [32m200[0m 4.823 ms - 657[0m
2022-07-31 10:48:55 info: [0mGET /api/users/types [36m304[0m 2.143 ms - -[0m
2022-07-31 10:48:55 info: [0mGET /api/auth/refresh-session [32m200[0m 5.758 ms - 657[0m
2022-07-31 10:49:01 error: [POST] /api/auth/sign-out >> StatusCode:: 400, Message:: each value in reason must be a valid enum value
2022-07-31 10:49:01 info: [0mPOST /api/auth/sign-out [33m400[0m 31.402 ms - 61[0m
2022-07-31 10:49:07 info: [0mPOST /api/auth/sign-up [32m200[0m 227.700 ms - 319[0m
2022-07-31 10:49:10 info: [0mPOST /api/auth/sign-in [32m200[0m 66.827 ms - 524[0m
2022-07-31 10:50:20 info: =================================
2022-07-31 10:50:20 info: ======= ENV: development =======
2022-07-31 10:50:20 info: 🚀 App listening on the port 3000
2022-07-31 10:50:20 info: =================================
2022-07-31 10:51:13 info: =================================
2022-07-31 10:51:13 info: ======= ENV: development =======
2022-07-31 10:51:13 info: 🚀 App listening on the port 3000
2022-07-31 10:51:13 info: =================================
2022-07-31 10:51:26 info: =================================
2022-07-31 10:51:26 info: ======= ENV: development =======
2022-07-31 10:51:26 info: 🚀 App listening on the port 3000
2022-07-31 10:51:26 info: =================================
2022-07-31 10:51:44 info: =================================
2022-07-31 10:51:44 info: ======= ENV: development =======
2022-07-31 10:51:44 info: 🚀 App listening on the port 3000
2022-07-31 10:51:44 info: =================================
2022-07-31 10:52:02 info: =================================
2022-07-31 10:52:02 info: ======= ENV: development =======
2022-07-31 10:52:02 info: 🚀 App listening on the port 3000
2022-07-31 10:52:02 info: =================================
2022-07-31 10:52:18 info: =================================
2022-07-31 10:52:18 info: ======= ENV: development =======
2022-07-31 10:52:18 info: 🚀 App listening on the port 3000
2022-07-31 10:52:18 info: =================================
2022-07-31 10:52:43 info: =================================
2022-07-31 10:52:43 info: ======= ENV: development =======
2022-07-31 10:52:43 info: 🚀 App listening on the port 3000
2022-07-31 10:52:43 info: =================================
2022-07-31 10:53:41 info: =================================
2022-07-31 10:53:41 info: ======= ENV: development =======
2022-07-31 10:53:41 info: 🚀 App listening on the port 3000
2022-07-31 10:53:41 info: =================================
2022-07-31 10:53:54 info: =================================
2022-07-31 10:53:54 info: ======= ENV: development =======
2022-07-31 10:53:54 info: 🚀 App listening on the port 3000
2022-07-31 10:53:54 info: =================================
2022-07-31 10:54:05 info: =================================
2022-07-31 10:54:05 info: ======= ENV: development =======
2022-07-31 10:54:05 info: 🚀 App listening on the port 3000
2022-07-31 10:54:05 info: =================================
2022-07-31 10:54:19 info: =================================
2022-07-31 10:54:19 info: ======= ENV: development =======
2022-07-31 10:54:19 info: 🚀 App listening on the port 3000
2022-07-31 10:54:19 info: =================================
2022-07-31 10:54:26 info: =================================
2022-07-31 10:54:26 info: ======= ENV: development =======
2022-07-31 10:54:26 info: 🚀 App listening on the port 3000
2022-07-31 10:54:26 info: =================================
2022-07-31 10:54:51 info: =================================
2022-07-31 10:54:51 info: ======= ENV: development =======
2022-07-31 10:54:51 info: 🚀 App listening on the port 3000
2022-07-31 10:54:51 info: =================================
2022-07-31 10:55:05 info: =================================
2022-07-31 10:55:05 info: ======= ENV: development =======
2022-07-31 10:55:05 info: 🚀 App listening on the port 3000
2022-07-31 10:55:05 info: =================================
2022-07-31 10:55:15 info: =================================
2022-07-31 10:55:15 info: ======= ENV: development =======
2022-07-31 10:55:15 info: 🚀 App listening on the port 3000
2022-07-31 10:55:15 info: =================================
2022-07-31 10:55:49 info: =================================
2022-07-31 10:55:49 info: ======= ENV: development =======
2022-07-31 10:55:49 info: 🚀 App listening on the port 3000
2022-07-31 10:55:49 info: =================================
2022-07-31 10:55:56 info: =================================
2022-07-31 10:55:56 info: ======= ENV: development =======
2022-07-31 10:55:56 info: 🚀 App listening on the port 3000
2022-07-31 10:55:56 info: =================================
2022-07-31 10:56:30 info: =================================
2022-07-31 10:56:30 info: ======= ENV: development =======
2022-07-31 10:56:30 info: 🚀 App listening on the port 3000
2022-07-31 10:56:30 info: =================================
2022-07-31 10:56:54 info: =================================
2022-07-31 10:56:54 info: ======= ENV: development =======
2022-07-31 10:56:54 info: 🚀 App listening on the port 3000
2022-07-31 10:56:54 info: =================================
2022-07-31 10:57:10 info: =================================
2022-07-31 10:57:10 info: ======= ENV: development =======
2022-07-31 10:57:10 info: 🚀 App listening on the port 3000
2022-07-31 10:57:10 info: =================================
2022-07-31 10:57:34 info: =================================
2022-07-31 10:57:34 info: ======= ENV: development =======
2022-07-31 10:57:34 info: 🚀 App listening on the port 3000
2022-07-31 10:57:34 info: =================================
2022-07-31 10:57:44 info: =================================
2022-07-31 10:57:44 info: ======= ENV: development =======
2022-07-31 10:57:44 info: 🚀 App listening on the port 3000
2022-07-31 10:57:44 info: =================================
2022-07-31 10:58:44 info: =================================
2022-07-31 10:58:44 info: ======= ENV: development =======
2022-07-31 10:58:44 info: 🚀 App listening on the port 3000
2022-07-31 10:58:44 info: =================================
2022-07-31 10:58:54 info: =================================
2022-07-31 10:58:54 info: ======= ENV: development =======
2022-07-31 10:58:54 info: 🚀 App listening on the port 3000
2022-07-31 10:58:54 info: =================================
2022-07-31 11:01:46 info: =================================
2022-07-31 11:01:46 info: ======= ENV: development =======
2022-07-31 11:01:46 info: 🚀 App listening on the port 3000
2022-07-31 11:01:46 info: =================================
2022-07-31 11:38:46 info: =================================
2022-07-31 11:38:46 info: ======= ENV: development =======
2022-07-31 11:38:46 info: 🚀 App listening on the port 3000
2022-07-31 11:38:46 info: =================================
2022-07-31 11:42:06 info: =================================
2022-07-31 11:42:06 info: ======= ENV: development =======
2022-07-31 11:42:06 info: 🚀 App listening on the port 3000
2022-07-31 11:42:06 info: =================================
2022-07-31 11:42:36 info: =================================
2022-07-31 11:42:36 info: ======= ENV: development =======
2022-07-31 11:42:36 info: 🚀 App listening on the port 3000
2022-07-31 11:42:36 info: =================================
2022-07-31 11:42:46 info: =================================
2022-07-31 11:42:46 info: ======= ENV: development =======
2022-07-31 11:42:46 info: 🚀 App listening on the port 3000
2022-07-31 11:42:46 info: =================================
2022-07-31 11:43:36 info: =================================
2022-07-31 11:43:36 info: ======= ENV: development =======
2022-07-31 11:43:36 info: 🚀 App listening on the port 3000
2022-07-31 11:43:36 info: =================================
2022-07-31 11:44:56 info: =================================
2022-07-31 11:44:56 info: ======= ENV: development =======
2022-07-31 11:44:56 info: 🚀 App listening on the port 3000
2022-07-31 11:44:56 info: =================================
2022-07-31 11:46:23 info: =================================
2022-07-31 11:46:23 info: ======= ENV: development =======
2022-07-31 11:46:23 info: 🚀 App listening on the port 3000
2022-07-31 11:46:23 info: =================================
2022-07-31 11:47:16 info: =================================
2022-07-31 11:47:16 info: ======= ENV: development =======
2022-07-31 11:47:16 info: 🚀 App listening on the port 3000
2022-07-31 11:47:16 info: =================================
2022-07-31 11:47:23 info: =================================
2022-07-31 11:47:23 info: ======= ENV: development =======
2022-07-31 11:47:23 info: 🚀 App listening on the port 3000
2022-07-31 11:47:23 info: =================================
2022-07-31 11:48:08 info: =================================
2022-07-31 11:48:08 info: ======= ENV: development =======
2022-07-31 11:48:08 info: 🚀 App listening on the port 3000
2022-07-31 11:48:08 info: =================================
2022-07-31 11:48:56 info: =================================
2022-07-31 11:48:56 info: ======= ENV: development =======
2022-07-31 11:48:56 info: 🚀 App listening on the port 3000
2022-07-31 11:48:56 info: =================================
2022-07-31 11:49:09 info: =================================
2022-07-31 11:49:09 info: ======= ENV: development =======
2022-07-31 11:49:09 info: 🚀 App listening on the port 3000
2022-07-31 11:49:09 info: =================================
2022-07-31 11:51:15 info: =================================
2022-07-31 11:51:15 info: ======= ENV: development =======
2022-07-31 11:51:15 info: 🚀 App listening on the port 3000
2022-07-31 11:51:15 info: =================================
2022-07-31 11:52:08 info: =================================
2022-07-31 11:52:08 info: ======= ENV: development =======
2022-07-31 11:52:08 info: 🚀 App listening on the port 3000
2022-07-31 11:52:08 info: =================================
2022-07-31 11:52:56 info: =================================
2022-07-31 11:52:56 info: ======= ENV: development =======
2022-07-31 11:52:56 info: 🚀 App listening on the port 3000
2022-07-31 11:52:56 info: =================================
2022-07-31 11:53:36 info: =================================
2022-07-31 11:53:36 info: ======= ENV: development =======
2022-07-31 11:53:36 info: 🚀 App listening on the port 3000
2022-07-31 11:53:36 info: =================================
2022-07-31 11:54:14 info: =================================
2022-07-31 11:54:14 info: ======= ENV: development =======
2022-07-31 11:54:14 info: 🚀 App listening on the port 3000
2022-07-31 11:54:14 info: =================================
2022-07-31 11:55:24 info: =================================
2022-07-31 11:55:24 info: ======= ENV: development =======
2022-07-31 11:55:24 info: 🚀 App listening on the port 3000
2022-07-31 11:55:24 info: =================================
2022-07-31 11:55:45 info: =================================
2022-07-31 11:55:45 info: ======= ENV: development =======
2022-07-31 11:55:45 info: 🚀 App listening on the port 3000
2022-07-31 11:55:45 info: =================================
2022-07-31 11:56:58 info: =================================
2022-07-31 11:56:58 info: ======= ENV: development =======
2022-07-31 11:56:58 info: 🚀 App listening on the port 3000
2022-07-31 11:56:58 info: =================================
2022-07-31 11:57:25 info: =================================
2022-07-31 11:57:25 info: ======= ENV: development =======
2022-07-31 11:57:25 info: 🚀 App listening on the port 3000
2022-07-31 11:57:25 info: =================================
2022-07-31 11:57:37 info: =================================
2022-07-31 11:57:37 info: ======= ENV: development =======
2022-07-31 11:57:37 info: 🚀 App listening on the port 3000
2022-07-31 11:57:37 info: =================================
2022-07-31 11:58:42 info: =================================
2022-07-31 11:58:42 info: ======= ENV: development =======
2022-07-31 11:58:42 info: 🚀 App listening on the port 3000
2022-07-31 11:58:42 info: =================================
2022-07-31 11:59:01 info: =================================
2022-07-31 11:59:01 info: ======= ENV: development =======
2022-07-31 11:59:01 info: 🚀 App listening on the port 3000
2022-07-31 11:59:01 info: =================================
2022-07-31 12:00:05 info: =================================
2022-07-31 12:00:05 info: ======= ENV: development =======
2022-07-31 12:00:05 info: 🚀 App listening on the port 3000
2022-07-31 12:00:05 info: =================================
2022-07-31 12:01:02 info: =================================
2022-07-31 12:01:02 info: ======= ENV: development =======
2022-07-31 12:01:02 info: 🚀 App listening on the port 3000
2022-07-31 12:01:02 info: =================================
2022-07-31 12:01:16 info: =================================
2022-07-31 12:01:16 info: ======= ENV: development =======
2022-07-31 12:01:16 info: 🚀 App listening on the port 3000
2022-07-31 12:01:16 info: =================================
2022-07-31 15:50:19 info: =================================
2022-07-31 15:50:19 info: ======= ENV: development =======
2022-07-31 15:50:19 info: 🚀 App listening on the port 3000
2022-07-31 15:50:19 info: =================================
2022-07-31 15:51:02 error: [GET] /api/auth/refresh-session >> StatusCode:: 401, Message:: Wrong authentication token
2022-07-31 15:51:02 info: [0mGET /api/auth/refresh-session [33m401[0m 7.112 ms - 40[0m
2022-07-31 15:51:02 info: [0mGET /api/users/types [36m304[0m 1894.236 ms - -[0m
2022-07-31 15:53:21 info: [0mPOST /api/auth/sign-in [32m200[0m 555.604 ms - 524[0m
2022-07-31 15:54:49 info: [0mGET /api/users/types [36m304[0m 6.404 ms - -[0m
2022-07-31 15:54:49 info: [0mGET /api/auth/refresh-session [32m200[0m 28.320 ms - 532[0m
2022-07-31 15:55:25 info: [0mGET /api/users/types [36m304[0m 2.250 ms - -[0m
2022-07-31 15:55:25 info: [0mGET /api/auth/refresh-session [32m200[0m 5.780 ms - 532[0m
2022-07-31 15:57:28 info: [0mGET /api/users/types [36m304[0m 2.388 ms - -[0m
2022-07-31 15:57:28 info: [0mGET /api/auth/refresh-session [32m200[0m 5.245 ms - 532[0m
2022-07-31 15:58:06 info: [0mGET /api/users/types [36m304[0m 2.866 ms - -[0m
2022-07-31 15:58:06 info: [0mGET /api/auth/refresh-session [32m200[0m 5.688 ms - 532[0m
2022-07-31 15:58:22 info: [0mGET /api/users/types [36m304[0m 2.324 ms - -[0m
2022-07-31 15:58:22 info: [0mGET /api/auth/refresh-session [32m200[0m 5.377 ms - 532[0m
2022-07-31 15:58:31 info: [0mGET /api/users/types [36m304[0m 2.179 ms - -[0m
2022-07-31 15:58:31 info: [0mGET /api/auth/refresh-session [32m200[0m 5.006 ms - 532[0m
2022-07-31 15:58:38 info: [0mGET /api/users/types [36m304[0m 5.297 ms - -[0m
2022-07-31 15:58:38 info: [0mGET /api/auth/refresh-session [32m200[0m 9.010 ms - 532[0m
2022-07-31 15:59:26 info: [0mGET /api/users/types [36m304[0m 5.475 ms - -[0m
2022-07-31 15:59:26 info: [0mGET /api/auth/refresh-session [32m200[0m 8.694 ms - 532[0m
2022-07-31 16:00:14 info: [0mGET /api/users/types [36m304[0m 2.719 ms - -[0m
2022-07-31 16:00:14 info: [0mGET /api/auth/refresh-session [32m200[0m 5.140 ms - 532[0m
2022-07-31 16:00:21 info: [0mGET /api/users/types [36m304[0m 4.241 ms - -[0m
2022-07-31 16:00:21 info: [0mGET /api/auth/refresh-session [32m200[0m 8.391 ms - 532[0m
2022-07-31 16:01:19 info: [0mGET /api/users/types [36m304[0m 2.559 ms - -[0m
2022-07-31 16:01:19 info: [0mGET /api/auth/refresh-session [32m200[0m 6.548 ms - 532[0m
2022-07-31 16:05:48 info: [0mGET /api/users/types [36m304[0m 2.222 ms - -[0m
2022-07-31 16:05:48 info: [0mGET /api/auth/refresh-session [32m200[0m 5.703 ms - 532[0m
2022-07-31 16:05:57 info: [0mGET /api/users/types [36m304[0m 1.912 ms - -[0m
2022-07-31 16:05:57 info: [0mGET /api/auth/refresh-session [32m200[0m 4.425 ms - 532[0m
2022-07-31 16:06:05 info: [0mGET /api/users/types [36m304[0m 6.524 ms - -[0m
2022-07-31 16:06:05 info: [0mGET /api/auth/refresh-session [32m200[0m 10.524 ms - 532[0m
2022-07-31 16:06:14 info: [0mGET /api/users/types [36m304[0m 2.928 ms - -[0m
2022-07-31 16:06:14 info: [0mGET /api/auth/refresh-session [32m200[0m 6.645 ms - 532[0m
2022-07-31 16:06:19 info: [0mGET /api/users/types [36m304[0m 2.741 ms - -[0m
2022-07-31 16:06:19 info: [0mGET /api/auth/refresh-session [32m200[0m 7.489 ms - 532[0m
2022-07-31 16:08:16 info: [0mGET /api/users/types [36m304[0m 3.002 ms - -[0m
2022-07-31 16:08:16 info: [0mGET /api/auth/refresh-session [32m200[0m 6.317 ms - 532[0m
2022-07-31 16:08:34 info: [0mGET /api/users/types [36m304[0m 6.504 ms - -[0m
2022-07-31 16:08:34 info: [0mGET /api/auth/refresh-session [32m200[0m 7.508 ms - 532[0m
2022-07-31 16:22:57 info: [0mGET /api/users/types [36m304[0m 5.134 ms - -[0m
2022-07-31 16:22:57 info: [0mGET /api/auth/refresh-session [32m200[0m 7.008 ms - 532[0m
2022-07-31 16:23:21 info: [0mGET /api/users/types [36m304[0m 2.289 ms - -[0m
2022-07-31 16:23:21 info: [0mGET /api/auth/refresh-session [32m200[0m 4.389 ms - 532[0m
2022-07-31 16:23:31 info: [0mGET /api/users/types [36m304[0m 2.729 ms - -[0m
2022-07-31 16:23:31 info: [0mGET /api/auth/refresh-session [32m200[0m 4.917 ms - 532[0m
2022-07-31 16:24:15 info: [0mGET /api/users/types [36m304[0m 3.137 ms - -[0m
2022-07-31 16:24:15 info: [0mGET /api/auth/refresh-session [32m200[0m 6.169 ms - 532[0m
2022-07-31 16:24:21 info: [0mGET /api/users/types [36m304[0m 2.111 ms - -[0m
2022-07-31 16:24:21 info: [0mGET /api/auth/refresh-session [32m200[0m 4.414 ms - 532[0m
2022-07-31 16:24:27 info: [0mGET /api/users/types [36m304[0m 1.979 ms - -[0m
2022-07-31 16:24:27 info: [0mGET /api/auth/refresh-session [32m200[0m 7.386 ms - 532[0m
2022-07-31 16:27:26 info: [0mGET /api/users/types [36m304[0m 2.926 ms - -[0m
2022-07-31 16:27:26 info: [0mGET /api/auth/refresh-session [32m200[0m 5.997 ms - 532[0m
2022-07-31 16:37:04 info: [0mGET /api/users/types [36m304[0m 4.025 ms - -[0m
2022-07-31 16:37:05 info: [0mGET /api/auth/refresh-session [32m200[0m 7.980 ms - 532[0m
2022-07-31 16:43:01 info: [0mGET /api/users/types [36m304[0m 2.234 ms - -[0m
2022-07-31 16:43:01 info: [0mGET /api/auth/refresh-session [32m200[0m 4.330 ms - 532[0m
2022-07-31 16:43:10 info: [0mGET /api/users/types [36m304[0m 3.020 ms - -[0m
2022-07-31 16:43:10 info: [0mGET /api/auth/refresh-session [32m200[0m 6.973 ms - 532[0m
2022-07-31 16:43:17 info: [0mGET /api/users/types [36m304[0m 1.985 ms - -[0m
2022-07-31 16:43:17 info: [0mGET /api/auth/refresh-session [32m200[0m 5.628 ms - 532[0m
2022-07-31 16:44:04 info: [0mGET /api/users/types [36m304[0m 4.184 ms - -[0m
2022-07-31 16:44:04 info: [0mGET /api/auth/refresh-session [32m200[0m 15.790 ms - 532[0m
2022-07-31 16:44:11 info: [0mGET /api/users/types [36m304[0m 3.222 ms - -[0m
2022-07-31 16:44:11 info: [0mGET /api/auth/refresh-session [32m200[0m 6.114 ms - 532[0m
2022-07-31 16:45:02 info: [0mGET /api/users/types [36m304[0m 1.754 ms - -[0m
2022-07-31 16:45:02 info: [0mGET /api/auth/refresh-session [32m200[0m 4.463 ms - 532[0m
2022-07-31 16:45:10 info: [0mGET /api/users/types [36m304[0m 1.948 ms - -[0m
2022-07-31 16:45:10 info: [0mGET /api/auth/refresh-session [32m200[0m 4.780 ms - 532[0m
2022-07-31 16:45:46 info: [0mGET /api/users/types [36m304[0m 1.905 ms - -[0m
2022-07-31 16:45:46 info: [0mGET /api/auth/refresh-session [32m200[0m 3.967 ms - 532[0m
2022-07-31 16:46:03 info: [0mGET /api/users/types [36m304[0m 2.025 ms - -[0m
2022-07-31 16:46:03 info: [0mGET /api/auth/refresh-session [32m200[0m 8.513 ms - 532[0m
2022-07-31 16:46:23 info: [0mGET /api/users/types [36m304[0m 1.922 ms - -[0m
2022-07-31 16:46:23 info: [0mGET /api/auth/refresh-session [32m200[0m 4.882 ms - 532[0m
