2022-07-14 18:36:28 info: =================================
2022-07-14 18:36:28 info: ======= ENV: development =======
2022-07-14 18:36:28 info: 🚀 App listening on the port 3000
2022-07-14 18:36:28 info: =================================
2022-07-14 18:39:31 info: =================================
2022-07-14 18:39:31 info: ======= ENV: development =======
2022-07-14 18:39:31 info: 🚀 App listening on the port 3000
2022-07-14 18:39:31 info: =================================
2022-07-14 18:41:16 info: =================================
2022-07-14 18:41:16 info: ======= ENV: development =======
2022-07-14 18:41:16 info: 🚀 App listening on the port 3000
2022-07-14 18:41:16 info: =================================
2022-07-14 18:42:56 info: =================================
2022-07-14 18:42:56 info: ======= ENV: development =======
2022-07-14 18:42:56 info: 🚀 App listening on the port 3000
2022-07-14 18:42:56 info: =================================
2022-07-14 18:43:10 info: =================================
2022-07-14 18:43:10 info: ======= ENV: development =======
2022-07-14 18:43:10 info: 🚀 App listening on the port 3000
2022-07-14 18:43:10 info: =================================
2022-07-14 18:44:25 info: =================================
2022-07-14 18:44:25 info: ======= ENV: development =======
2022-07-14 18:44:25 info: 🚀 App listening on the port 3000
2022-07-14 18:44:25 info: =================================
2022-07-14 18:45:15 info: =================================
2022-07-14 18:45:15 info: ======= ENV: development =======
2022-07-14 18:45:15 info: 🚀 App listening on the port 3000
2022-07-14 18:45:15 info: =================================
2022-07-14 18:45:25 info: =================================
2022-07-14 18:45:25 info: ======= ENV: development =======
2022-07-14 18:45:25 info: 🚀 App listening on the port 3000
2022-07-14 18:45:25 info: =================================
2022-07-14 18:45:34 info: =================================
2022-07-14 18:45:34 info: ======= ENV: development =======
2022-07-14 18:45:34 info: 🚀 App listening on the port 3000
2022-07-14 18:45:34 info: =================================
2022-07-14 18:45:42 info: =================================
2022-07-14 18:45:42 info: ======= ENV: development =======
2022-07-14 18:45:42 info: 🚀 App listening on the port 3000
2022-07-14 18:45:42 info: =================================
2022-07-14 18:46:01 info: =================================
2022-07-14 18:46:01 info: ======= ENV: development =======
2022-07-14 18:46:01 info: 🚀 App listening on the port 3000
2022-07-14 18:46:01 info: =================================
2022-07-14 18:46:10 info: =================================
2022-07-14 18:46:10 info: ======= ENV: development =======
2022-07-14 18:46:10 info: 🚀 App listening on the port 3000
2022-07-14 18:46:10 info: =================================
2022-07-14 18:46:31 info: =================================
2022-07-14 18:46:31 info: ======= ENV: development =======
2022-07-14 18:46:31 info: 🚀 App listening on the port 3000
2022-07-14 18:46:31 info: =================================
2022-07-14 18:46:50 info: =================================
2022-07-14 18:46:50 info: ======= ENV: development =======
2022-07-14 18:46:50 info: 🚀 App listening on the port 3000
2022-07-14 18:46:50 info: =================================
2022-07-14 18:46:59 info: =================================
2022-07-14 18:46:59 info: ======= ENV: development =======
2022-07-14 18:46:59 info: 🚀 App listening on the port 3000
2022-07-14 18:46:59 info: =================================
2022-07-14 18:47:17 info: =================================
2022-07-14 18:47:17 info: ======= ENV: development =======
2022-07-14 18:47:17 info: 🚀 App listening on the port 3000
2022-07-14 18:47:17 info: =================================
2022-07-14 18:49:38 info: =================================
2022-07-14 18:49:38 info: ======= ENV: development =======
2022-07-14 18:49:38 info: 🚀 App listening on the port 3000
2022-07-14 18:49:38 info: =================================
2022-07-14 18:49:46 info: =================================
2022-07-14 18:49:46 info: ======= ENV: development =======
2022-07-14 18:49:46 info: 🚀 App listening on the port 3000
2022-07-14 18:49:46 info: =================================
2022-07-14 18:50:46 info: =================================
2022-07-14 18:50:46 info: ======= ENV: development =======
2022-07-14 18:50:46 info: 🚀 App listening on the port 3000
2022-07-14 18:50:46 info: =================================
2022-07-14 18:51:44 info: =================================
2022-07-14 18:51:44 info: ======= ENV: development =======
2022-07-14 18:51:44 info: 🚀 App listening on the port 3000
2022-07-14 18:51:44 info: =================================
2022-07-14 18:52:07 info: =================================
2022-07-14 18:52:07 info: ======= ENV: development =======
2022-07-14 18:52:07 info: 🚀 App listening on the port 3000
2022-07-14 18:52:07 info: =================================
2022-07-14 18:52:33 info: =================================
2022-07-14 18:52:33 info: ======= ENV: development =======
2022-07-14 18:52:33 info: 🚀 App listening on the port 3000
2022-07-14 18:52:33 info: =================================
2022-07-14 18:53:19 info: =================================
2022-07-14 18:53:19 info: ======= ENV: development =======
2022-07-14 18:53:19 info: 🚀 App listening on the port 3000
2022-07-14 18:53:19 info: =================================
2022-07-14 18:53:44 info: =================================
2022-07-14 18:53:44 info: ======= ENV: development =======
2022-07-14 18:53:44 info: 🚀 App listening on the port 3000
2022-07-14 18:53:44 info: =================================
2022-07-14 18:53:53 info: =================================
2022-07-14 18:53:53 info: ======= ENV: development =======
2022-07-14 18:53:53 info: 🚀 App listening on the port 3000
2022-07-14 18:53:53 info: =================================
2022-07-14 18:54:01 info: =================================
2022-07-14 18:54:01 info: ======= ENV: development =======
2022-07-14 18:54:01 info: 🚀 App listening on the port 3000
2022-07-14 18:54:01 info: =================================
2022-07-14 18:54:14 info: =================================
2022-07-14 18:54:14 info: ======= ENV: development =======
2022-07-14 18:54:14 info: 🚀 App listening on the port 3000
2022-07-14 18:54:14 info: =================================
2022-07-14 18:54:30 error: [GET] /api/auth/refresh-session >> StatusCode:: 401, Message:: Wrong authentication token
2022-07-14 18:54:30 info: [0mGET /api/auth/refresh-session [33m401[0m 5.396 ms - 40[0m
2022-07-14 18:54:30 info: [0mGET /api/users/types [36m304[0m 161.540 ms - -[0m
2022-07-14 18:54:31 info: [0mPOST /api/auth/sign-in [32m200[0m 381.589 ms - 544[0m
2022-07-14 18:54:32 debug: [object Object]
2022-07-14 18:54:32 debug: [object Object]
2022-07-14 18:54:32 debug: [object Object]
2022-07-14 18:54:32 info: [0mGET /api/tags [36m304[0m 31.074 ms - -[0m
2022-07-14 18:54:32 info: [0mGET /api/products [36m304[0m 38.100 ms - -[0m
2022-07-14 18:54:32 info: [0mGET /api/user/shopping-lists [36m304[0m 82.052 ms - -[0m
2022-07-14 18:54:32 debug: [object Object]
2022-07-14 18:54:32 debug: [object Object]
2022-07-14 18:54:32 info: [0mGET /api/shipping-methods [36m304[0m 59.971 ms - -[0m
2022-07-14 18:54:32 info: [0mGET /api/categories [36m304[0m 68.137 ms - -[0m
2022-07-14 19:21:51 info: [0mGET /api/users/types [36m304[0m 10.646 ms - -[0m
2022-07-14 19:21:51 debug: [object Object]
2022-07-14 19:21:51 debug: [object Object]
2022-07-14 19:21:51 debug: [object Object]
2022-07-14 19:21:51 debug: [object Object]
2022-07-14 19:21:51 debug: [object Object]
2022-07-14 19:21:51 info: [0mGET /api/auth/refresh-session [32m200[0m 25.874 ms - 552[0m
2022-07-14 19:21:51 info: [0mGET /api/tags [36m304[0m 51.423 ms - -[0m
2022-07-14 19:21:51 info: [0mGET /api/categories [36m304[0m 58.353 ms - -[0m
2022-07-14 19:21:51 info: [0mGET /api/user/shopping-lists [36m304[0m 62.390 ms - -[0m
2022-07-14 19:21:51 info: [0mGET /api/products [36m304[0m 66.840 ms - -[0m
2022-07-14 19:21:51 info: [0mGET /api/shipping-methods [0m-[0m - ms - -[0m
2022-07-14 19:21:51 debug: [object Object]
2022-07-14 19:21:51 info: [0mGET /api/users/types [36m304[0m 2.919 ms - -[0m
2022-07-14 19:21:51 debug: [object Object]
2022-07-14 19:21:51 info: [0mGET /api/auth/refresh-session [36m304[0m 8.914 ms - -[0m
2022-07-14 19:21:51 debug: [object Object]
2022-07-14 19:21:51 debug: [object Object]
2022-07-14 19:21:51 debug: [object Object]
2022-07-14 19:21:51 debug: [object Object]
2022-07-14 19:21:51 info: [0mGET /api/user/shopping-lists [36m304[0m 16.556 ms - -[0m
2022-07-14 19:21:51 info: [0mGET /api/tags [36m304[0m 28.262 ms - -[0m
2022-07-14 19:21:51 info: [0mGET /api/products [36m304[0m 31.792 ms - -[0m
2022-07-14 19:21:51 info: [0mGET /api/categories [36m304[0m 33.243 ms - -[0m
2022-07-14 19:21:52 debug: [object Object]
2022-07-14 19:21:52 info: [0mGET /api/shipping-methods [32m200[0m 4.157 ms - 11[0m
2022-07-14 19:22:25 info: [0mGET /api/users/types [36m304[0m 3.310 ms - -[0m
2022-07-14 19:22:25 debug: [object Object]
2022-07-14 19:22:25 info: [0mGET /api/auth/refresh-session [32m200[0m 8.146 ms - 552[0m
2022-07-14 19:22:25 debug: [object Object]
2022-07-14 19:22:25 info: [0mGET /api/tags [36m304[0m 17.668 ms - -[0m
2022-07-14 19:22:25 debug: [object Object]
2022-07-14 19:22:25 debug: [object Object]
2022-07-14 19:22:25 debug: [object Object]
2022-07-14 19:22:25 info: [0mGET /api/products [36m304[0m 18.709 ms - -[0m
2022-07-14 19:22:25 info: [0mGET /api/categories [36m304[0m 23.719 ms - -[0m
2022-07-14 19:22:25 info: [0mGET /api/user/shopping-lists [36m304[0m 28.400 ms - -[0m
2022-07-14 19:22:25 debug: [object Object]
2022-07-14 19:22:25 info: [0mGET /api/shipping-methods [36m304[0m 2.739 ms - -[0m
2022-07-14 19:23:38 info: [0mGET /api/users/types [36m304[0m 3.529 ms - -[0m
2022-07-14 19:23:38 debug: [object Object]
2022-07-14 19:23:38 info: [0mGET /api/auth/refresh-session [32m200[0m 6.331 ms - 552[0m
2022-07-14 19:23:38 debug: [object Object]
2022-07-14 19:23:38 info: [0mGET /api/tags [36m304[0m 24.888 ms - -[0m
2022-07-14 19:23:38 debug: [object Object]
2022-07-14 19:23:38 debug: [object Object]
2022-07-14 19:23:38 debug: [object Object]
2022-07-14 19:23:38 info: [0mGET /api/products [36m304[0m 17.282 ms - -[0m
2022-07-14 19:23:38 info: [0mGET /api/categories [36m304[0m 20.020 ms - -[0m
2022-07-14 19:23:38 info: [0mGET /api/user/shopping-lists [36m304[0m 21.910 ms - -[0m
2022-07-14 19:23:38 debug: [object Object]
2022-07-14 19:23:38 info: [0mGET /api/shipping-methods [36m304[0m 3.516 ms - -[0m
2022-07-14 19:23:43 info: [0mGET /api/users/types [36m304[0m 1.591 ms - -[0m
2022-07-14 19:23:43 debug: [object Object]
2022-07-14 19:23:43 info: [0mGET /api/auth/refresh-session [32m200[0m 4.280 ms - 552[0m
2022-07-14 19:23:43 debug: [object Object]
2022-07-14 19:23:43 debug: [object Object]
2022-07-14 19:23:43 debug: [object Object]
2022-07-14 19:23:43 debug: [object Object]
2022-07-14 19:23:43 info: [0mGET /api/user/shopping-lists [36m304[0m 14.055 ms - -[0m
2022-07-14 19:23:43 info: [0mGET /api/tags [36m304[0m 29.587 ms - -[0m
2022-07-14 19:23:43 info: [0mGET /api/products [36m304[0m 36.484 ms - -[0m
2022-07-14 19:23:43 info: [0mGET /api/categories [36m304[0m 39.310 ms - -[0m
2022-07-14 19:23:43 debug: [object Object]
2022-07-14 19:23:43 info: [0mGET /api/shipping-methods [36m304[0m 4.166 ms - -[0m
2022-07-14 19:23:50 info: [0mGET /api/users/types [36m304[0m 2.251 ms - -[0m
2022-07-14 19:23:50 debug: [object Object]
2022-07-14 19:23:50 info: [0mGET /api/auth/refresh-session [32m200[0m 4.908 ms - 552[0m
2022-07-14 19:23:50 debug: [object Object]
2022-07-14 19:23:50 info: [0mGET /api/tags [36m304[0m 11.775 ms - -[0m
2022-07-14 19:23:50 debug: [object Object]
2022-07-14 19:23:50 debug: [object Object]
2022-07-14 19:23:50 debug: [object Object]
2022-07-14 19:23:50 info: [0mGET /api/products [36m304[0m 13.433 ms - -[0m
2022-07-14 19:23:50 info: [0mGET /api/categories [36m304[0m 16.454 ms - -[0m
2022-07-14 19:23:50 info: [0mGET /api/user/shopping-lists [36m304[0m 18.089 ms - -[0m
2022-07-14 19:23:51 debug: [object Object]
2022-07-14 19:23:51 info: [0mGET /api/shipping-methods [36m304[0m 3.280 ms - -[0m
2022-07-14 19:23:55 info: [0mGET /api/users/types [36m304[0m 5.064 ms - -[0m
2022-07-14 19:23:55 debug: [object Object]
2022-07-14 19:23:55 info: [0mGET /api/auth/refresh-session [32m200[0m 9.955 ms - 552[0m
2022-07-14 19:23:55 debug: [object Object]
2022-07-14 19:23:55 debug: [object Object]
2022-07-14 19:23:55 info: [0mGET /api/products [36m304[0m 5.114 ms - -[0m
2022-07-14 19:23:55 info: [0mGET /api/tags [36m304[0m 16.365 ms - -[0m
2022-07-14 19:23:55 debug: [object Object]
2022-07-14 19:23:55 debug: [object Object]
2022-07-14 19:23:55 info: [0mGET /api/categories [36m304[0m 16.245 ms - -[0m
2022-07-14 19:23:55 info: [0mGET /api/user/shopping-lists [36m304[0m 18.309 ms - -[0m
2022-07-14 19:23:55 debug: [object Object]
2022-07-14 19:23:55 info: [0mGET /api/shipping-methods [36m304[0m 3.435 ms - -[0m
2022-07-14 19:25:08 info: [0mGET /api/users/types [36m304[0m 6.114 ms - -[0m
2022-07-14 19:25:08 debug: [object Object]
2022-07-14 19:25:08 info: [0mGET /api/auth/refresh-session [32m200[0m 10.035 ms - 552[0m
2022-07-14 19:25:08 debug: [object Object]
2022-07-14 19:25:08 info: [0mGET /api/tags [36m304[0m 20.688 ms - -[0m
2022-07-14 19:25:08 debug: [object Object]
2022-07-14 19:25:08 debug: [object Object]
2022-07-14 19:25:08 debug: [object Object]
2022-07-14 19:25:08 info: [0mGET /api/user/shopping-lists [36m304[0m 20.032 ms - -[0m
2022-07-14 19:25:08 info: [0mGET /api/products [36m304[0m 33.156 ms - -[0m
2022-07-14 19:25:08 info: [0mGET /api/categories [36m304[0m 35.941 ms - -[0m
2022-07-14 19:25:08 debug: [object Object]
2022-07-14 19:25:08 info: [0mGET /api/shipping-methods [36m304[0m 3.302 ms - -[0m
2022-07-14 19:25:43 info: [0mGET /api/users/types [36m304[0m 4.180 ms - -[0m
2022-07-14 19:25:43 debug: [object Object]
2022-07-14 19:25:43 info: [0mGET /api/auth/refresh-session [32m200[0m 7.393 ms - 552[0m
2022-07-14 19:25:43 debug: [object Object]
2022-07-14 19:25:43 info: [0mGET /api/tags [36m304[0m 10.320 ms - -[0m
2022-07-14 19:25:43 debug: [object Object]
2022-07-14 19:25:43 debug: [object Object]
2022-07-14 19:25:43 debug: [object Object]
2022-07-14 19:25:43 info: [0mGET /api/products [36m304[0m 20.446 ms - -[0m
2022-07-14 19:25:43 info: [0mGET /api/categories [36m304[0m 23.879 ms - -[0m
2022-07-14 19:25:43 info: [0mGET /api/user/shopping-lists [36m304[0m 25.730 ms - -[0m
2022-07-14 19:25:43 debug: [object Object]
2022-07-14 19:25:43 info: [0mGET /api/shipping-methods [36m304[0m 4.006 ms - -[0m
2022-07-14 19:25:58 info: [0mGET /api/users/types [36m304[0m 3.118 ms - -[0m
2022-07-14 19:25:58 debug: [object Object]
2022-07-14 19:25:58 info: [0mGET /api/auth/refresh-session [32m200[0m 6.193 ms - 552[0m
2022-07-14 19:25:58 debug: [object Object]
2022-07-14 19:25:58 info: [0mGET /api/tags [36m304[0m 9.877 ms - -[0m
2022-07-14 19:25:58 debug: [object Object]
2022-07-14 19:25:58 debug: [object Object]
2022-07-14 19:25:58 debug: [object Object]
2022-07-14 19:25:58 info: [0mGET /api/products [36m304[0m 8.544 ms - -[0m
2022-07-14 19:25:58 info: [0mGET /api/categories [36m304[0m 9.513 ms - -[0m
2022-07-14 19:25:58 info: [0mGET /api/user/shopping-lists [36m304[0m 10.966 ms - -[0m
2022-07-14 19:25:58 debug: [object Object]
2022-07-14 19:25:58 info: [0mGET /api/shipping-methods [36m304[0m 5.290 ms - -[0m
2022-07-14 19:27:27 info: [0mGET /api/users/types [36m304[0m 5.219 ms - -[0m
2022-07-14 19:27:27 debug: [object Object]
2022-07-14 19:27:27 info: [0mGET /api/auth/refresh-session [32m200[0m 6.811 ms - 552[0m
2022-07-14 19:27:27 debug: [object Object]
2022-07-14 19:27:27 info: [0mGET /api/tags [36m304[0m 11.484 ms - -[0m
2022-07-14 19:27:27 debug: [object Object]
2022-07-14 19:27:27 debug: [object Object]
2022-07-14 19:27:27 debug: [object Object]
2022-07-14 19:27:27 info: [0mGET /api/products [36m304[0m 13.072 ms - -[0m
2022-07-14 19:27:27 info: [0mGET /api/categories [36m304[0m 14.521 ms - -[0m
2022-07-14 19:27:27 info: [0mGET /api/user/shopping-lists [36m304[0m 14.826 ms - -[0m
2022-07-14 19:27:28 debug: [object Object]
2022-07-14 19:27:28 info: [0mGET /api/shipping-methods [36m304[0m 5.442 ms - -[0m
2022-07-14 19:28:27 info: [0mGET /api/users/types [36m304[0m 2.951 ms - -[0m
2022-07-14 19:28:27 debug: [object Object]
2022-07-14 19:28:27 info: [0mGET /api/auth/refresh-session [32m200[0m 3.967 ms - 552[0m
2022-07-14 19:28:27 debug: [object Object]
2022-07-14 19:28:27 info: [0mGET /api/tags [36m304[0m 12.324 ms - -[0m
2022-07-14 19:28:27 debug: [object Object]
2022-07-14 19:28:27 debug: [object Object]
2022-07-14 19:28:27 debug: [object Object]
2022-07-14 19:28:27 info: [0mGET /api/products [36m304[0m 9.910 ms - -[0m
2022-07-14 19:28:28 info: [0mGET /api/categories [36m304[0m 11.002 ms - -[0m
2022-07-14 19:28:28 info: [0mGET /api/user/shopping-lists [36m304[0m 13.686 ms - -[0m
2022-07-14 19:28:28 debug: [object Object]
2022-07-14 19:28:28 info: [0mGET /api/shipping-methods [36m304[0m 3.636 ms - -[0m
2022-07-14 19:28:31 info: [0mGET /api/users/types [36m304[0m 4.650 ms - -[0m
2022-07-14 19:28:31 debug: [object Object]
2022-07-14 19:28:31 info: [0mGET /api/auth/refresh-session [32m200[0m 8.439 ms - 552[0m
2022-07-14 19:28:32 debug: [object Object]
2022-07-14 19:28:32 debug: [object Object]
2022-07-14 19:28:32 debug: [object Object]
2022-07-14 19:28:32 debug: [object Object]
2022-07-14 19:28:32 info: [0mGET /api/tags [36m304[0m 15.454 ms - -[0m
2022-07-14 19:28:32 info: [0mGET /api/products [36m304[0m 18.045 ms - -[0m
2022-07-14 19:28:32 info: [0mGET /api/categories [36m304[0m 19.736 ms - -[0m
2022-07-14 19:28:32 info: [0mGET /api/user/shopping-lists [36m304[0m 20.905 ms - -[0m
2022-07-14 19:28:32 debug: [object Object]
2022-07-14 19:28:32 info: [0mGET /api/shipping-methods [36m304[0m 2.085 ms - -[0m
2022-07-14 19:29:18 info: [0mGET /api/users/types [36m304[0m 3.713 ms - -[0m
2022-07-14 19:29:18 debug: [object Object]
2022-07-14 19:29:18 info: [0mGET /api/auth/refresh-session [32m200[0m 7.652 ms - 552[0m
2022-07-14 19:29:18 debug: [object Object]
2022-07-14 19:29:18 info: [0mGET /api/tags [36m304[0m 15.865 ms - -[0m
2022-07-14 19:29:18 debug: [object Object]
2022-07-14 19:29:18 debug: [object Object]
2022-07-14 19:29:18 debug: [object Object]
2022-07-14 19:29:18 info: [0mGET /api/products [36m304[0m 12.796 ms - -[0m
2022-07-14 19:29:18 info: [0mGET /api/categories [36m304[0m 14.428 ms - -[0m
2022-07-14 19:29:18 info: [0mGET /api/user/shopping-lists [36m304[0m 15.454 ms - -[0m
2022-07-14 19:29:18 debug: [object Object]
2022-07-14 19:29:18 info: [0mGET /api/shipping-methods [36m304[0m 1.994 ms - -[0m
2022-07-14 19:29:57 info: [0mGET /api/users/types [36m304[0m 2.179 ms - -[0m
2022-07-14 19:29:57 debug: [object Object]
2022-07-14 19:29:57 info: [0mGET /api/auth/refresh-session [32m200[0m 6.535 ms - 552[0m
2022-07-14 19:29:57 debug: [object Object]
2022-07-14 19:29:57 info: [0mGET /api/tags [36m304[0m 12.905 ms - -[0m
2022-07-14 19:29:57 debug: [object Object]
2022-07-14 19:29:57 debug: [object Object]
2022-07-14 19:29:57 info: [0mGET /api/products [36m304[0m 4.747 ms - -[0m
2022-07-14 19:29:57 info: [0mGET /api/categories [36m304[0m 6.313 ms - -[0m
2022-07-14 19:29:57 debug: [object Object]
2022-07-14 19:29:57 debug: [object Object]
2022-07-14 19:29:57 info: [0mGET /api/user/shopping-lists [36m304[0m 4.074 ms - -[0m
2022-07-14 19:29:57 info: [0mGET /api/shipping-methods [36m304[0m 4.081 ms - -[0m
2022-07-14 19:30:23 info: [0mGET /api/users/types [36m304[0m 2.711 ms - -[0m
2022-07-14 19:30:23 debug: [object Object]
2022-07-14 19:30:23 info: [0mGET /api/auth/refresh-session [32m200[0m 4.873 ms - 552[0m
2022-07-14 19:30:23 debug: [object Object]
2022-07-14 19:30:23 info: [0mGET /api/tags [36m304[0m 9.994 ms - -[0m
2022-07-14 19:30:23 debug: [object Object]
2022-07-14 19:30:23 debug: [object Object]
2022-07-14 19:30:23 info: [0mGET /api/products [36m304[0m 8.034 ms - -[0m
2022-07-14 19:30:23 info: [0mGET /api/categories [36m304[0m 8.015 ms - -[0m
2022-07-14 19:30:23 debug: [object Object]
2022-07-14 19:30:23 info: [0mGET /api/user/shopping-lists [36m304[0m 46.440 ms - -[0m
2022-07-14 19:30:24 debug: [object Object]
2022-07-14 19:30:24 info: [0mGET /api/shipping-methods [36m304[0m 2.053 ms - -[0m
2022-07-14 19:30:44 info: [0mGET /api/users/types [36m304[0m 2.704 ms - -[0m
2022-07-14 19:30:44 debug: [object Object]
2022-07-14 19:30:44 info: [0mGET /api/auth/refresh-session [32m200[0m 47.652 ms - 552[0m
2022-07-14 19:30:44 debug: [object Object]
2022-07-14 19:30:44 info: [0mGET /api/tags [36m304[0m 11.976 ms - -[0m
2022-07-14 19:30:44 debug: [object Object]
2022-07-14 19:30:44 debug: [object Object]
2022-07-14 19:30:44 info: [0mGET /api/products [36m304[0m 9.936 ms - -[0m
2022-07-14 19:30:44 debug: [object Object]
2022-07-14 19:30:44 info: [0mGET /api/categories [36m304[0m 13.347 ms - -[0m
2022-07-14 19:30:44 info: [0mGET /api/user/shopping-lists [36m304[0m 13.100 ms - -[0m
2022-07-14 19:30:44 debug: [object Object]
2022-07-14 19:30:44 info: [0mGET /api/shipping-methods [36m304[0m 3.796 ms - -[0m
2022-07-14 19:31:26 info: [0mGET /api/users/types [36m304[0m 2.422 ms - -[0m
2022-07-14 19:31:26 debug: [object Object]
2022-07-14 19:31:26 info: [0mGET /api/auth/refresh-session [32m200[0m 7.803 ms - 552[0m
2022-07-14 19:31:26 debug: [object Object]
2022-07-14 19:31:26 info: [0mGET /api/tags [36m304[0m 15.756 ms - -[0m
2022-07-14 19:31:26 debug: [object Object]
2022-07-14 19:31:26 debug: [object Object]
2022-07-14 19:31:26 debug: [object Object]
2022-07-14 19:31:26 info: [0mGET /api/products [36m304[0m 10.273 ms - -[0m
2022-07-14 19:31:26 info: [0mGET /api/categories [36m304[0m 11.267 ms - -[0m
2022-07-14 19:31:26 info: [0mGET /api/user/shopping-lists [36m304[0m 11.815 ms - -[0m
2022-07-14 19:31:27 debug: [object Object]
2022-07-14 19:31:27 info: [0mGET /api/shipping-methods [36m304[0m 3.002 ms - -[0m
2022-07-14 19:33:07 info: [0mGET /api/users/types [36m304[0m 5.090 ms - -[0m
2022-07-14 19:33:07 debug: [object Object]
2022-07-14 19:33:07 info: [0mGET /api/auth/refresh-session [32m200[0m 12.274 ms - 552[0m
2022-07-14 19:33:07 debug: [object Object]
2022-07-14 19:33:07 info: [0mGET /api/tags [36m304[0m 13.007 ms - -[0m
2022-07-14 19:33:07 debug: [object Object]
2022-07-14 19:33:07 debug: [object Object]
2022-07-14 19:33:07 debug: [object Object]
2022-07-14 19:33:07 info: [0mGET /api/products [36m304[0m 23.767 ms - -[0m
2022-07-14 19:33:07 info: [0mGET /api/user/shopping-lists [36m304[0m 19.946 ms - -[0m
2022-07-14 19:33:07 info: [0mGET /api/categories [36m304[0m 24.710 ms - -[0m
2022-07-14 19:33:08 debug: [object Object]
2022-07-14 19:33:08 info: [0mGET /api/shipping-methods [36m304[0m 5.197 ms - -[0m
2022-07-14 19:33:11 info: [0mGET /api/users/types [36m304[0m 2.758 ms - -[0m
2022-07-14 19:33:11 debug: [object Object]
2022-07-14 19:33:11 info: [0mGET /api/auth/refresh-session [32m200[0m 8.916 ms - 552[0m
2022-07-14 19:33:11 debug: [object Object]
2022-07-14 19:33:11 info: [0mGET /api/tags [36m304[0m 16.874 ms - -[0m
2022-07-14 19:33:11 debug: [object Object]
2022-07-14 19:33:11 debug: [object Object]
2022-07-14 19:33:11 debug: [object Object]
2022-07-14 19:33:11 info: [0mGET /api/products [36m304[0m 25.394 ms - -[0m
2022-07-14 19:33:11 info: [0mGET /api/categories [36m304[0m 25.737 ms - -[0m
2022-07-14 19:33:11 info: [0mGET /api/user/shopping-lists [36m304[0m 27.123 ms - -[0m
2022-07-14 19:33:11 debug: [object Object]
2022-07-14 19:33:11 info: [0mGET /api/shipping-methods [36m304[0m 2.758 ms - -[0m
2022-07-14 19:33:47 info: [0mGET /api/users/types [36m304[0m 2.075 ms - -[0m
2022-07-14 19:33:47 debug: [object Object]
2022-07-14 19:33:47 info: [0mGET /api/auth/refresh-session [32m200[0m 5.306 ms - 552[0m
2022-07-14 19:33:47 debug: [object Object]
2022-07-14 19:33:47 info: [0mGET /api/tags [36m304[0m 13.812 ms - -[0m
2022-07-14 19:33:47 debug: [object Object]
2022-07-14 19:33:47 debug: [object Object]
2022-07-14 19:33:47 debug: [object Object]
2022-07-14 19:33:47 info: [0mGET /api/products [36m304[0m 13.157 ms - -[0m
2022-07-14 19:33:47 info: [0mGET /api/categories [36m304[0m 15.152 ms - -[0m
2022-07-14 19:33:47 info: [0mGET /api/user/shopping-lists [36m304[0m 17.243 ms - -[0m
2022-07-14 19:33:48 debug: [object Object]
2022-07-14 19:33:48 info: [0mGET /api/shipping-methods [36m304[0m 6.112 ms - -[0m
2022-07-14 19:35:53 info: [0mGET /api/users/types [36m304[0m 3.991 ms - -[0m
2022-07-14 19:35:53 debug: [object Object]
2022-07-14 19:35:53 info: [0mGET /api/auth/refresh-session [32m200[0m 9.124 ms - 552[0m
2022-07-14 19:35:53 debug: [object Object]
2022-07-14 19:35:53 info: [0mGET /api/tags [36m304[0m 14.236 ms - -[0m
2022-07-14 19:35:53 debug: [object Object]
2022-07-14 19:35:53 debug: [object Object]
2022-07-14 19:35:53 info: [0mGET /api/products [36m304[0m 12.890 ms - -[0m
2022-07-14 19:35:53 info: [0mGET /api/categories [36m304[0m 13.711 ms - -[0m
2022-07-14 19:35:54 debug: [object Object]
2022-07-14 19:35:54 debug: [object Object]
2022-07-14 19:35:54 info: [0mGET /api/user/shopping-lists [36m304[0m 15.225 ms - -[0m
2022-07-14 19:35:54 info: [0mGET /api/shipping-methods [36m304[0m 15.003 ms - -[0m
2022-07-14 19:36:17 info: [0mGET /api/users/types [36m304[0m 2.104 ms - -[0m
2022-07-14 19:36:17 debug: [object Object]
2022-07-14 19:36:17 info: [0mGET /api/auth/refresh-session [32m200[0m 5.960 ms - 552[0m
2022-07-14 19:36:17 debug: [object Object]
2022-07-14 19:36:18 info: [0mGET /api/tags [36m304[0m 17.990 ms - -[0m
2022-07-14 19:36:18 debug: [object Object]
2022-07-14 19:36:18 debug: [object Object]
2022-07-14 19:36:18 debug: [object Object]
2022-07-14 19:36:18 info: [0mGET /api/products [36m304[0m 17.603 ms - -[0m
2022-07-14 19:36:18 info: [0mGET /api/user/shopping-lists [36m304[0m 16.867 ms - -[0m
2022-07-14 19:36:18 info: [0mGET /api/categories [36m304[0m 24.260 ms - -[0m
2022-07-14 19:36:18 debug: [object Object]
2022-07-14 19:36:18 info: [0mGET /api/shipping-methods [36m304[0m 8.086 ms - -[0m
2022-07-14 19:36:39 info: [0mGET /api/users/types [36m304[0m 4.043 ms - -[0m
2022-07-14 19:36:39 debug: [object Object]
2022-07-14 19:36:39 info: [0mGET /api/auth/refresh-session [32m200[0m 4.523 ms - 552[0m
2022-07-14 19:36:39 debug: [object Object]
2022-07-14 19:36:39 info: [0mGET /api/tags [36m304[0m 15.671 ms - -[0m
2022-07-14 19:36:39 debug: [object Object]
2022-07-14 19:36:39 debug: [object Object]
2022-07-14 19:36:39 debug: [object Object]
2022-07-14 19:36:39 info: [0mGET /api/products [36m304[0m 12.995 ms - -[0m
2022-07-14 19:36:39 info: [0mGET /api/categories [36m304[0m 14.897 ms - -[0m
2022-07-14 19:36:39 info: [0mGET /api/user/shopping-lists [36m304[0m 16.087 ms - -[0m
2022-07-14 19:36:39 debug: [object Object]
2022-07-14 19:36:39 info: [0mGET /api/shipping-methods [36m304[0m 8.042 ms - -[0m
2022-07-14 19:37:14 info: [0mGET /api/users/types [36m304[0m 7.017 ms - -[0m
2022-07-14 19:37:14 debug: [object Object]
2022-07-14 19:37:14 info: [0mGET /api/auth/refresh-session [32m200[0m 11.426 ms - 552[0m
2022-07-14 19:37:14 debug: [object Object]
2022-07-14 19:37:14 info: [0mGET /api/tags [36m304[0m 14.551 ms - -[0m
2022-07-14 19:37:14 debug: [object Object]
2022-07-14 19:37:14 debug: [object Object]
2022-07-14 19:37:14 debug: [object Object]
2022-07-14 19:37:14 info: [0mGET /api/products [36m304[0m 11.859 ms - -[0m
2022-07-14 19:37:14 info: [0mGET /api/categories [36m304[0m 12.810 ms - -[0m
2022-07-14 19:37:14 info: [0mGET /api/user/shopping-lists [36m304[0m 14.420 ms - -[0m
2022-07-14 19:37:14 debug: [object Object]
2022-07-14 19:37:14 info: [0mGET /api/shipping-methods [36m304[0m 4.181 ms - -[0m
2022-07-14 19:37:42 info: [0mGET /api/users/types [36m304[0m 7.317 ms - -[0m
2022-07-14 19:37:42 debug: [object Object]
2022-07-14 19:37:42 info: [0mGET /api/auth/refresh-session [32m200[0m 15.278 ms - 552[0m
2022-07-14 19:37:42 debug: [object Object]
2022-07-14 19:37:42 info: [0mGET /api/tags [36m304[0m 18.685 ms - -[0m
2022-07-14 19:37:42 debug: [object Object]
2022-07-14 19:37:42 debug: [object Object]
2022-07-14 19:37:42 info: [0mGET /api/products [36m304[0m 13.901 ms - -[0m
2022-07-14 19:37:42 debug: [object Object]
2022-07-14 19:37:42 info: [0mGET /api/categories [36m304[0m 22.387 ms - -[0m
2022-07-14 19:37:42 info: [0mGET /api/user/shopping-lists [36m304[0m 21.921 ms - -[0m
2022-07-14 19:37:43 debug: [object Object]
2022-07-14 19:37:43 info: [0mGET /api/shipping-methods [36m304[0m 5.639 ms - -[0m
2022-07-14 19:37:54 info: [0mGET /api/users/types [36m304[0m 4.240 ms - -[0m
2022-07-14 19:37:54 debug: [object Object]
2022-07-14 19:37:54 info: [0mGET /api/auth/refresh-session [32m200[0m 11.298 ms - 552[0m
2022-07-14 19:37:54 debug: [object Object]
2022-07-14 19:37:54 info: [0mGET /api/tags [36m304[0m 12.914 ms - -[0m
2022-07-14 19:37:54 debug: [object Object]
2022-07-14 19:37:54 debug: [object Object]
2022-07-14 19:37:54 debug: [object Object]
2022-07-14 19:37:54 info: [0mGET /api/products [36m304[0m 12.434 ms - -[0m
2022-07-14 19:37:54 info: [0mGET /api/categories [36m304[0m 14.723 ms - -[0m
2022-07-14 19:37:54 info: [0mGET /api/user/shopping-lists [36m304[0m 14.694 ms - -[0m
2022-07-14 19:37:54 debug: [object Object]
2022-07-14 19:37:54 info: [0mGET /api/shipping-methods [36m304[0m 2.484 ms - -[0m
2022-07-14 19:38:13 info: [0mGET /api/users/types [36m304[0m 2.393 ms - -[0m
2022-07-14 19:38:13 debug: [object Object]
2022-07-14 19:38:13 info: [0mGET /api/auth/refresh-session [32m200[0m 4.843 ms - 552[0m
2022-07-14 19:38:13 debug: [object Object]
2022-07-14 19:38:13 debug: [object Object]
2022-07-14 19:38:13 debug: [object Object]
2022-07-14 19:38:13 debug: [object Object]
2022-07-14 19:38:13 info: [0mGET /api/tags [36m304[0m 16.041 ms - -[0m
2022-07-14 19:38:13 info: [0mGET /api/products [36m304[0m 17.127 ms - -[0m
2022-07-14 19:38:13 info: [0mGET /api/categories [36m304[0m 18.590 ms - -[0m
2022-07-14 19:38:13 info: [0mGET /api/user/shopping-lists [36m304[0m 19.374 ms - -[0m
2022-07-14 19:38:13 debug: [object Object]
2022-07-14 19:38:13 info: [0mGET /api/shipping-methods [36m304[0m 2.003 ms - -[0m
2022-07-14 19:40:03 info: [0mGET /api/users/types [36m304[0m 3.759 ms - -[0m
2022-07-14 19:40:03 debug: [object Object]
2022-07-14 19:40:03 info: [0mGET /api/auth/refresh-session [32m200[0m 5.375 ms - 552[0m
2022-07-14 19:40:03 debug: [object Object]
2022-07-14 19:40:03 info: [0mGET /api/tags [36m304[0m 11.578 ms - -[0m
2022-07-14 19:40:03 debug: [object Object]
2022-07-14 19:40:03 debug: [object Object]
2022-07-14 19:40:03 debug: [object Object]
2022-07-14 19:40:03 info: [0mGET /api/products [36m304[0m 9.566 ms - -[0m
2022-07-14 19:40:03 info: [0mGET /api/categories [36m304[0m 9.889 ms - -[0m
2022-07-14 19:40:03 info: [0mGET /api/user/shopping-lists [36m304[0m 10.781 ms - -[0m
2022-07-14 19:40:03 debug: [object Object]
2022-07-14 19:40:03 info: [0mGET /api/shipping-methods [36m304[0m 5.460 ms - -[0m
2022-07-14 19:40:20 info: [0mGET /api/users/types [36m304[0m 2.389 ms - -[0m
2022-07-14 19:40:20 debug: [object Object]
2022-07-14 19:40:20 info: [0mGET /api/auth/refresh-session [32m200[0m 4.462 ms - 552[0m
2022-07-14 19:40:20 debug: [object Object]
2022-07-14 19:40:20 info: [0mGET /api/tags [36m304[0m 11.093 ms - -[0m
2022-07-14 19:40:20 debug: [object Object]
2022-07-14 19:40:20 debug: [object Object]
2022-07-14 19:40:20 debug: [object Object]
2022-07-14 19:40:20 info: [0mGET /api/products [36m304[0m 6.953 ms - -[0m
2022-07-14 19:40:20 info: [0mGET /api/categories [36m304[0m 8.441 ms - -[0m
2022-07-14 19:40:20 info: [0mGET /api/user/shopping-lists [36m304[0m 8.473 ms - -[0m
2022-07-14 19:40:21 debug: [object Object]
2022-07-14 19:40:21 info: [0mGET /api/shipping-methods [36m304[0m 3.418 ms - -[0m
2022-07-14 19:41:16 info: [0mGET /api/users/types [36m304[0m 1.605 ms - -[0m
2022-07-14 19:41:16 debug: [object Object]
2022-07-14 19:41:16 info: [0mGET /api/auth/refresh-session [32m200[0m 4.573 ms - 552[0m
2022-07-14 19:41:17 debug: [object Object]
2022-07-14 19:41:17 info: [0mGET /api/tags [36m304[0m 10.846 ms - -[0m
2022-07-14 19:41:17 debug: [object Object]
2022-07-14 19:41:17 debug: [object Object]
2022-07-14 19:41:17 debug: [object Object]
2022-07-14 19:41:17 info: [0mGET /api/products [36m304[0m 7.206 ms - -[0m
2022-07-14 19:41:17 info: [0mGET /api/categories [36m304[0m 8.063 ms - -[0m
2022-07-14 19:41:17 info: [0mGET /api/user/shopping-lists [36m304[0m 8.862 ms - -[0m
2022-07-14 19:41:17 debug: [object Object]
2022-07-14 19:41:17 info: [0mGET /api/shipping-methods [36m304[0m 2.962 ms - -[0m
2022-07-14 19:42:38 info: [0mGET /api/users/types [36m304[0m 1.764 ms - -[0m
2022-07-14 19:42:38 debug: [object Object]
2022-07-14 19:42:38 info: [0mGET /api/auth/refresh-session [32m200[0m 3.585 ms - 552[0m
2022-07-14 19:42:38 debug: [object Object]
2022-07-14 19:42:38 info: [0mGET /api/tags [36m304[0m 10.167 ms - -[0m
2022-07-14 19:42:38 debug: [object Object]
2022-07-14 19:42:38 debug: [object Object]
2022-07-14 19:42:38 debug: [object Object]
2022-07-14 19:42:38 debug: [object Object]
2022-07-14 19:42:38 info: [0mGET /api/products [36m304[0m 13.980 ms - -[0m
2022-07-14 19:42:38 info: [0mGET /api/categories [36m304[0m 12.253 ms - -[0m
2022-07-14 19:42:38 info: [0mGET /api/shipping-methods [36m304[0m 14.944 ms - -[0m
2022-07-14 19:42:38 info: [0mGET /api/user/shopping-lists [36m304[0m 13.102 ms - -[0m
2022-07-14 19:42:52 info: [0mGET /api/users/types [36m304[0m 2.566 ms - -[0m
2022-07-14 19:42:52 debug: [object Object]
2022-07-14 19:42:52 info: [0mGET /api/auth/refresh-session [32m200[0m 6.803 ms - 552[0m
2022-07-14 19:42:52 debug: [object Object]
2022-07-14 19:42:52 info: [0mGET /api/tags [36m304[0m 9.278 ms - -[0m
2022-07-14 19:42:53 debug: [object Object]
2022-07-14 19:42:53 debug: [object Object]
2022-07-14 19:42:53 debug: [object Object]
2022-07-14 19:42:53 debug: [object Object]
2022-07-14 19:42:53 info: [0mGET /api/products [36m304[0m 13.055 ms - -[0m
2022-07-14 19:42:53 info: [0mGET /api/categories [36m304[0m 12.069 ms - -[0m
2022-07-14 19:42:53 info: [0mGET /api/user/shopping-lists [36m304[0m 12.550 ms - -[0m
2022-07-14 19:42:53 info: [0mGET /api/shipping-methods [36m304[0m 13.029 ms - -[0m
2022-07-14 19:43:03 info: [0mGET /api/users/types [36m304[0m 2.410 ms - -[0m
2022-07-14 19:43:03 debug: [object Object]
2022-07-14 19:43:03 info: [0mGET /api/auth/refresh-session [32m200[0m 4.568 ms - 552[0m
2022-07-14 19:43:03 debug: [object Object]
2022-07-14 19:43:03 info: [0mGET /api/tags [36m304[0m 10.312 ms - -[0m
2022-07-14 19:43:03 debug: [object Object]
2022-07-14 19:43:03 info: [0mGET /api/products [36m304[0m 7.938 ms - -[0m
2022-07-14 19:43:03 debug: [object Object]
2022-07-14 19:43:03 debug: [object Object]
2022-07-14 19:43:03 debug: [object Object]
2022-07-14 19:43:03 info: [0mGET /api/categories [36m304[0m 6.532 ms - -[0m
2022-07-14 19:43:03 info: [0mGET /api/user/shopping-lists [36m304[0m 9.537 ms - -[0m
2022-07-14 19:43:03 info: [0mGET /api/shipping-methods [36m304[0m 12.409 ms - -[0m
2022-07-14 19:43:35 info: [0mGET /api/users/types [36m304[0m 1.858 ms - -[0m
2022-07-14 19:43:35 debug: [object Object]
2022-07-14 19:43:35 info: [0mGET /api/auth/refresh-session [32m200[0m 4.788 ms - 552[0m
2022-07-14 19:43:35 debug: [object Object]
2022-07-14 19:43:35 info: [0mGET /api/tags [36m304[0m 12.333 ms - -[0m
2022-07-14 19:43:35 debug: [object Object]
2022-07-14 19:43:35 debug: [object Object]
2022-07-14 19:43:35 debug: [object Object]
2022-07-14 19:43:35 debug: [object Object]
2022-07-14 19:43:35 info: [0mGET /api/products [36m304[0m 13.462 ms - -[0m
2022-07-14 19:43:35 info: [0mGET /api/categories [36m304[0m 14.729 ms - -[0m
2022-07-14 19:43:35 info: [0mGET /api/user/shopping-lists [36m304[0m 16.700 ms - -[0m
2022-07-14 19:43:35 info: [0mGET /api/shipping-methods [36m304[0m 16.882 ms - -[0m
2022-07-14 19:44:08 info: [0mGET /api/users/types [36m304[0m 3.563 ms - -[0m
2022-07-14 19:44:08 debug: [object Object]
2022-07-14 19:44:08 info: [0mGET /api/auth/refresh-session [32m200[0m 5.185 ms - 552[0m
2022-07-14 19:44:08 debug: [object Object]
2022-07-14 19:44:08 info: [0mGET /api/tags [36m304[0m 14.087 ms - -[0m
2022-07-14 19:44:08 debug: [object Object]
2022-07-14 19:44:08 debug: [object Object]
2022-07-14 19:44:08 debug: [object Object]
2022-07-14 19:44:08 debug: [object Object]
2022-07-14 19:44:08 info: [0mGET /api/products [36m304[0m 14.485 ms - -[0m
2022-07-14 19:44:08 info: [0mGET /api/categories [36m304[0m 16.797 ms - -[0m
2022-07-14 19:44:08 info: [0mGET /api/user/shopping-lists [36m304[0m 18.369 ms - -[0m
2022-07-14 19:44:08 info: [0mGET /api/shipping-methods [36m304[0m 18.547 ms - -[0m
2022-07-14 19:44:45 info: [0mGET /api/users/types [36m304[0m 4.020 ms - -[0m
2022-07-14 19:44:45 debug: [object Object]
2022-07-14 19:44:45 info: [0mGET /api/auth/refresh-session [32m200[0m 7.148 ms - 552[0m
2022-07-14 19:44:45 debug: [object Object]
2022-07-14 19:44:45 info: [0mGET /api/tags [36m304[0m 8.323 ms - -[0m
2022-07-14 19:44:45 debug: [object Object]
2022-07-14 19:44:45 debug: [object Object]
2022-07-14 19:44:45 debug: [object Object]
2022-07-14 19:44:45 debug: [object Object]
2022-07-14 19:44:45 info: [0mGET /api/products [36m304[0m 10.692 ms - -[0m
2022-07-14 19:44:45 info: [0mGET /api/categories [36m304[0m 13.474 ms - -[0m
2022-07-14 19:44:45 info: [0mGET /api/user/shopping-lists [36m304[0m 15.068 ms - -[0m
2022-07-14 19:44:45 info: [0mGET /api/shipping-methods [36m304[0m 15.513 ms - -[0m
2022-07-14 19:44:50 info: [0mGET /api/users/types [36m304[0m 1.533 ms - -[0m
2022-07-14 19:44:50 debug: [object Object]
2022-07-14 19:44:50 info: [0mGET /api/auth/refresh-session [32m200[0m 2.663 ms - 552[0m
2022-07-14 19:44:50 debug: [object Object]
2022-07-14 19:44:50 info: [0mGET /api/tags [36m304[0m 9.876 ms - -[0m
2022-07-14 19:44:50 debug: [object Object]
2022-07-14 19:44:50 debug: [object Object]
2022-07-14 19:44:50 info: [0mGET /api/products [36m304[0m 4.425 ms - -[0m
2022-07-14 19:44:50 info: [0mGET /api/categories [36m304[0m 5.710 ms - -[0m
2022-07-14 19:44:50 debug: [object Object]
2022-07-14 19:44:50 info: [0mGET /api/user/shopping-lists [36m304[0m 4.673 ms - -[0m
2022-07-14 19:44:50 debug: [object Object]
2022-07-14 19:44:50 info: [0mGET /api/shipping-methods [36m304[0m 2.113 ms - -[0m
2022-07-14 19:46:00 info: [0mGET /api/users/types [36m304[0m 4.126 ms - -[0m
2022-07-14 19:46:00 debug: [object Object]
2022-07-14 19:46:00 info: [0mGET /api/auth/refresh-session [32m200[0m 6.739 ms - 552[0m
2022-07-14 19:46:00 debug: [object Object]
2022-07-14 19:46:00 info: [0mGET /api/tags [36m304[0m 12.120 ms - -[0m
2022-07-14 19:46:00 debug: [object Object]
2022-07-14 19:46:00 debug: [object Object]
2022-07-14 19:46:00 debug: [object Object]
2022-07-14 19:46:00 debug: [object Object]
2022-07-14 19:46:00 info: [0mGET /api/products [36m304[0m 30.465 ms - -[0m
2022-07-14 19:46:00 info: [0mGET /api/user/shopping-lists [36m304[0m 30.260 ms - -[0m
2022-07-14 19:46:00 info: [0mGET /api/categories [36m304[0m 42.182 ms - -[0m
2022-07-14 19:46:00 info: [0mGET /api/shipping-methods [36m304[0m 38.201 ms - -[0m
2022-07-14 19:46:03 info: [0mGET /api/users/types [36m304[0m 1.620 ms - -[0m
2022-07-14 19:46:03 debug: [object Object]
2022-07-14 19:46:03 info: [0mGET /api/auth/refresh-session [32m200[0m 3.359 ms - 552[0m
2022-07-14 19:46:03 debug: [object Object]
2022-07-14 19:46:03 info: [0mGET /api/tags [36m304[0m 10.088 ms - -[0m
2022-07-14 19:46:03 debug: [object Object]
2022-07-14 19:46:03 info: [0mGET /api/products [36m304[0m 2.694 ms - -[0m
2022-07-14 19:46:03 debug: [object Object]
2022-07-14 19:46:03 debug: [object Object]
2022-07-14 19:46:03 debug: [object Object]
2022-07-14 19:46:03 info: [0mGET /api/categories [36m304[0m 8.971 ms - -[0m
2022-07-14 19:46:03 info: [0mGET /api/user/shopping-lists [36m304[0m 9.383 ms - -[0m
2022-07-14 19:46:03 info: [0mGET /api/shipping-methods [36m304[0m 9.689 ms - -[0m
2022-07-14 19:46:47 info: [0mGET /api/users/types [36m304[0m 1.730 ms - -[0m
2022-07-14 19:46:47 debug: [object Object]
2022-07-14 19:46:47 info: [0mGET /api/auth/refresh-session [32m200[0m 5.994 ms - 552[0m
2022-07-14 19:46:47 debug: [object Object]
2022-07-14 19:46:47 info: [0mGET /api/tags [36m304[0m 8.379 ms - -[0m
2022-07-14 19:46:48 debug: [object Object]
2022-07-14 19:46:48 debug: [object Object]
2022-07-14 19:46:48 debug: [object Object]
2022-07-14 19:46:48 debug: [object Object]
2022-07-14 19:46:48 info: [0mGET /api/products [36m304[0m 16.035 ms - -[0m
2022-07-14 19:46:48 info: [0mGET /api/categories [36m304[0m 17.585 ms - -[0m
2022-07-14 19:46:48 info: [0mGET /api/user/shopping-lists [36m304[0m 16.788 ms - -[0m
2022-07-14 19:46:48 info: [0mGET /api/shipping-methods [36m304[0m 16.950 ms - -[0m
2022-07-14 19:48:15 info: [0mGET /api/users/types [36m304[0m 4.303 ms - -[0m
2022-07-14 19:48:15 debug: [object Object]
2022-07-14 19:48:15 info: [0mGET /api/auth/refresh-session [32m200[0m 6.502 ms - 552[0m
2022-07-14 19:48:15 debug: [object Object]
2022-07-14 19:48:15 info: [0mGET /api/tags [36m304[0m 13.603 ms - -[0m
2022-07-14 19:48:16 debug: [object Object]
2022-07-14 19:48:16 debug: [object Object]
2022-07-14 19:48:16 debug: [object Object]
2022-07-14 19:48:16 info: [0mGET /api/categories [36m304[0m 8.488 ms - -[0m
2022-07-14 19:48:16 info: [0mGET /api/products [36m304[0m 15.225 ms - -[0m
2022-07-14 19:48:16 info: [0mGET /api/user/shopping-lists [36m304[0m 16.554 ms - -[0m
2022-07-14 19:48:16 debug: [object Object]
2022-07-14 19:48:16 info: [0mGET /api/shipping-methods [36m304[0m 16.781 ms - -[0m
2022-07-14 19:49:11 info: [0mGET /api/users/types [36m304[0m 2.443 ms - -[0m
2022-07-14 19:49:11 debug: [object Object]
2022-07-14 19:49:11 info: [0mGET /api/auth/refresh-session [32m200[0m 4.652 ms - 552[0m
2022-07-14 19:49:11 debug: [object Object]
2022-07-14 19:49:11 info: [0mGET /api/tags [36m304[0m 9.456 ms - -[0m
2022-07-14 19:49:12 debug: [object Object]
2022-07-14 19:49:12 debug: [object Object]
2022-07-14 19:49:12 debug: [object Object]
2022-07-14 19:49:12 debug: [object Object]
2022-07-14 19:49:12 info: [0mGET /api/products [36m304[0m 15.277 ms - -[0m
2022-07-14 19:49:12 info: [0mGET /api/categories [36m304[0m 14.085 ms - -[0m
2022-07-14 19:49:12 info: [0mGET /api/user/shopping-lists [36m304[0m 14.963 ms - -[0m
2022-07-14 19:49:12 info: [0mGET /api/shipping-methods [36m304[0m 15.126 ms - -[0m
2022-07-14 19:49:22 info: [0mGET /api/users/types [36m304[0m 1.764 ms - -[0m
2022-07-14 19:49:22 debug: [object Object]
2022-07-14 19:49:22 info: [0mGET /api/auth/refresh-session [32m200[0m 5.401 ms - 552[0m
2022-07-14 19:49:22 debug: [object Object]
2022-07-14 19:49:22 info: [0mGET /api/tags [36m304[0m 24.821 ms - -[0m
2022-07-14 19:49:22 debug: [object Object]
2022-07-14 19:49:22 info: [0mGET /api/products [36m304[0m 4.922 ms - -[0m
2022-07-14 19:49:22 debug: [object Object]
2022-07-14 19:49:22 info: [0mGET /api/categories [36m304[0m 3.853 ms - -[0m
2022-07-14 19:49:22 debug: [object Object]
2022-07-14 19:49:22 info: [0mGET /api/user/shopping-lists [36m304[0m 5.758 ms - -[0m
2022-07-14 19:49:22 debug: [object Object]
2022-07-14 19:49:22 info: [0mGET /api/shipping-methods [36m304[0m 2.546 ms - -[0m
2022-07-14 19:49:31 info: [0mGET /api/users/types [36m304[0m 1.573 ms - -[0m
2022-07-14 19:49:31 debug: [object Object]
2022-07-14 19:49:31 info: [0mGET /api/auth/refresh-session [32m200[0m 6.719 ms - 552[0m
2022-07-14 19:49:31 debug: [object Object]
2022-07-14 19:49:31 info: [0mGET /api/tags [36m304[0m 16.728 ms - -[0m
2022-07-14 19:49:31 debug: [object Object]
2022-07-14 19:49:31 info: [0mGET /api/products [36m304[0m 7.305 ms - -[0m
2022-07-14 19:49:31 debug: [object Object]
2022-07-14 19:49:31 debug: [object Object]
2022-07-14 19:49:31 debug: [object Object]
2022-07-14 19:49:31 info: [0mGET /api/categories [36m304[0m 9.653 ms - -[0m
2022-07-14 19:49:31 info: [0mGET /api/user/shopping-lists [36m304[0m 10.326 ms - -[0m
2022-07-14 19:49:31 info: [0mGET /api/shipping-methods [36m304[0m 10.733 ms - -[0m
2022-07-14 19:49:42 info: [0mGET /api/users/types [36m304[0m 2.679 ms - -[0m
2022-07-14 19:49:42 debug: [object Object]
2022-07-14 19:49:42 info: [0mGET /api/auth/refresh-session [32m200[0m 4.983 ms - 552[0m
2022-07-14 19:49:42 debug: [object Object]
2022-07-14 19:49:42 info: [0mGET /api/tags [36m304[0m 10.176 ms - -[0m
2022-07-14 19:49:43 debug: [object Object]
2022-07-14 19:49:43 debug: [object Object]
2022-07-14 19:49:43 debug: [object Object]
2022-07-14 19:49:43 debug: [object Object]
2022-07-14 19:49:43 info: [0mGET /api/products [36m304[0m 12.390 ms - -[0m
2022-07-14 19:49:43 info: [0mGET /api/categories [36m304[0m 13.084 ms - -[0m
2022-07-14 19:49:43 info: [0mGET /api/user/shopping-lists [36m304[0m 14.701 ms - -[0m
2022-07-14 19:49:43 info: [0mGET /api/shipping-methods [36m304[0m 14.285 ms - -[0m
2022-07-14 19:50:11 info: [0mGET /api/users/types [36m304[0m 3.974 ms - -[0m
2022-07-14 19:50:11 debug: [object Object]
2022-07-14 19:50:11 info: [0mGET /api/auth/refresh-session [32m200[0m 6.395 ms - 552[0m
2022-07-14 19:50:11 debug: [object Object]
2022-07-14 19:50:11 info: [0mGET /api/tags [36m304[0m 9.197 ms - -[0m
2022-07-14 19:50:11 debug: [object Object]
2022-07-14 19:50:11 debug: [object Object]
2022-07-14 19:50:11 debug: [object Object]
2022-07-14 19:50:11 debug: [object Object]
2022-07-14 19:50:11 info: [0mGET /api/products [36m304[0m 14.145 ms - -[0m
2022-07-14 19:50:11 info: [0mGET /api/categories [36m304[0m 15.811 ms - -[0m
2022-07-14 19:50:11 info: [0mGET /api/user/shopping-lists [36m304[0m 18.038 ms - -[0m
2022-07-14 19:50:11 info: [0mGET /api/shipping-methods [36m304[0m 17.749 ms - -[0m
2022-07-14 19:53:25 info: [0mGET /api/users/types [36m304[0m 4.935 ms - -[0m
2022-07-14 19:53:25 debug: [object Object]
2022-07-14 19:53:25 info: [0mGET /api/auth/refresh-session [32m200[0m 10.474 ms - 552[0m
2022-07-14 19:53:25 debug: [object Object]
2022-07-14 19:53:25 info: [0mGET /api/tags [36m304[0m 16.262 ms - -[0m
2022-07-14 19:53:25 debug: [object Object]
2022-07-14 19:53:25 debug: [object Object]
2022-07-14 19:53:25 debug: [object Object]
2022-07-14 19:53:25 debug: [object Object]
2022-07-14 19:53:25 info: [0mGET /api/products [36m304[0m 13.147 ms - -[0m
2022-07-14 19:53:25 info: [0mGET /api/categories [36m304[0m 14.076 ms - -[0m
2022-07-14 19:53:25 info: [0mGET /api/user/shopping-lists [36m304[0m 15.031 ms - -[0m
2022-07-14 19:53:25 info: [0mGET /api/shipping-methods [36m304[0m 14.693 ms - -[0m
2022-07-14 19:54:15 info: [0mGET /api/users/types [36m304[0m 1.659 ms - -[0m
2022-07-14 19:54:15 debug: [object Object]
2022-07-14 19:54:15 info: [0mGET /api/auth/refresh-session [32m200[0m 8.220 ms - 552[0m
2022-07-14 19:54:15 debug: [object Object]
2022-07-14 19:54:15 info: [0mGET /api/tags [36m304[0m 9.692 ms - -[0m
2022-07-14 19:54:15 debug: [object Object]
2022-07-14 19:54:15 debug: [object Object]
2022-07-14 19:54:15 debug: [object Object]
2022-07-14 19:54:15 debug: [object Object]
2022-07-14 19:54:15 info: [0mGET /api/products [36m304[0m 11.333 ms - -[0m
2022-07-14 19:54:15 info: [0mGET /api/categories [36m304[0m 12.711 ms - -[0m
2022-07-14 19:54:15 info: [0mGET /api/user/shopping-lists [36m304[0m 15.531 ms - -[0m
2022-07-14 19:54:15 info: [0mGET /api/shipping-methods [36m304[0m 18.368 ms - -[0m
2022-07-14 19:54:27 info: [0mGET /api/users/types [36m304[0m 2.300 ms - -[0m
2022-07-14 19:54:27 debug: [object Object]
2022-07-14 19:54:27 info: [0mGET /api/auth/refresh-session [32m200[0m 8.844 ms - 552[0m
2022-07-14 19:54:27 debug: [object Object]
2022-07-14 19:54:27 info: [0mGET /api/tags [36m304[0m 12.099 ms - -[0m
2022-07-14 19:54:27 debug: [object Object]
2022-07-14 19:54:27 debug: [object Object]
2022-07-14 19:54:27 debug: [object Object]
2022-07-14 19:54:27 info: [0mGET /api/products [36m304[0m 15.163 ms - -[0m
2022-07-14 19:54:27 debug: [object Object]
2022-07-14 19:54:27 info: [0mGET /api/categories [36m304[0m 15.770 ms - -[0m
2022-07-14 19:54:27 info: [0mGET /api/user/shopping-lists [36m304[0m 15.537 ms - -[0m
2022-07-14 19:54:27 info: [0mGET /api/shipping-methods [36m304[0m 14.560 ms - -[0m
2022-07-14 19:55:58 info: [0mGET /api/users/types [36m304[0m 5.175 ms - -[0m
2022-07-14 19:55:58 debug: [object Object]
2022-07-14 19:55:58 info: [0mGET /api/auth/refresh-session [32m200[0m 8.532 ms - 552[0m
2022-07-14 19:55:58 debug: [object Object]
2022-07-14 19:55:58 info: [0mGET /api/tags [36m304[0m 11.441 ms - -[0m
2022-07-14 19:55:59 debug: [object Object]
2022-07-14 19:55:59 debug: [object Object]
2022-07-14 19:55:59 debug: [object Object]
2022-07-14 19:55:59 debug: [object Object]
2022-07-14 19:55:59 info: [0mGET /api/products [36m304[0m 11.176 ms - -[0m
2022-07-14 19:55:59 info: [0mGET /api/categories [36m304[0m 14.068 ms - -[0m
2022-07-14 19:55:59 info: [0mGET /api/user/shopping-lists [36m304[0m 15.199 ms - -[0m
2022-07-14 19:55:59 info: [0mGET /api/shipping-methods [36m304[0m 15.601 ms - -[0m
2022-07-14 19:56:21 info: [0mGET /api/users/types [36m304[0m 2.237 ms - -[0m
2022-07-14 19:56:21 debug: [object Object]
2022-07-14 19:56:21 info: [0mGET /api/auth/refresh-session [32m200[0m 6.625 ms - 552[0m
2022-07-14 19:56:21 debug: [object Object]
2022-07-14 19:56:21 info: [0mGET /api/tags [36m304[0m 14.379 ms - -[0m
2022-07-14 19:56:21 debug: [object Object]
2022-07-14 19:56:21 debug: [object Object]
2022-07-14 19:56:21 debug: [object Object]
2022-07-14 19:56:21 debug: [object Object]
2022-07-14 19:56:21 info: [0mGET /api/user/shopping-lists [36m304[0m 26.680 ms - -[0m
2022-07-14 19:56:21 info: [0mGET /api/products [36m304[0m 31.241 ms - -[0m
2022-07-14 19:56:21 info: [0mGET /api/categories [36m304[0m 29.051 ms - -[0m
2022-07-14 19:56:21 info: [0mGET /api/shipping-methods [36m304[0m 30.394 ms - -[0m
2022-07-14 19:57:46 info: [0mGET /api/users/types [36m304[0m 6.244 ms - -[0m
2022-07-14 19:57:46 debug: [object Object]
2022-07-14 19:57:46 info: [0mGET /api/auth/refresh-session [32m200[0m 10.594 ms - 552[0m
2022-07-14 19:57:46 debug: [object Object]
2022-07-14 19:57:46 info: [0mGET /api/tags [36m304[0m 10.820 ms - -[0m
2022-07-14 19:57:47 debug: [object Object]
2022-07-14 19:57:47 debug: [object Object]
2022-07-14 19:57:47 debug: [object Object]
2022-07-14 19:57:47 debug: [object Object]
2022-07-14 19:57:47 info: [0mGET /api/products [36m304[0m 10.285 ms - -[0m
2022-07-14 19:57:47 info: [0mGET /api/categories [36m304[0m 10.792 ms - -[0m
2022-07-14 19:57:47 info: [0mGET /api/user/shopping-lists [36m304[0m 11.343 ms - -[0m
2022-07-14 19:57:47 info: [0mGET /api/shipping-methods [36m304[0m 10.607 ms - -[0m
2022-07-14 19:58:11 info: [0mGET /api/users/types [36m304[0m 1.662 ms - -[0m
2022-07-14 19:58:11 debug: [object Object]
2022-07-14 19:58:11 info: [0mGET /api/auth/refresh-session [32m200[0m 4.447 ms - 552[0m
2022-07-14 19:58:11 debug: [object Object]
2022-07-14 19:58:11 info: [0mGET /api/tags [36m304[0m 10.331 ms - -[0m
2022-07-14 19:58:11 debug: [object Object]
2022-07-14 19:58:11 debug: [object Object]
2022-07-14 19:58:11 debug: [object Object]
2022-07-14 19:58:11 debug: [object Object]
2022-07-14 19:58:11 info: [0mGET /api/products [36m304[0m 13.802 ms - -[0m
2022-07-14 19:58:11 info: [0mGET /api/categories [36m304[0m 14.195 ms - -[0m
2022-07-14 19:58:11 info: [0mGET /api/user/shopping-lists [36m304[0m 14.521 ms - -[0m
2022-07-14 19:58:11 info: [0mGET /api/shipping-methods [36m304[0m 14.158 ms - -[0m
2022-07-14 20:03:10 info: [0mGET /api/users/types [36m304[0m 5.358 ms - -[0m
2022-07-14 20:03:10 debug: [object Object]
2022-07-14 20:03:10 info: [0mGET /api/auth/refresh-session [32m200[0m 8.483 ms - 552[0m
2022-07-14 20:03:10 debug: [object Object]
2022-07-14 20:03:10 info: [0mGET /api/tags [36m304[0m 10.543 ms - -[0m
2022-07-14 20:03:11 debug: [object Object]
2022-07-14 20:03:11 debug: [object Object]
2022-07-14 20:03:11 info: [0mGET /api/products [36m304[0m 11.182 ms - -[0m
2022-07-14 20:03:11 debug: [object Object]
2022-07-14 20:03:11 debug: [object Object]
2022-07-14 20:03:11 info: [0mGET /api/categories [36m304[0m 14.765 ms - -[0m
2022-07-14 20:03:11 info: [0mGET /api/user/shopping-lists [36m304[0m 13.266 ms - -[0m
2022-07-14 20:03:11 info: [0mGET /api/shipping-methods [36m304[0m 13.393 ms - -[0m
2022-07-14 20:30:34 info: [0mGET /api/users/types [36m304[0m 6.868 ms - -[0m
2022-07-14 20:30:34 debug: [object Object]
2022-07-14 20:30:34 info: [0mGET /api/auth/refresh-session [32m200[0m 9.829 ms - 552[0m
2022-07-14 20:30:34 debug: [object Object]
2022-07-14 20:30:34 info: [0mGET /api/tags [36m304[0m 20.732 ms - -[0m
2022-07-14 20:30:35 debug: [object Object]
2022-07-14 20:30:35 debug: [object Object]
2022-07-14 20:30:35 debug: [object Object]
2022-07-14 20:30:35 debug: [object Object]
2022-07-14 20:30:35 info: [0mGET /api/products [36m304[0m 12.125 ms - -[0m
2022-07-14 20:30:35 info: [0mGET /api/categories [36m304[0m 13.299 ms - -[0m
2022-07-14 20:30:35 info: [0mGET /api/user/shopping-lists [36m304[0m 15.022 ms - -[0m
2022-07-14 20:30:35 info: [0mGET /api/shipping-methods [36m304[0m 15.476 ms - -[0m
2022-07-14 21:01:34 info: =================================
2022-07-14 21:01:34 info: ======= ENV: development =======
2022-07-14 21:01:34 info: 🚀 App listening on the port 3000
2022-07-14 21:01:34 info: =================================
