2022-07-25 19:04:54 info: =================================
2022-07-25 19:04:54 info: ======= ENV: development =======
2022-07-25 19:04:54 info: 🚀 App listening on the port 3000
2022-07-25 19:04:54 info: =================================
2022-07-25 19:06:00 error: [GET] /api/auth/refresh-session >> StatusCode:: 401, Message:: Wrong authentication token
2022-07-25 19:06:00 info: [0mGET /api/auth/refresh-session [33m401[0m 6.034 ms - 40[0m
2022-07-25 19:06:00 error: [GET] /api/users/types >> StatusCode:: 500, Message:: connect ECONNREFUSED 127.0.0.1:3306
2022-07-25 19:06:00 info: [0mGET /api/users/types [31m500[0m 4274.556 ms - 49[0m
2022-07-25 19:06:14 error: [GET] /api/auth/refresh-session >> StatusCode:: 401, Message:: Wrong authentication token
2022-07-25 19:06:14 info: [0mGET /api/auth/refresh-session [33m401[0m 2.250 ms - 40[0m
2022-07-25 19:06:14 info: [0mGET /api/users/types [32m200[0m 355.861 ms - 896[0m
2022-07-25 19:06:17 info: [0mPOST /api/auth/sign-in [32m200[0m 592.838 ms - 697[0m
2022-07-25 19:06:18 debug: [object Object]
2022-07-25 19:06:18 debug: [object Object]
2022-07-25 19:06:18 debug: [object Object]
2022-07-25 19:06:18 debug: [object Object]
2022-07-25 19:06:18 info: [0mGET /api/categories [36m304[0m 145.990 ms - -[0m
2022-07-25 19:06:18 info: [0mGET /api/tags [36m304[0m 186.110 ms - -[0m
2022-07-25 19:06:18 info: [0mGET /api/products [36m304[0m 190.773 ms - -[0m
2022-07-25 19:06:18 info: [0mGET /api/user/shopping-lists [36m304[0m 208.684 ms - -[0m
2022-07-25 19:06:18 debug: [object Object]
2022-07-25 19:06:18 debug: [object Object]
2022-07-25 19:06:18 info: [0mGET /api/shipping-methods [36m304[0m 54.461 ms - -[0m
2022-07-25 19:06:18 info: [0mGET /api/user/locations [36m304[0m 96.194 ms - -[0m
2022-07-25 19:06:18 debug: [object Object]
2022-07-25 19:06:18 info: [0mGET /api/user/locations/auto-suggestions [36m304[0m 8.348 ms - -[0m
2022-07-25 19:07:27 info: [0mGET /api/users/types [36m304[0m 2.510 ms - -[0m
2022-07-25 19:07:27 debug: [object Object]
2022-07-25 19:07:27 info: [0mGET /api/auth/refresh-session [32m200[0m 5.593 ms - 705[0m
2022-07-25 19:07:27 debug: [object Object]
2022-07-25 19:07:27 info: [0mGET /api/tags [36m304[0m 19.904 ms - -[0m
2022-07-25 19:07:27 debug: [object Object]
2022-07-25 19:07:27 debug: [object Object]
2022-07-25 19:07:27 debug: [object Object]
2022-07-25 19:07:27 info: [0mGET /api/products [36m304[0m 21.218 ms - -[0m
2022-07-25 19:07:27 info: [0mGET /api/categories [36m304[0m 24.807 ms - -[0m
2022-07-25 19:07:27 info: [0mGET /api/user/shopping-lists [36m304[0m 27.470 ms - -[0m
2022-07-25 19:07:28 debug: [object Object]
2022-07-25 19:07:28 debug: [object Object]
2022-07-25 19:07:28 info: [0mGET /api/shipping-methods [36m304[0m 5.364 ms - -[0m
2022-07-25 19:07:28 info: [0mGET /api/user/locations [36m304[0m 6.244 ms - -[0m
2022-07-25 19:07:28 debug: [object Object]
2022-07-25 19:07:28 info: [0mGET /api/user/locations/auto-suggestions [36m304[0m 7.368 ms - -[0m
2022-07-25 19:08:10 info: [0mGET /api/users/types [36m304[0m 2.362 ms - -[0m
2022-07-25 19:08:10 debug: [object Object]
2022-07-25 19:08:10 info: [0mGET /api/auth/refresh-session [32m200[0m 4.752 ms - 705[0m
2022-07-25 19:08:10 debug: [object Object]
2022-07-25 19:08:10 info: [0mGET /api/tags [36m304[0m 24.019 ms - -[0m
2022-07-25 19:08:10 debug: [object Object]
2022-07-25 19:08:10 debug: [object Object]
2022-07-25 19:08:10 debug: [object Object]
2022-07-25 19:08:10 info: [0mGET /api/products [36m304[0m 15.827 ms - -[0m
2022-07-25 19:08:10 info: [0mGET /api/categories [36m304[0m 17.758 ms - -[0m
2022-07-25 19:08:10 info: [0mGET /api/user/shopping-lists [36m304[0m 19.420 ms - -[0m
2022-07-25 19:08:11 debug: [object Object]
2022-07-25 19:08:11 debug: [object Object]
2022-07-25 19:08:11 info: [0mGET /api/shipping-methods [36m304[0m 6.802 ms - -[0m
2022-07-25 19:08:11 info: [0mGET /api/user/locations [36m304[0m 8.426 ms - -[0m
2022-07-25 19:08:11 debug: [object Object]
2022-07-25 19:08:11 info: [0mGET /api/user/locations/auto-suggestions [36m304[0m 7.461 ms - -[0m
2022-07-25 19:08:23 info: [0mGET /api/users/types [36m304[0m 4.135 ms - -[0m
2022-07-25 19:08:23 debug: [object Object]
2022-07-25 19:08:23 info: [0mGET /api/auth/refresh-session [32m200[0m 4.891 ms - 705[0m
2022-07-25 19:08:23 debug: [object Object]
2022-07-25 19:08:23 info: [0mGET /api/tags [36m304[0m 12.773 ms - -[0m
2022-07-25 19:08:23 debug: [object Object]
2022-07-25 19:08:23 debug: [object Object]
2022-07-25 19:08:23 debug: [object Object]
2022-07-25 19:08:23 info: [0mGET /api/products [36m304[0m 13.373 ms - -[0m
2022-07-25 19:08:23 info: [0mGET /api/categories [36m304[0m 13.471 ms - -[0m
2022-07-25 19:08:23 info: [0mGET /api/user/shopping-lists [36m304[0m 14.415 ms - -[0m
2022-07-25 19:08:23 debug: [object Object]
2022-07-25 19:08:23 debug: [object Object]
2022-07-25 19:08:23 debug: [object Object]
2022-07-25 19:08:23 info: [0mGET /api/user/locations [36m304[0m 7.045 ms - -[0m
2022-07-25 19:08:23 info: [0mGET /api/shipping-methods [36m304[0m 7.214 ms - -[0m
2022-07-25 19:08:23 info: [0mGET /api/user/locations/auto-suggestions [36m304[0m 10.763 ms - -[0m
2022-07-25 19:08:46 info: [0mGET /api/users/types [36m304[0m 1.818 ms - -[0m
2022-07-25 19:08:46 debug: [object Object]
2022-07-25 19:08:46 info: [0mGET /api/auth/refresh-session [32m200[0m 4.082 ms - 705[0m
2022-07-25 19:08:46 debug: [object Object]
2022-07-25 19:08:46 info: [0mGET /api/tags [36m304[0m 14.766 ms - -[0m
2022-07-25 19:08:46 debug: [object Object]
2022-07-25 19:08:46 debug: [object Object]
2022-07-25 19:08:46 debug: [object Object]
2022-07-25 19:08:46 info: [0mGET /api/products [36m304[0m 9.456 ms - -[0m
2022-07-25 19:08:46 info: [0mGET /api/categories [36m304[0m 11.604 ms - -[0m
2022-07-25 19:08:46 info: [0mGET /api/user/shopping-lists [36m304[0m 12.568 ms - -[0m
2022-07-25 19:08:46 debug: [object Object]
2022-07-25 19:08:46 debug: [object Object]
2022-07-25 19:08:46 info: [0mGET /api/shipping-methods [36m304[0m 3.988 ms - -[0m
2022-07-25 19:08:46 info: [0mGET /api/user/locations [36m304[0m 5.348 ms - -[0m
2022-07-25 19:08:46 debug: [object Object]
2022-07-25 19:08:46 info: [0mGET /api/user/locations/auto-suggestions [36m304[0m 3.766 ms - -[0m
2022-07-25 19:08:50 info: [0mGET /api/users/types [36m304[0m 1.237 ms - -[0m
2022-07-25 19:08:50 debug: [object Object]
2022-07-25 19:08:50 info: [0mGET /api/auth/refresh-session [32m200[0m 3.753 ms - 705[0m
2022-07-25 19:08:50 debug: [object Object]
2022-07-25 19:08:50 debug: [object Object]
2022-07-25 19:08:50 debug: [object Object]
2022-07-25 19:08:50 debug: [object Object]
2022-07-25 19:08:50 info: [0mGET /api/tags [36m304[0m 37.022 ms - -[0m
2022-07-25 19:08:50 info: [0mGET /api/products [36m304[0m 43.955 ms - -[0m
2022-07-25 19:08:50 info: [0mGET /api/categories [36m304[0m 45.776 ms - -[0m
2022-07-25 19:08:50 info: [0mGET /api/user/shopping-lists [36m304[0m 45.093 ms - -[0m
2022-07-25 19:08:50 debug: [object Object]
2022-07-25 19:08:50 info: [0mGET /api/shipping-methods [36m304[0m 2.682 ms - -[0m
2022-07-25 19:08:50 debug: [object Object]
2022-07-25 19:08:50 info: [0mGET /api/user/locations [36m304[0m 4.386 ms - -[0m
2022-07-25 19:08:50 debug: [object Object]
2022-07-25 19:08:50 info: [0mGET /api/user/locations/auto-suggestions [36m304[0m 8.999 ms - -[0m
2022-07-25 19:09:07 info: [0mGET /api/users/types [36m304[0m 2.284 ms - -[0m
2022-07-25 19:09:07 debug: [object Object]
2022-07-25 19:09:07 info: [0mGET /api/auth/refresh-session [32m200[0m 6.460 ms - 705[0m
2022-07-25 19:09:07 debug: [object Object]
2022-07-25 19:09:07 info: [0mGET /api/tags [36m304[0m 12.867 ms - -[0m
2022-07-25 19:09:07 debug: [object Object]
2022-07-25 19:09:07 debug: [object Object]
2022-07-25 19:09:07 debug: [object Object]
2022-07-25 19:09:07 info: [0mGET /api/products [36m304[0m 12.501 ms - -[0m
2022-07-25 19:09:07 info: [0mGET /api/categories [36m304[0m 13.393 ms - -[0m
2022-07-25 19:09:07 info: [0mGET /api/user/shopping-lists [36m304[0m 14.618 ms - -[0m
2022-07-25 19:09:07 debug: [object Object]
2022-07-25 19:09:07 debug: [object Object]
2022-07-25 19:09:07 debug: [object Object]
2022-07-25 19:09:07 info: [0mGET /api/shipping-methods [36m304[0m 8.385 ms - -[0m
2022-07-25 19:09:07 info: [0mGET /api/user/locations [36m304[0m 10.176 ms - -[0m
2022-07-25 19:09:07 info: [0mGET /api/user/locations/auto-suggestions [36m304[0m 13.932 ms - -[0m
2022-07-25 19:11:09 info: [0mGET /api/users/types [36m304[0m 2.958 ms - -[0m
2022-07-25 19:11:09 debug: [object Object]
2022-07-25 19:11:09 info: [0mGET /api/auth/refresh-session [32m200[0m 7.453 ms - 705[0m
2022-07-25 19:11:09 debug: [object Object]
2022-07-25 19:11:09 info: [0mGET /api/tags [36m304[0m 13.727 ms - -[0m
2022-07-25 19:11:09 debug: [object Object]
2022-07-25 19:11:09 debug: [object Object]
2022-07-25 19:11:09 debug: [object Object]
2022-07-25 19:11:09 info: [0mGET /api/products [36m304[0m 18.899 ms - -[0m
2022-07-25 19:11:09 info: [0mGET /api/categories [36m304[0m 19.825 ms - -[0m
2022-07-25 19:11:09 info: [0mGET /api/user/shopping-lists [36m304[0m 24.065 ms - -[0m
2022-07-25 19:11:10 debug: [object Object]
2022-07-25 19:11:10 debug: [object Object]
2022-07-25 19:11:10 debug: [object Object]
2022-07-25 19:11:10 info: [0mGET /api/shipping-methods [36m304[0m 7.057 ms - -[0m
2022-07-25 19:11:10 info: [0mGET /api/user/locations [36m304[0m 7.902 ms - -[0m
2022-07-25 19:11:10 info: [0mGET /api/user/locations/auto-suggestions [36m304[0m 9.778 ms - -[0m
2022-07-25 19:11:12 debug: [object Object]
2022-07-25 19:11:13 info: [0mDELETE /api/user/locations/f56b21d4-d28f-4d8c-b5b9-0128e365cc5e [32m200[0m 75.690 ms - 834[0m
2022-07-25 19:11:22 info: [0mGET /api/users/types [36m304[0m 1.808 ms - -[0m
2022-07-25 19:11:22 debug: [object Object]
2022-07-25 19:11:22 info: [0mGET /api/auth/refresh-session [32m200[0m 4.207 ms - 705[0m
2022-07-25 19:11:22 debug: [object Object]
2022-07-25 19:11:22 info: [0mGET /api/tags [36m304[0m 15.201 ms - -[0m
2022-07-25 19:11:22 debug: [object Object]
2022-07-25 19:11:22 debug: [object Object]
2022-07-25 19:11:22 debug: [object Object]
2022-07-25 19:11:22 info: [0mGET /api/products [36m304[0m 13.717 ms - -[0m
2022-07-25 19:11:22 info: [0mGET /api/categories [36m304[0m 14.501 ms - -[0m
2022-07-25 19:11:22 info: [0mGET /api/user/shopping-lists [36m304[0m 15.481 ms - -[0m
2022-07-25 19:11:22 debug: [object Object]
2022-07-25 19:11:22 debug: [object Object]
2022-07-25 19:11:22 debug: [object Object]
2022-07-25 19:11:22 info: [0mGET /api/shipping-methods [36m304[0m 7.093 ms - -[0m
2022-07-25 19:11:22 info: [0mGET /api/user/locations [32m200[0m 8.045 ms - -[0m
2022-07-25 19:11:22 info: [0mGET /api/user/locations/auto-suggestions [36m304[0m 13.823 ms - -[0m
2022-07-25 19:11:34 info: [0mGET /api/users/types [36m304[0m 2.416 ms - -[0m
2022-07-25 19:11:34 debug: [object Object]
2022-07-25 19:11:34 info: [0mGET /api/auth/refresh-session [32m200[0m 4.498 ms - 705[0m
2022-07-25 19:11:34 debug: [object Object]
2022-07-25 19:11:34 info: [0mGET /api/tags [36m304[0m 11.494 ms - -[0m
2022-07-25 19:11:34 debug: [object Object]
2022-07-25 19:11:34 debug: [object Object]
2022-07-25 19:11:34 debug: [object Object]
2022-07-25 19:11:34 info: [0mGET /api/products [36m304[0m 11.510 ms - -[0m
2022-07-25 19:11:34 info: [0mGET /api/categories [36m304[0m 13.320 ms - -[0m
2022-07-25 19:11:34 info: [0mGET /api/user/shopping-lists [36m304[0m 15.964 ms - -[0m
2022-07-25 19:11:35 debug: [object Object]
2022-07-25 19:11:35 debug: [object Object]
2022-07-25 19:11:35 info: [0mGET /api/shipping-methods [36m304[0m 3.919 ms - -[0m
2022-07-25 19:11:35 info: [0mGET /api/user/locations [36m304[0m 4.643 ms - -[0m
2022-07-25 19:11:35 debug: [object Object]
2022-07-25 19:11:35 info: [0mGET /api/user/locations/auto-suggestions [36m304[0m 4.663 ms - -[0m
2022-07-25 19:11:52 info: [0mGET /api/users/types [36m304[0m 1.735 ms - -[0m
2022-07-25 19:11:52 debug: [object Object]
2022-07-25 19:11:52 info: [0mGET /api/auth/refresh-session [32m200[0m 3.977 ms - 705[0m
2022-07-25 19:11:52 debug: [object Object]
2022-07-25 19:11:52 info: [0mGET /api/tags [36m304[0m 10.533 ms - -[0m
2022-07-25 19:11:52 debug: [object Object]
2022-07-25 19:11:52 debug: [object Object]
2022-07-25 19:11:52 debug: [object Object]
2022-07-25 19:11:52 info: [0mGET /api/products [36m304[0m 12.958 ms - -[0m
2022-07-25 19:11:52 info: [0mGET /api/categories [36m304[0m 15.199 ms - -[0m
2022-07-25 19:11:52 info: [0mGET /api/user/shopping-lists [36m304[0m 15.412 ms - -[0m
2022-07-25 19:11:52 debug: [object Object]
2022-07-25 19:11:52 debug: [object Object]
2022-07-25 19:11:52 info: [0mGET /api/shipping-methods [36m304[0m 5.067 ms - -[0m
2022-07-25 19:11:52 info: [0mGET /api/user/locations [36m304[0m 6.800 ms - -[0m
2022-07-25 19:11:52 debug: [object Object]
2022-07-25 19:11:52 info: [0mGET /api/user/locations/auto-suggestions [36m304[0m 4.866 ms - -[0m
2022-07-25 19:14:27 info: [0mGET /api/users/types [36m304[0m 1.937 ms - -[0m
2022-07-25 19:14:27 debug: [object Object]
2022-07-25 19:14:27 info: [0mGET /api/auth/refresh-session [32m200[0m 4.969 ms - 705[0m
2022-07-25 19:14:28 debug: [object Object]
2022-07-25 19:14:28 info: [0mGET /api/tags [36m304[0m 9.575 ms - -[0m
2022-07-25 19:14:28 debug: [object Object]
2022-07-25 19:14:28 debug: [object Object]
2022-07-25 19:14:28 debug: [object Object]
2022-07-25 19:14:28 info: [0mGET /api/products [36m304[0m 14.748 ms - -[0m
2022-07-25 19:14:28 info: [0mGET /api/categories [36m304[0m 17.652 ms - -[0m
2022-07-25 19:14:28 info: [0mGET /api/user/shopping-lists [36m304[0m 19.577 ms - -[0m
2022-07-25 19:14:28 debug: [object Object]
2022-07-25 19:14:28 debug: [object Object]
2022-07-25 19:14:28 debug: [object Object]
2022-07-25 19:14:28 info: [0mGET /api/shipping-methods [36m304[0m 11.811 ms - -[0m
2022-07-25 19:14:28 info: [0mGET /api/user/locations [36m304[0m 10.923 ms - -[0m
2022-07-25 19:14:28 info: [0mGET /api/user/locations/auto-suggestions [36m304[0m 10.900 ms - -[0m
2022-07-25 19:19:38 info: [0mGET /api/users/types [36m304[0m 1.914 ms - -[0m
2022-07-25 19:19:38 debug: [object Object]
2022-07-25 19:19:38 info: [0mGET /api/auth/refresh-session [32m200[0m 4.532 ms - 705[0m
2022-07-25 19:19:38 debug: [object Object]
2022-07-25 19:19:38 info: [0mGET /api/tags [36m304[0m 12.318 ms - -[0m
2022-07-25 19:19:38 debug: [object Object]
2022-07-25 19:19:38 debug: [object Object]
2022-07-25 19:19:38 debug: [object Object]
2022-07-25 19:19:38 debug: [object Object]
2022-07-25 19:19:38 debug: [object Object]
2022-07-25 19:19:38 debug: [object Object]
2022-07-25 19:19:38 info: [0mGET /api/products [36m304[0m 19.405 ms - -[0m
2022-07-25 19:19:38 info: [0mGET /api/categories [36m304[0m 20.206 ms - -[0m
2022-07-25 19:19:38 info: [0mGET /api/user/shopping-lists [36m304[0m 26.922 ms - -[0m
2022-07-25 19:19:38 info: [0mGET /api/shipping-methods [36m304[0m 28.775 ms - -[0m
2022-07-25 19:19:38 info: [0mGET /api/user/locations [36m304[0m 30.697 ms - -[0m
2022-07-25 19:19:38 info: [0mGET /api/user/locations/auto-suggestions [36m304[0m 35.589 ms - -[0m
2022-07-25 19:20:10 info: [0mGET /api/users/types [36m304[0m 2.379 ms - -[0m
2022-07-25 19:20:10 debug: [object Object]
2022-07-25 19:20:10 info: [0mGET /api/auth/refresh-session [32m200[0m 6.710 ms - 705[0m
2022-07-25 19:20:10 debug: [object Object]
2022-07-25 19:20:10 info: [0mGET /api/tags [36m304[0m 9.993 ms - -[0m
2022-07-25 19:20:10 debug: [object Object]
2022-07-25 19:20:10 debug: [object Object]
2022-07-25 19:20:10 debug: [object Object]
2022-07-25 19:20:10 info: [0mGET /api/products [36m304[0m 12.921 ms - -[0m
2022-07-25 19:20:10 info: [0mGET /api/categories [36m304[0m 13.087 ms - -[0m
2022-07-25 19:20:10 info: [0mGET /api/user/shopping-lists [36m304[0m 14.304 ms - -[0m
2022-07-25 19:20:11 debug: [object Object]
2022-07-25 19:20:11 debug: [object Object]
2022-07-25 19:20:11 debug: [object Object]
2022-07-25 19:20:11 info: [0mGET /api/shipping-methods [36m304[0m 5.301 ms - -[0m
2022-07-25 19:20:11 info: [0mGET /api/user/locations [36m304[0m 5.997 ms - -[0m
2022-07-25 19:20:11 info: [0mGET /api/user/locations/auto-suggestions [36m304[0m 10.829 ms - -[0m
2022-07-25 19:20:22 info: [0mGET /api/users/types [36m304[0m 2.353 ms - -[0m
2022-07-25 19:20:22 debug: [object Object]
2022-07-25 19:20:22 info: [0mGET /api/auth/refresh-session [32m200[0m 3.890 ms - 705[0m
2022-07-25 19:20:22 debug: [object Object]
2022-07-25 19:20:22 info: [0mGET /api/tags [36m304[0m 9.054 ms - -[0m
2022-07-25 19:20:22 debug: [object Object]
2022-07-25 19:20:22 debug: [object Object]
2022-07-25 19:20:22 debug: [object Object]
2022-07-25 19:20:22 info: [0mGET /api/products [36m304[0m 10.216 ms - -[0m
2022-07-25 19:20:22 info: [0mGET /api/categories [36m304[0m 11.419 ms - -[0m
2022-07-25 19:20:22 info: [0mGET /api/user/shopping-lists [36m304[0m 13.609 ms - -[0m
2022-07-25 19:20:22 debug: [object Object]
2022-07-25 19:20:22 debug: [object Object]
2022-07-25 19:20:22 info: [0mGET /api/shipping-methods [36m304[0m 4.210 ms - -[0m
2022-07-25 19:20:22 info: [0mGET /api/user/locations [36m304[0m 4.928 ms - -[0m
2022-07-25 19:20:22 debug: [object Object]
2022-07-25 19:20:22 info: [0mGET /api/user/locations/auto-suggestions [36m304[0m 4.518 ms - -[0m
2022-07-25 19:20:34 info: [0mGET /api/users/types [36m304[0m 1.784 ms - -[0m
2022-07-25 19:20:34 debug: [object Object]
2022-07-25 19:20:34 info: [0mGET /api/auth/refresh-session [32m200[0m 5.432 ms - 705[0m
2022-07-25 19:20:34 debug: [object Object]
2022-07-25 19:20:34 info: [0mGET /api/tags [36m304[0m 8.920 ms - -[0m
2022-07-25 19:20:34 debug: [object Object]
2022-07-25 19:20:34 debug: [object Object]
2022-07-25 19:20:34 debug: [object Object]
2022-07-25 19:20:34 info: [0mGET /api/products [36m304[0m 9.108 ms - -[0m
2022-07-25 19:20:34 info: [0mGET /api/categories [36m304[0m 9.548 ms - -[0m
2022-07-25 19:20:34 info: [0mGET /api/user/shopping-lists [36m304[0m 9.514 ms - -[0m
2022-07-25 19:20:34 debug: [object Object]
2022-07-25 19:20:34 debug: [object Object]
2022-07-25 19:20:34 debug: [object Object]
2022-07-25 19:20:34 info: [0mGET /api/shipping-methods [36m304[0m 4.707 ms - -[0m
2022-07-25 19:20:34 info: [0mGET /api/user/locations [36m304[0m 5.348 ms - -[0m
2022-07-25 19:20:34 info: [0mGET /api/user/locations/auto-suggestions [36m304[0m 8.573 ms - -[0m
2022-07-25 19:20:50 info: [0mGET /api/users/types [36m304[0m 1.634 ms - -[0m
2022-07-25 19:20:50 debug: [object Object]
2022-07-25 19:20:50 info: [0mGET /api/auth/refresh-session [32m200[0m 5.240 ms - 705[0m
2022-07-25 19:20:50 debug: [object Object]
2022-07-25 19:20:50 info: [0mGET /api/tags [36m304[0m 12.761 ms - -[0m
2022-07-25 19:20:50 debug: [object Object]
2022-07-25 19:20:50 debug: [object Object]
2022-07-25 19:20:50 debug: [object Object]
2022-07-25 19:20:50 info: [0mGET /api/products [36m304[0m 12.320 ms - -[0m
2022-07-25 19:20:50 info: [0mGET /api/categories [36m304[0m 12.220 ms - -[0m
2022-07-25 19:20:50 info: [0mGET /api/user/shopping-lists [36m304[0m 13.829 ms - -[0m
2022-07-25 19:20:51 debug: [object Object]
2022-07-25 19:20:51 debug: [object Object]
2022-07-25 19:20:51 debug: [object Object]
2022-07-25 19:20:51 info: [0mGET /api/shipping-methods [36m304[0m 4.910 ms - -[0m
2022-07-25 19:20:51 info: [0mGET /api/user/locations [36m304[0m 6.416 ms - -[0m
2022-07-25 19:20:51 info: [0mGET /api/user/locations/auto-suggestions [36m304[0m 12.056 ms - -[0m
2022-07-25 19:22:24 info: [0mGET /api/users/types [36m304[0m 1.937 ms - -[0m
2022-07-25 19:22:24 debug: [object Object]
2022-07-25 19:22:24 info: [0mGET /api/auth/refresh-session [32m200[0m 4.300 ms - 705[0m
2022-07-25 19:22:24 debug: [object Object]
2022-07-25 19:22:24 info: [0mGET /api/tags [36m304[0m 12.546 ms - -[0m
2022-07-25 19:22:24 debug: [object Object]
2022-07-25 19:22:24 debug: [object Object]
2022-07-25 19:22:24 debug: [object Object]
2022-07-25 19:22:24 info: [0mGET /api/products [36m304[0m 11.134 ms - -[0m
2022-07-25 19:22:24 info: [0mGET /api/categories [36m304[0m 12.013 ms - -[0m
2022-07-25 19:22:24 info: [0mGET /api/user/shopping-lists [36m304[0m 12.407 ms - -[0m
2022-07-25 19:22:25 debug: [object Object]
2022-07-25 19:22:25 debug: [object Object]
2022-07-25 19:22:25 debug: [object Object]
2022-07-25 19:22:25 info: [0mGET /api/shipping-methods [36m304[0m 13.675 ms - -[0m
2022-07-25 19:22:25 info: [0mGET /api/user/locations [36m304[0m 14.844 ms - -[0m
2022-07-25 19:22:25 info: [0mGET /api/user/locations/auto-suggestions [36m304[0m 20.268 ms - -[0m
2022-07-25 19:22:55 info: [0mGET /api/users/types [36m304[0m 1.835 ms - -[0m
2022-07-25 19:22:55 debug: [object Object]
2022-07-25 19:22:55 info: [0mGET /api/auth/refresh-session [32m200[0m 4.244 ms - 705[0m
2022-07-25 19:22:55 debug: [object Object]
2022-07-25 19:22:55 info: [0mGET /api/tags [36m304[0m 10.883 ms - -[0m
2022-07-25 19:22:55 debug: [object Object]
2022-07-25 19:22:55 debug: [object Object]
2022-07-25 19:22:55 debug: [object Object]
2022-07-25 19:22:55 info: [0mGET /api/products [36m304[0m 9.984 ms - -[0m
2022-07-25 19:22:55 info: [0mGET /api/categories [36m304[0m 11.737 ms - -[0m
2022-07-25 19:22:55 info: [0mGET /api/user/shopping-lists [36m304[0m 13.726 ms - -[0m
2022-07-25 19:22:56 debug: [object Object]
2022-07-25 19:22:56 debug: [object Object]
2022-07-25 19:22:56 info: [0mGET /api/shipping-methods [36m304[0m 3.757 ms - -[0m
2022-07-25 19:22:56 info: [0mGET /api/user/locations [36m304[0m 4.305 ms - -[0m
2022-07-25 19:22:56 debug: [object Object]
2022-07-25 19:22:56 info: [0mGET /api/user/locations/auto-suggestions [36m304[0m 5.192 ms - -[0m
2022-07-25 19:23:31 info: [0mGET /api/users/types [36m304[0m 1.811 ms - -[0m
2022-07-25 19:23:31 debug: [object Object]
2022-07-25 19:23:31 info: [0mGET /api/auth/refresh-session [32m200[0m 5.590 ms - 705[0m
2022-07-25 19:23:31 debug: [object Object]
2022-07-25 19:23:31 info: [0mGET /api/tags [36m304[0m 9.416 ms - -[0m
2022-07-25 19:23:31 debug: [object Object]
2022-07-25 19:23:31 debug: [object Object]
2022-07-25 19:23:31 debug: [object Object]
2022-07-25 19:23:31 info: [0mGET /api/categories [36m304[0m 7.671 ms - -[0m
2022-07-25 19:23:31 info: [0mGET /api/products [36m304[0m 13.290 ms - -[0m
2022-07-25 19:23:31 info: [0mGET /api/user/shopping-lists [36m304[0m 13.701 ms - -[0m
2022-07-25 19:23:32 debug: [object Object]
2022-07-25 19:23:32 debug: [object Object]
2022-07-25 19:23:32 debug: [object Object]
2022-07-25 19:23:32 info: [0mGET /api/shipping-methods [36m304[0m 8.362 ms - -[0m
2022-07-25 19:23:32 info: [0mGET /api/user/locations [36m304[0m 10.427 ms - -[0m
2022-07-25 19:23:32 info: [0mGET /api/user/locations/auto-suggestions [36m304[0m 16.121 ms - -[0m
2022-07-25 19:23:39 info: [0mGET /api/users/types [36m304[0m 2.433 ms - -[0m
2022-07-25 19:23:39 debug: [object Object]
2022-07-25 19:23:39 info: [0mGET /api/auth/refresh-session [32m200[0m 4.216 ms - 705[0m
2022-07-25 19:23:39 debug: [object Object]
2022-07-25 19:23:39 info: [0mGET /api/tags [36m304[0m 9.040 ms - -[0m
2022-07-25 19:23:39 debug: [object Object]
2022-07-25 19:23:39 debug: [object Object]
2022-07-25 19:23:39 debug: [object Object]
2022-07-25 19:23:39 info: [0mGET /api/products [36m304[0m 13.512 ms - -[0m
2022-07-25 19:23:39 info: [0mGET /api/categories [36m304[0m 12.300 ms - -[0m
2022-07-25 19:23:39 info: [0mGET /api/user/shopping-lists [36m304[0m 13.701 ms - -[0m
2022-07-25 19:23:39 debug: [object Object]
2022-07-25 19:23:39 info: [0mGET /api/shipping-methods [36m304[0m 2.338 ms - -[0m
2022-07-25 19:23:39 debug: [object Object]
2022-07-25 19:23:39 info: [0mGET /api/user/locations [36m304[0m 5.353 ms - -[0m
2022-07-25 19:23:39 debug: [object Object]
2022-07-25 19:23:39 info: [0mGET /api/user/locations/auto-suggestions [36m304[0m 8.636 ms - -[0m
2022-07-25 19:23:58 info: [0mGET /api/users/types [36m304[0m 5.202 ms - -[0m
2022-07-25 19:23:58 debug: [object Object]
2022-07-25 19:23:58 info: [0mGET /api/auth/refresh-session [32m200[0m 6.784 ms - 705[0m
2022-07-25 19:23:58 debug: [object Object]
2022-07-25 19:23:58 info: [0mGET /api/tags [36m304[0m 11.678 ms - -[0m
2022-07-25 19:23:58 debug: [object Object]
2022-07-25 19:23:58 debug: [object Object]
2022-07-25 19:23:58 debug: [object Object]
2022-07-25 19:23:58 info: [0mGET /api/products [36m304[0m 10.432 ms - -[0m
2022-07-25 19:23:58 info: [0mGET /api/categories [36m304[0m 10.494 ms - -[0m
2022-07-25 19:23:58 info: [0mGET /api/user/shopping-lists [36m304[0m 11.105 ms - -[0m
2022-07-25 19:23:58 debug: [object Object]
2022-07-25 19:23:58 debug: [object Object]
2022-07-25 19:23:58 debug: [object Object]
2022-07-25 19:23:58 info: [0mGET /api/shipping-methods [36m304[0m 8.900 ms - -[0m
2022-07-25 19:23:58 info: [0mGET /api/user/locations [36m304[0m 9.071 ms - -[0m
2022-07-25 19:23:58 info: [0mGET /api/user/locations/auto-suggestions [36m304[0m 10.874 ms - -[0m
2022-07-25 19:24:15 info: [0mGET /api/users/types [36m304[0m 2.517 ms - -[0m
2022-07-25 19:24:15 debug: [object Object]
2022-07-25 19:24:15 info: [0mGET /api/auth/refresh-session [32m200[0m 4.985 ms - 705[0m
2022-07-25 19:24:15 debug: [object Object]
2022-07-25 19:24:15 info: [0mGET /api/tags [36m304[0m 9.856 ms - -[0m
2022-07-25 19:24:16 debug: [object Object]
2022-07-25 19:24:16 debug: [object Object]
2022-07-25 19:24:16 debug: [object Object]
2022-07-25 19:24:16 debug: [object Object]
2022-07-25 19:24:16 debug: [object Object]
2022-07-25 19:24:16 debug: [object Object]
2022-07-25 19:24:16 info: [0mGET /api/categories [36m304[0m 11.394 ms - -[0m
2022-07-25 19:24:16 info: [0mGET /api/products [36m304[0m 17.389 ms - -[0m
2022-07-25 19:24:16 info: [0mGET /api/user/shopping-lists [36m304[0m 19.232 ms - -[0m
2022-07-25 19:24:16 info: [0mGET /api/shipping-methods [36m304[0m 19.723 ms - -[0m
2022-07-25 19:24:16 info: [0mGET /api/user/locations [36m304[0m 20.851 ms - -[0m
2022-07-25 19:24:16 info: [0mGET /api/user/locations/auto-suggestions [36m304[0m 24.683 ms - -[0m
2022-07-25 19:25:05 info: [0mGET /api/users/types [36m304[0m 2.280 ms - -[0m
2022-07-25 19:25:05 debug: [object Object]
2022-07-25 19:25:05 info: [0mGET /api/auth/refresh-session [32m200[0m 4.090 ms - 705[0m
2022-07-25 19:25:05 debug: [object Object]
2022-07-25 19:25:05 info: [0mGET /api/tags [36m304[0m 24.013 ms - -[0m
2022-07-25 19:25:06 debug: [object Object]
2022-07-25 19:25:06 debug: [object Object]
2022-07-25 19:25:06 debug: [object Object]
2022-07-25 19:25:06 debug: [object Object]
2022-07-25 19:25:06 debug: [object Object]
2022-07-25 19:25:06 debug: [object Object]
2022-07-25 19:25:06 info: [0mGET /api/products [36m304[0m 18.253 ms - -[0m
2022-07-25 19:25:06 info: [0mGET /api/user/locations [36m304[0m 19.377 ms - -[0m
2022-07-25 19:25:06 info: [0mGET /api/categories [36m304[0m 25.710 ms - -[0m
2022-07-25 19:25:06 info: [0mGET /api/user/shopping-lists [36m304[0m 28.750 ms - -[0m
2022-07-25 19:25:06 info: [0mGET /api/shipping-methods [36m304[0m 29.771 ms - -[0m
2022-07-25 19:25:06 info: [0mGET /api/user/locations/auto-suggestions [36m304[0m 37.108 ms - -[0m
2022-07-25 19:26:31 info: [0mGET /api/users/types [36m304[0m 2.616 ms - -[0m
2022-07-25 19:26:31 debug: [object Object]
2022-07-25 19:26:31 info: [0mGET /api/auth/refresh-session [32m200[0m 9.419 ms - 705[0m
2022-07-25 19:26:31 debug: [object Object]
2022-07-25 19:26:31 info: [0mGET /api/tags [36m304[0m 24.634 ms - -[0m
2022-07-25 19:26:31 debug: [object Object]
2022-07-25 19:26:31 debug: [object Object]
2022-07-25 19:26:31 debug: [object Object]
2022-07-25 19:26:31 info: [0mGET /api/products [36m304[0m 18.115 ms - -[0m
2022-07-25 19:26:31 info: [0mGET /api/categories [36m304[0m 17.709 ms - -[0m
2022-07-25 19:26:31 info: [0mGET /api/user/shopping-lists [36m304[0m 19.278 ms - -[0m
2022-07-25 19:26:32 debug: [object Object]
2022-07-25 19:26:32 info: [0mGET /api/shipping-methods [36m304[0m 3.703 ms - -[0m
2022-07-25 19:26:32 debug: [object Object]
2022-07-25 19:26:32 debug: [object Object]
2022-07-25 19:26:32 info: [0mGET /api/user/locations [36m304[0m 7.104 ms - -[0m
2022-07-25 19:26:32 info: [0mGET /api/user/locations/auto-suggestions [36m304[0m 10.340 ms - -[0m
